<?xml version="1.0" encoding="utf-8" standalone="no"?>
<test-results xmlns:xsi="http://www.w3.org/2001/XMLSchema-instance" xsi:noNamespaceSchemaLocation="nunit_schema_2.5.xsd" name="Pester" total="885" errors="0" failures="0" not-run="4" inconclusive="0" ignored="0" skipped="5" invalid="0" date="2025-11-17" time="18:17:45">
  <environment clr-version="4.0.30319.42000" user-domain="BATTLESTATION" cwd="C:\Celerium\Projects\_API\Celerium.DattoRMM" platform="Microsoft Windows 11 Pro|C:\WINDOWS|\Device\Harddisk0\Partition3" machine-name="BATTLESTATION" nunit-version="2.5.8.0" os-version="10.0.26200" user="David" />
  <culture-info current-culture="en-US" current-uiculture="en-US" />
  <test-suite type="TestFixture" name="Pester" executed="True" result="Ignored" success="True" time="47.8771" asserts="0" description="Pester">
    <results>
      <test-suite type="TestFixture" name="C:\Celerium\Projects\_API\Celerium.DattoRMM\tests\Celerium.DattoRMM.Tests.ps1" executed="True" result="Success" success="True" time="5.5531" asserts="0" description="C:\Celerium\Projects\_API\Celerium.DattoRMM\tests\Celerium.DattoRMM.Tests.ps1">
        <results>
          <test-suite type="TestFixture" name="Testing the [ Built ] version of [ Celerium.DattoRMM ] with [ Celerium.DattoRMM.Tests.ps1 ]" executed="True" result="Success" success="True" time="2.3427" asserts="0" description="Testing the [ Built ] version of [ Celerium.DattoRMM ] with [ Celerium.DattoRMM.Tests.ps1 ]">
            <results>
              <test-suite type="TestFixture" name="Testing the [ Built ] version of [ Celerium.DattoRMM ] with [ Celerium.DattoRMM.Tests.ps1 ].[ Celerium.DattoRMM.psd1 ] general manifest data" executed="True" result="Success" success="True" time="2.0338" asserts="0" description="Testing the [ Built ] version of [ Celerium.DattoRMM ] with [ Celerium.DattoRMM.Tests.ps1 ].[ Celerium.DattoRMM.psd1 ] general manifest data">
                <results>
                  <test-case description="Manifest [ RootModule ] has valid data" name="Testing the [ Built ] version of [ Celerium.DattoRMM ] with [ Celerium.DattoRMM.Tests.ps1 ].[ Celerium.DattoRMM.psd1 ] general manifest data.Manifest [ RootModule ] has valid data" time="1.056" asserts="0" success="True" result="Success" executed="True" />
                  <test-case description="Manifest [ ModuleVersion ] has valid data" name="Testing the [ Built ] version of [ Celerium.DattoRMM ] with [ Celerium.DattoRMM.Tests.ps1 ].[ Celerium.DattoRMM.psd1 ] general manifest data.Manifest [ ModuleVersion ] has valid data" time="0.0754" asserts="0" success="True" result="Success" executed="True" />
                  <test-case description="Manifest [ GUID ] has valid data" name="Testing the [ Built ] version of [ Celerium.DattoRMM ] with [ Celerium.DattoRMM.Tests.ps1 ].[ Celerium.DattoRMM.psd1 ] general manifest data.Manifest [ GUID ] has valid data" time="0.0235" asserts="0" success="True" result="Success" executed="True" />
                  <test-case description="Manifest [ Author ] has valid data" name="Testing the [ Built ] version of [ Celerium.DattoRMM ] with [ Celerium.DattoRMM.Tests.ps1 ].[ Celerium.DattoRMM.psd1 ] general manifest data.Manifest [ Author ] has valid data" time="0.0118" asserts="0" success="True" result="Success" executed="True" />
                  <test-case description="Manifest [ CompanyName ] has valid data" name="Testing the [ Built ] version of [ Celerium.DattoRMM ] with [ Celerium.DattoRMM.Tests.ps1 ].[ Celerium.DattoRMM.psd1 ] general manifest data.Manifest [ CompanyName ] has valid data" time="0.0113" asserts="0" success="True" result="Success" executed="True" />
                  <test-case description="Manifest [ Copyright ] has valid data" name="Testing the [ Built ] version of [ Celerium.DattoRMM ] with [ Celerium.DattoRMM.Tests.ps1 ].[ Celerium.DattoRMM.psd1 ] general manifest data.Manifest [ Copyright ] has valid data" time="0.0117" asserts="0" success="True" result="Success" executed="True" />
                  <test-case description="Manifest [ Description ] is not empty" name="Testing the [ Built ] version of [ Celerium.DattoRMM ] with [ Celerium.DattoRMM.Tests.ps1 ].[ Celerium.DattoRMM.psd1 ] general manifest data.Manifest [ Description ] is not empty" time="0.07" asserts="0" success="True" result="Success" executed="True" />
                  <test-case description="Manifest [ PowerShellVersion ] has valid data" name="Testing the [ Built ] version of [ Celerium.DattoRMM ] with [ Celerium.DattoRMM.Tests.ps1 ].[ Celerium.DattoRMM.psd1 ] general manifest data.Manifest [ PowerShellVersion ] has valid data" time="0.0102" asserts="0" success="True" result="Success" executed="True" />
                  <test-case description="Manifest [ NestedModules ] has valid data" name="Testing the [ Built ] version of [ Celerium.DattoRMM ] with [ Celerium.DattoRMM.Tests.ps1 ].[ Celerium.DattoRMM.psd1 ] general manifest data.Manifest [ NestedModules ] has valid data" time="0.0218" asserts="0" success="True" result="Success" executed="True" />
                  <test-case description="Manifest [ FunctionsToExport ] has valid data" name="Testing the [ Built ] version of [ Celerium.DattoRMM ] with [ Celerium.DattoRMM.Tests.ps1 ].[ Celerium.DattoRMM.psd1 ] general manifest data.Manifest [ FunctionsToExport ] has valid data" time="0.0168" asserts="0" success="True" result="Success" executed="True" />
                  <test-case description="Manifest [ CmdletsToExport ] is empty" name="Testing the [ Built ] version of [ Celerium.DattoRMM ] with [ Celerium.DattoRMM.Tests.ps1 ].[ Celerium.DattoRMM.psd1 ] general manifest data.Manifest [ CmdletsToExport ] is empty" time="0.0125" asserts="0" success="True" result="Success" executed="True" />
                  <test-case description="Manifest [ VariablesToExport ] is empty" name="Testing the [ Built ] version of [ Celerium.DattoRMM ] with [ Celerium.DattoRMM.Tests.ps1 ].[ Celerium.DattoRMM.psd1 ] general manifest data.Manifest [ VariablesToExport ] is empty" time="0.0169" asserts="0" success="True" result="Success" executed="True" />
                  <test-case description="Manifest [ AliasesToExport ] has alias" name="Testing the [ Built ] version of [ Celerium.DattoRMM ] with [ Celerium.DattoRMM.Tests.ps1 ].[ Celerium.DattoRMM.psd1 ] general manifest data.Manifest [ AliasesToExport ] has alias" time="0.0234" asserts="0" success="True" result="Success" executed="True" />
                  <test-case description="Manifest [ Tags ] has valid data" name="Testing the [ Built ] version of [ Celerium.DattoRMM ] with [ Celerium.DattoRMM.Tests.ps1 ].[ Celerium.DattoRMM.psd1 ] general manifest data.Manifest [ Tags ] has valid data" time="0.0957" asserts="0" success="True" result="Success" executed="True" />
                  <test-case description="Manifest [ LicenseUri ] has valid data" name="Testing the [ Built ] version of [ Celerium.DattoRMM ] with [ Celerium.DattoRMM.Tests.ps1 ].[ Celerium.DattoRMM.psd1 ] general manifest data.Manifest [ LicenseUri ] has valid data" time="0.0195" asserts="0" success="True" result="Success" executed="True" />
                  <test-case description="Manifest [ ProjectUri ] has valid data" name="Testing the [ Built ] version of [ Celerium.DattoRMM ] with [ Celerium.DattoRMM.Tests.ps1 ].[ Celerium.DattoRMM.psd1 ] general manifest data.Manifest [ ProjectUri ] has valid data" time="0.011" asserts="0" success="True" result="Success" executed="True" />
                  <test-case description="Manifest [ IconUri ] has valid data" name="Testing the [ Built ] version of [ Celerium.DattoRMM ] with [ Celerium.DattoRMM.Tests.ps1 ].[ Celerium.DattoRMM.psd1 ] general manifest data.Manifest [ IconUri ] has valid data" time="0.0165" asserts="0" success="True" result="Success" executed="True" />
                  <test-case description="Manifest [ ReleaseNotes ] has valid data" name="Testing the [ Built ] version of [ Celerium.DattoRMM ] with [ Celerium.DattoRMM.Tests.ps1 ].[ Celerium.DattoRMM.psd1 ] general manifest data.Manifest [ ReleaseNotes ] has valid data" time="0.0121" asserts="0" success="True" result="Success" executed="True" />
                  <test-case description="Manifest [ HelpInfoUri ] is not empty" name="Testing the [ Built ] version of [ Celerium.DattoRMM ] with [ Celerium.DattoRMM.Tests.ps1 ].[ Celerium.DattoRMM.psd1 ] general manifest data.Manifest [ HelpInfoUri ] is not empty" time="0.0178" asserts="0" success="True" result="Success" executed="True" />
                </results>
              </test-suite>
              <test-suite type="TestFixture" name="Testing the [ Built ] version of [ Celerium.DattoRMM ] with [ Celerium.DattoRMM.Tests.ps1 ].[ Celerium.DattoRMM.psd1 ] module import test" executed="True" result="Success" success="True" time="2.2078" asserts="0" description="Testing the [ Built ] version of [ Celerium.DattoRMM ] with [ Celerium.DattoRMM.Tests.ps1 ].[ Celerium.DattoRMM.psd1 ] module import test">
                <results>
                  <test-case description="Module contains only PowerShell files" name="Testing the [ Built ] version of [ Celerium.DattoRMM ] with [ Celerium.DattoRMM.Tests.ps1 ].[ Celerium.DattoRMM.psd1 ] module import test.Module contains only PowerShell files" time="0.0535" asserts="0" success="True" result="Success" executed="True" />
                  <test-case description="Module files exist" name="Testing the [ Built ] version of [ Celerium.DattoRMM ] with [ Celerium.DattoRMM.Tests.ps1 ].[ Celerium.DattoRMM.psd1 ] module import test.Module files exist" time="0.0618" asserts="0" success="True" result="Success" executed="True" />
                  <test-case description="Should pass Test-ModuleManifest" name="Testing the [ Built ] version of [ Celerium.DattoRMM ] with [ Celerium.DattoRMM.Tests.ps1 ].[ Celerium.DattoRMM.psd1 ] module import test.Should pass Test-ModuleManifest" time="0.0293" asserts="0" success="True" result="Success" executed="True" />
                  <test-case description="Should import successfully" name="Testing the [ Built ] version of [ Celerium.DattoRMM ] with [ Celerium.DattoRMM.Tests.ps1 ].[ Celerium.DattoRMM.psd1 ] module import test.Should import successfully" time="0.0136" asserts="0" success="True" result="Success" executed="True" />
                </results>
              </test-suite>
            </results>
          </test-suite>
        </results>
      </test-suite>
      <test-suite type="TestFixture" name="C:\Celerium\Projects\_API\Celerium.DattoRMM\tests\HelpComment.Tests.ps1" executed="True" result="Ignored" success="True" time="20.9578" asserts="0" description="C:\Celerium\Projects\_API\Celerium.DattoRMM\tests\HelpComment.Tests.ps1">
        <results>
          <test-suite type="TestFixture" name="Testing the [ Built ] version of [ Celerium.DattoRMM ] with [ HelpComment.Tests.ps1 ]" executed="True" result="Ignored" success="True" time="14.3837" asserts="0" description="Testing the [ Built ] version of [ Celerium.DattoRMM ] with [ HelpComment.Tests.ps1 ]">
            <results>
              <test-suite type="TestFixture" name="Testing the [ Built ] version of [ Celerium.DattoRMM ] with [ HelpComment.Tests.ps1 ].[ Celerium.DattoRMM ] module help tests" executed="True" result="Success" success="True" time="0.7902" asserts="0" description="Testing the [ Built ] version of [ Celerium.DattoRMM ] with [ HelpComment.Tests.ps1 ].[ Celerium.DattoRMM ] module help tests">
                <results>
                  <test-suite type="TestFixture" name="Testing the [ Built ] version of [ Celerium.DattoRMM ] with [ HelpComment.Tests.ps1 ].[ Celerium.DattoRMM ] module help tests.[ Add-DattoRMMAPIKey ]" executed="True" result="Success" success="True" time="0.7761" asserts="0" description="Testing the [ Built ] version of [ Celerium.DattoRMM ] with [ HelpComment.Tests.ps1 ].[ Celerium.DattoRMM ] module help tests.[ Add-DattoRMMAPIKey ]">
                    <results>
                      <test-case description="[ Add-DattoRMMAPIKey ] contains comment based help" name="Testing the [ Built ] version of [ Celerium.DattoRMM ] with [ HelpComment.Tests.ps1 ].[ Celerium.DattoRMM ] module help tests.[ Add-DattoRMMAPIKey ].[ Add-DattoRMMAPIKey ] contains comment based help" time="0.0133" asserts="0" success="True" result="Success" executed="True" />
                      <test-case description="[ Add-DattoRMMAPIKey ] contains a synopsis" name="Testing the [ Built ] version of [ Celerium.DattoRMM ] with [ HelpComment.Tests.ps1 ].[ Celerium.DattoRMM ] module help tests.[ Add-DattoRMMAPIKey ].[ Add-DattoRMMAPIKey ] contains a synopsis" time="0.0174" asserts="0" success="True" result="Success" executed="True" />
                      <test-case description="[ Add-DattoRMMAPIKey ] contains a description" name="Testing the [ Built ] version of [ Celerium.DattoRMM ] with [ HelpComment.Tests.ps1 ].[ Celerium.DattoRMM ] module help tests.[ Add-DattoRMMAPIKey ].[ Add-DattoRMMAPIKey ] contains a description" time="0.0079" asserts="0" success="True" result="Success" executed="True" />
                      <test-case description="[ Add-DattoRMMAPIKey ] contains at least one usage example" name="Testing the [ Built ] version of [ Celerium.DattoRMM ] with [ HelpComment.Tests.ps1 ].[ Celerium.DattoRMM ] module help tests.[ Add-DattoRMMAPIKey ].[ Add-DattoRMMAPIKey ] contains at least one usage example" time="0.0124" asserts="0" success="True" result="Success" executed="True" />
                      <test-case description="[ Add-DattoRMMAPIKey ] contains a note" name="Testing the [ Built ] version of [ Celerium.DattoRMM ] with [ HelpComment.Tests.ps1 ].[ Celerium.DattoRMM ] module help tests.[ Add-DattoRMMAPIKey ].[ Add-DattoRMMAPIKey ] contains a note" time="0.0068" asserts="0" success="True" result="Success" executed="True" />
                      <test-case description="[ Add-DattoRMMAPIKey ] contains a link" name="Testing the [ Built ] version of [ Celerium.DattoRMM ] with [ HelpComment.Tests.ps1 ].[ Celerium.DattoRMM ] module help tests.[ Add-DattoRMMAPIKey ].[ Add-DattoRMMAPIKey ] contains a link" time="0.0093" asserts="0" success="True" result="Success" executed="True" />
                      <test-case description="[ Add-DattoRMMAPIKey ] link should return 200" name="Testing the [ Built ] version of [ Celerium.DattoRMM ] with [ HelpComment.Tests.ps1 ].[ Celerium.DattoRMM ] module help tests.[ Add-DattoRMMAPIKey ].[ Add-DattoRMMAPIKey ] link should return 200" time="0.5901" asserts="0" success="True" result="Success" executed="True" />
                      <test-suite type="ParameterizedTest" name="Testing the [ Built ] version of [ Celerium.DattoRMM ] with [ HelpComment.Tests.ps1 ].[ Celerium.DattoRMM ] module help tests.[ Add-DattoRMMAPIKey ].[ Add-DattoRMMAPIKey ] - Parameter has a description - [ &lt;_.name&gt; ]" executed="True" result="Success" success="True" time="0.0515" asserts="0" description="[ Add-DattoRMMAPIKey ] - Parameter has a description - [ &lt;_.name&gt; ]">
                        <results>
                          <test-case description="[ Add-DattoRMMAPIKey ] - Parameter has a description - [ ApiKey ]" name="Testing the [ Built ] version of [ Celerium.DattoRMM ] with [ HelpComment.Tests.ps1 ].[ Celerium.DattoRMM ] module help tests.[ Add-DattoRMMAPIKey ].[ Add-DattoRMMAPIKey ] - Parameter has a description - [ ApiKey ]" time="0.0182" asserts="0" success="True" result="Success" executed="True" />
                          <test-case description="[ Add-DattoRMMAPIKey ] - Parameter has a description - [ ApiSecretKey ]" name="Testing the [ Built ] version of [ Celerium.DattoRMM ] with [ HelpComment.Tests.ps1 ].[ Celerium.DattoRMM ] module help tests.[ Add-DattoRMMAPIKey ].[ Add-DattoRMMAPIKey ] - Parameter has a description - [ ApiSecretKey ]" time="0.0076" asserts="0" success="True" result="Success" executed="True" />
                          <test-case description="[ Add-DattoRMMAPIKey ] - Parameter has a description - [ ApiKeySecureString ]" name="Testing the [ Built ] version of [ Celerium.DattoRMM ] with [ HelpComment.Tests.ps1 ].[ Celerium.DattoRMM ] module help tests.[ Add-DattoRMMAPIKey ].[ Add-DattoRMMAPIKey ] - Parameter has a description - [ ApiKeySecureString ]" time="0.0257" asserts="0" success="True" result="Success" executed="True" />
                        </results>
                      </test-suite>
                      <test-suite type="ParameterizedTest" name="Testing the [ Built ] version of [ Celerium.DattoRMM ] with [ HelpComment.Tests.ps1 ].[ Celerium.DattoRMM ] module help tests.[ Add-DattoRMMAPIKey ].[ Add-DattoRMMAPIKey ] - Example has example code &amp; description   - [ &lt;_.title -replace '-'.''&gt; ]" executed="True" result="Success" success="True" time="0.0481" asserts="0" description="[ Add-DattoRMMAPIKey ] - Example has example code &amp; description   - [ &lt;_.title -replace '-'.''&gt; ]">
                        <results>
                          <test-case description="[ Add-DattoRMMAPIKey ] - Example has example code &amp; description   - [  EXAMPLE 1  ]" name="Testing the [ Built ] version of [ Celerium.DattoRMM ] with [ HelpComment.Tests.ps1 ].[ Celerium.DattoRMM ] module help tests.[ Add-DattoRMMAPIKey ].[ Add-DattoRMMAPIKey ] - Example has example code &amp; description   - [  EXAMPLE 1  ]" time="0.018" asserts="0" success="True" result="Success" executed="True" />
                          <test-case description="[ Add-DattoRMMAPIKey ] - Example has example code &amp; description   - [  EXAMPLE 2  ]" name="Testing the [ Built ] version of [ Celerium.DattoRMM ] with [ HelpComment.Tests.ps1 ].[ Celerium.DattoRMM ] module help tests.[ Add-DattoRMMAPIKey ].[ Add-DattoRMMAPIKey ] - Example has example code &amp; description   - [  EXAMPLE 2  ]" time="0.0158" asserts="0" success="True" result="Success" executed="True" />
                          <test-case description="[ Add-DattoRMMAPIKey ] - Example has example code &amp; description   - [  EXAMPLE 3  ]" name="Testing the [ Built ] version of [ Celerium.DattoRMM ] with [ HelpComment.Tests.ps1 ].[ Celerium.DattoRMM ] module help tests.[ Add-DattoRMMAPIKey ].[ Add-DattoRMMAPIKey ] - Example has example code &amp; description   - [  EXAMPLE 3  ]" time="0.0143" asserts="0" success="True" result="Success" executed="True" />
                        </results>
                      </test-suite>
                    </results>
                  </test-suite>
                </results>
              </test-suite>
              <test-suite type="TestFixture" name="Testing the [ Built ] version of [ Celerium.DattoRMM ] with [ HelpComment.Tests.ps1 ].[ Celerium.DattoRMM ] module help tests" executed="True" result="Success" success="True" time="1.0931" asserts="0" description="Testing the [ Built ] version of [ Celerium.DattoRMM ] with [ HelpComment.Tests.ps1 ].[ Celerium.DattoRMM ] module help tests">
                <results>
                  <test-suite type="TestFixture" name="Testing the [ Built ] version of [ Celerium.DattoRMM ] with [ HelpComment.Tests.ps1 ].[ Celerium.DattoRMM ] module help tests.[ Add-DattoRMMBaseURI ]" executed="True" result="Success" success="True" time="0.2902" asserts="0" description="Testing the [ Built ] version of [ Celerium.DattoRMM ] with [ HelpComment.Tests.ps1 ].[ Celerium.DattoRMM ] module help tests.[ Add-DattoRMMBaseURI ]">
                    <results>
                      <test-case description="[ Add-DattoRMMBaseURI ] contains comment based help" name="Testing the [ Built ] version of [ Celerium.DattoRMM ] with [ HelpComment.Tests.ps1 ].[ Celerium.DattoRMM ] module help tests.[ Add-DattoRMMBaseURI ].[ Add-DattoRMMBaseURI ] contains comment based help" time="0.012" asserts="0" success="True" result="Success" executed="True" />
                      <test-case description="[ Add-DattoRMMBaseURI ] contains a synopsis" name="Testing the [ Built ] version of [ Celerium.DattoRMM ] with [ HelpComment.Tests.ps1 ].[ Celerium.DattoRMM ] module help tests.[ Add-DattoRMMBaseURI ].[ Add-DattoRMMBaseURI ] contains a synopsis" time="0.0078" asserts="0" success="True" result="Success" executed="True" />
                      <test-case description="[ Add-DattoRMMBaseURI ] contains a description" name="Testing the [ Built ] version of [ Celerium.DattoRMM ] with [ HelpComment.Tests.ps1 ].[ Celerium.DattoRMM ] module help tests.[ Add-DattoRMMBaseURI ].[ Add-DattoRMMBaseURI ] contains a description" time="0.0132" asserts="0" success="True" result="Success" executed="True" />
                      <test-case description="[ Add-DattoRMMBaseURI ] contains at least one usage example" name="Testing the [ Built ] version of [ Celerium.DattoRMM ] with [ HelpComment.Tests.ps1 ].[ Celerium.DattoRMM ] module help tests.[ Add-DattoRMMBaseURI ].[ Add-DattoRMMBaseURI ] contains at least one usage example" time="0.0108" asserts="0" success="True" result="Success" executed="True" />
                      <test-case description="[ Add-DattoRMMBaseURI ] contains a note" name="Testing the [ Built ] version of [ Celerium.DattoRMM ] with [ HelpComment.Tests.ps1 ].[ Celerium.DattoRMM ] module help tests.[ Add-DattoRMMBaseURI ].[ Add-DattoRMMBaseURI ] contains a note" time="0.0128" asserts="0" success="True" result="Success" executed="True" />
                      <test-case description="[ Add-DattoRMMBaseURI ] contains a link" name="Testing the [ Built ] version of [ Celerium.DattoRMM ] with [ HelpComment.Tests.ps1 ].[ Celerium.DattoRMM ] module help tests.[ Add-DattoRMMBaseURI ].[ Add-DattoRMMBaseURI ] contains a link" time="0.0073" asserts="0" success="True" result="Success" executed="True" />
                      <test-case description="[ Add-DattoRMMBaseURI ] link should return 200" name="Testing the [ Built ] version of [ Celerium.DattoRMM ] with [ HelpComment.Tests.ps1 ].[ Celerium.DattoRMM ] module help tests.[ Add-DattoRMMBaseURI ].[ Add-DattoRMMBaseURI ] link should return 200" time="0.1569" asserts="0" success="True" result="Success" executed="True" />
                      <test-suite type="ParameterizedTest" name="Testing the [ Built ] version of [ Celerium.DattoRMM ] with [ HelpComment.Tests.ps1 ].[ Celerium.DattoRMM ] module help tests.[ Add-DattoRMMBaseURI ].[ Add-DattoRMMBaseURI ] - Parameter has a description - [ &lt;_.name&gt; ]" executed="True" result="Success" success="True" time="0.0217" asserts="0" description="[ Add-DattoRMMBaseURI ] - Parameter has a description - [ &lt;_.name&gt; ]">
                        <results>
                          <test-case description="[ Add-DattoRMMBaseURI ] - Parameter has a description - [ BaseUri ]" name="Testing the [ Built ] version of [ Celerium.DattoRMM ] with [ HelpComment.Tests.ps1 ].[ Celerium.DattoRMM ] module help tests.[ Add-DattoRMMBaseURI ].[ Add-DattoRMMBaseURI ] - Parameter has a description - [ BaseUri ]" time="0.01" asserts="0" success="True" result="Success" executed="True" />
                          <test-case description="[ Add-DattoRMMBaseURI ] - Parameter has a description - [ BaseApiUri ]" name="Testing the [ Built ] version of [ Celerium.DattoRMM ] with [ HelpComment.Tests.ps1 ].[ Celerium.DattoRMM ] module help tests.[ Add-DattoRMMBaseURI ].[ Add-DattoRMMBaseURI ] - Parameter has a description - [ BaseApiUri ]" time="0.0059" asserts="0" success="True" result="Success" executed="True" />
                          <test-case description="[ Add-DattoRMMBaseURI ] - Parameter has a description - [ DataCenter ]" name="Testing the [ Built ] version of [ Celerium.DattoRMM ] with [ HelpComment.Tests.ps1 ].[ Celerium.DattoRMM ] module help tests.[ Add-DattoRMMBaseURI ].[ Add-DattoRMMBaseURI ] - Parameter has a description - [ DataCenter ]" time="0.0058" asserts="0" success="True" result="Success" executed="True" />
                        </results>
                      </test-suite>
                      <test-suite type="ParameterizedTest" name="Testing the [ Built ] version of [ Celerium.DattoRMM ] with [ HelpComment.Tests.ps1 ].[ Celerium.DattoRMM ] module help tests.[ Add-DattoRMMBaseURI ].[ Add-DattoRMMBaseURI ] - Example has example code &amp; description   - [ &lt;_.title -replace '-'.''&gt; ]" executed="True" result="Success" success="True" time="0.0335" asserts="0" description="[ Add-DattoRMMBaseURI ] - Example has example code &amp; description   - [ &lt;_.title -replace '-'.''&gt; ]">
                        <results>
                          <test-case description="[ Add-DattoRMMBaseURI ] - Example has example code &amp; description   - [  EXAMPLE 1  ]" name="Testing the [ Built ] version of [ Celerium.DattoRMM ] with [ HelpComment.Tests.ps1 ].[ Celerium.DattoRMM ] module help tests.[ Add-DattoRMMBaseURI ].[ Add-DattoRMMBaseURI ] - Example has example code &amp; description   - [  EXAMPLE 1  ]" time="0.0097" asserts="0" success="True" result="Success" executed="True" />
                          <test-case description="[ Add-DattoRMMBaseURI ] - Example has example code &amp; description   - [  EXAMPLE 2  ]" name="Testing the [ Built ] version of [ Celerium.DattoRMM ] with [ HelpComment.Tests.ps1 ].[ Celerium.DattoRMM ] module help tests.[ Add-DattoRMMBaseURI ].[ Add-DattoRMMBaseURI ] - Example has example code &amp; description   - [  EXAMPLE 2  ]" time="0.0071" asserts="0" success="True" result="Success" executed="True" />
                          <test-case description="[ Add-DattoRMMBaseURI ] - Example has example code &amp; description   - [  EXAMPLE 3  ]" name="Testing the [ Built ] version of [ Celerium.DattoRMM ] with [ HelpComment.Tests.ps1 ].[ Celerium.DattoRMM ] module help tests.[ Add-DattoRMMBaseURI ].[ Add-DattoRMMBaseURI ] - Example has example code &amp; description   - [  EXAMPLE 3  ]" time="0.0101" asserts="0" success="True" result="Success" executed="True" />
                          <test-case description="[ Add-DattoRMMBaseURI ] - Example has example code &amp; description   - [  EXAMPLE 4  ]" name="Testing the [ Built ] version of [ Celerium.DattoRMM ] with [ HelpComment.Tests.ps1 ].[ Celerium.DattoRMM ] module help tests.[ Add-DattoRMMBaseURI ].[ Add-DattoRMMBaseURI ] - Example has example code &amp; description   - [  EXAMPLE 4  ]" time="0.0066" asserts="0" success="True" result="Success" executed="True" />
                        </results>
                      </test-suite>
                    </results>
                  </test-suite>
                </results>
              </test-suite>
              <test-suite type="TestFixture" name="Testing the [ Built ] version of [ Celerium.DattoRMM ] with [ HelpComment.Tests.ps1 ].[ Celerium.DattoRMM ] module help tests" executed="True" result="Success" success="True" time="1.293" asserts="0" description="Testing the [ Built ] version of [ Celerium.DattoRMM ] with [ HelpComment.Tests.ps1 ].[ Celerium.DattoRMM ] module help tests">
                <results>
                  <test-suite type="TestFixture" name="Testing the [ Built ] version of [ Celerium.DattoRMM ] with [ HelpComment.Tests.ps1 ].[ Celerium.DattoRMM ] module help tests.[ ConvertTo-DattoRMMQueryString ]" executed="True" result="Success" success="True" time="0.1911" asserts="0" description="Testing the [ Built ] version of [ Celerium.DattoRMM ] with [ HelpComment.Tests.ps1 ].[ Celerium.DattoRMM ] module help tests.[ ConvertTo-DattoRMMQueryString ]">
                    <results>
                      <test-case description="[ ConvertTo-DattoRMMQueryString ] contains comment based help" name="Testing the [ Built ] version of [ Celerium.DattoRMM ] with [ HelpComment.Tests.ps1 ].[ Celerium.DattoRMM ] module help tests.[ ConvertTo-DattoRMMQueryString ].[ ConvertTo-DattoRMMQueryString ] contains comment based help" time="0.0058" asserts="0" success="True" result="Success" executed="True" />
                      <test-case description="[ ConvertTo-DattoRMMQueryString ] contains a synopsis" name="Testing the [ Built ] version of [ Celerium.DattoRMM ] with [ HelpComment.Tests.ps1 ].[ Celerium.DattoRMM ] module help tests.[ ConvertTo-DattoRMMQueryString ].[ ConvertTo-DattoRMMQueryString ] contains a synopsis" time="0.0049" asserts="0" success="True" result="Success" executed="True" />
                      <test-case description="[ ConvertTo-DattoRMMQueryString ] contains a description" name="Testing the [ Built ] version of [ Celerium.DattoRMM ] with [ HelpComment.Tests.ps1 ].[ Celerium.DattoRMM ] module help tests.[ ConvertTo-DattoRMMQueryString ].[ ConvertTo-DattoRMMQueryString ] contains a description" time="0.0092" asserts="0" success="True" result="Success" executed="True" />
                      <test-case description="[ ConvertTo-DattoRMMQueryString ] contains at least one usage example" name="Testing the [ Built ] version of [ Celerium.DattoRMM ] with [ HelpComment.Tests.ps1 ].[ Celerium.DattoRMM ] module help tests.[ ConvertTo-DattoRMMQueryString ].[ ConvertTo-DattoRMMQueryString ] contains at least one usage example" time="0.0068" asserts="0" success="True" result="Success" executed="True" />
                      <test-case description="[ ConvertTo-DattoRMMQueryString ] contains a note" name="Testing the [ Built ] version of [ Celerium.DattoRMM ] with [ HelpComment.Tests.ps1 ].[ Celerium.DattoRMM ] module help tests.[ ConvertTo-DattoRMMQueryString ].[ ConvertTo-DattoRMMQueryString ] contains a note" time="0.0046" asserts="0" success="True" result="Success" executed="True" />
                      <test-case description="[ ConvertTo-DattoRMMQueryString ] contains a link" name="Testing the [ Built ] version of [ Celerium.DattoRMM ] with [ HelpComment.Tests.ps1 ].[ Celerium.DattoRMM ] module help tests.[ ConvertTo-DattoRMMQueryString ].[ ConvertTo-DattoRMMQueryString ] contains a link" time="0.0045" asserts="0" success="True" result="Success" executed="True" />
                      <test-case description="[ ConvertTo-DattoRMMQueryString ] link should return 200" name="Testing the [ Built ] version of [ Celerium.DattoRMM ] with [ HelpComment.Tests.ps1 ].[ Celerium.DattoRMM ] module help tests.[ ConvertTo-DattoRMMQueryString ].[ ConvertTo-DattoRMMQueryString ] link should return 200" time="0.1275" asserts="0" success="True" result="Success" executed="True" />
                      <test-suite type="ParameterizedTest" name="Testing the [ Built ] version of [ Celerium.DattoRMM ] with [ HelpComment.Tests.ps1 ].[ Celerium.DattoRMM ] module help tests.[ ConvertTo-DattoRMMQueryString ].[ ConvertTo-DattoRMMQueryString ] - Parameter has a description - [ &lt;_.name&gt; ]" executed="True" result="Success" success="True" time="0.0098" asserts="0" description="[ ConvertTo-DattoRMMQueryString ] - Parameter has a description - [ &lt;_.name&gt; ]">
                        <results>
                          <test-case description="[ ConvertTo-DattoRMMQueryString ] - Parameter has a description - [ UriFilter ]" name="Testing the [ Built ] version of [ Celerium.DattoRMM ] with [ HelpComment.Tests.ps1 ].[ Celerium.DattoRMM ] module help tests.[ ConvertTo-DattoRMMQueryString ].[ ConvertTo-DattoRMMQueryString ] - Parameter has a description - [ UriFilter ]" time="0.0098" asserts="0" success="True" result="Success" executed="True" />
                        </results>
                      </test-suite>
                      <test-suite type="ParameterizedTest" name="Testing the [ Built ] version of [ Celerium.DattoRMM ] with [ HelpComment.Tests.ps1 ].[ Celerium.DattoRMM ] module help tests.[ ConvertTo-DattoRMMQueryString ].[ ConvertTo-DattoRMMQueryString ] - Example has example code &amp; description   - [ &lt;_.title -replace '-'.''&gt; ]" executed="True" result="Success" success="True" time="0.0078" asserts="0" description="[ ConvertTo-DattoRMMQueryString ] - Example has example code &amp; description   - [ &lt;_.title -replace '-'.''&gt; ]">
                        <results>
                          <test-case description="[ ConvertTo-DattoRMMQueryString ] - Example has example code &amp; description   - [  EXAMPLE 1  ]" name="Testing the [ Built ] version of [ Celerium.DattoRMM ] with [ HelpComment.Tests.ps1 ].[ Celerium.DattoRMM ] module help tests.[ ConvertTo-DattoRMMQueryString ].[ ConvertTo-DattoRMMQueryString ] - Example has example code &amp; description   - [  EXAMPLE 1  ]" time="0.0078" asserts="0" success="True" result="Success" executed="True" />
                        </results>
                      </test-suite>
                    </results>
                  </test-suite>
                </results>
              </test-suite>
              <test-suite type="TestFixture" name="Testing the [ Built ] version of [ Celerium.DattoRMM ] with [ HelpComment.Tests.ps1 ].[ Celerium.DattoRMM ] module help tests" executed="True" result="Success" success="True" time="1.5225" asserts="0" description="Testing the [ Built ] version of [ Celerium.DattoRMM ] with [ HelpComment.Tests.ps1 ].[ Celerium.DattoRMM ] module help tests">
                <results>
                  <test-suite type="TestFixture" name="Testing the [ Built ] version of [ Celerium.DattoRMM ] with [ HelpComment.Tests.ps1 ].[ Celerium.DattoRMM ] module help tests.[ Export-DattoRMMModuleSettings ]" executed="True" result="Success" success="True" time="0.221" asserts="0" description="Testing the [ Built ] version of [ Celerium.DattoRMM ] with [ HelpComment.Tests.ps1 ].[ Celerium.DattoRMM ] module help tests.[ Export-DattoRMMModuleSettings ]">
                    <results>
                      <test-case description="[ Export-DattoRMMModuleSettings ] contains comment based help" name="Testing the [ Built ] version of [ Celerium.DattoRMM ] with [ HelpComment.Tests.ps1 ].[ Celerium.DattoRMM ] module help tests.[ Export-DattoRMMModuleSettings ].[ Export-DattoRMMModuleSettings ] contains comment based help" time="0.009" asserts="0" success="True" result="Success" executed="True" />
                      <test-case description="[ Export-DattoRMMModuleSettings ] contains a synopsis" name="Testing the [ Built ] version of [ Celerium.DattoRMM ] with [ HelpComment.Tests.ps1 ].[ Celerium.DattoRMM ] module help tests.[ Export-DattoRMMModuleSettings ].[ Export-DattoRMMModuleSettings ] contains a synopsis" time="0.0047" asserts="0" success="True" result="Success" executed="True" />
                      <test-case description="[ Export-DattoRMMModuleSettings ] contains a description" name="Testing the [ Built ] version of [ Celerium.DattoRMM ] with [ HelpComment.Tests.ps1 ].[ Celerium.DattoRMM ] module help tests.[ Export-DattoRMMModuleSettings ].[ Export-DattoRMMModuleSettings ] contains a description" time="0.0045" asserts="0" success="True" result="Success" executed="True" />
                      <test-case description="[ Export-DattoRMMModuleSettings ] contains at least one usage example" name="Testing the [ Built ] version of [ Celerium.DattoRMM ] with [ HelpComment.Tests.ps1 ].[ Celerium.DattoRMM ] module help tests.[ Export-DattoRMMModuleSettings ].[ Export-DattoRMMModuleSettings ] contains at least one usage example" time="0.0066" asserts="0" success="True" result="Success" executed="True" />
                      <test-case description="[ Export-DattoRMMModuleSettings ] contains a note" name="Testing the [ Built ] version of [ Celerium.DattoRMM ] with [ HelpComment.Tests.ps1 ].[ Celerium.DattoRMM ] module help tests.[ Export-DattoRMMModuleSettings ].[ Export-DattoRMMModuleSettings ] contains a note" time="0.0046" asserts="0" success="True" result="Success" executed="True" />
                      <test-case description="[ Export-DattoRMMModuleSettings ] contains a link" name="Testing the [ Built ] version of [ Celerium.DattoRMM ] with [ HelpComment.Tests.ps1 ].[ Celerium.DattoRMM ] module help tests.[ Export-DattoRMMModuleSettings ].[ Export-DattoRMMModuleSettings ] contains a link" time="0.0075" asserts="0" success="True" result="Success" executed="True" />
                      <test-case description="[ Export-DattoRMMModuleSettings ] link should return 200" name="Testing the [ Built ] version of [ Celerium.DattoRMM ] with [ HelpComment.Tests.ps1 ].[ Celerium.DattoRMM ] module help tests.[ Export-DattoRMMModuleSettings ].[ Export-DattoRMMModuleSettings ] link should return 200" time="0.1424" asserts="0" success="True" result="Success" executed="True" />
                      <test-suite type="ParameterizedTest" name="Testing the [ Built ] version of [ Celerium.DattoRMM ] with [ HelpComment.Tests.ps1 ].[ Celerium.DattoRMM ] module help tests.[ Export-DattoRMMModuleSettings ].[ Export-DattoRMMModuleSettings ] - Parameter has a description - [ &lt;_.name&gt; ]" executed="True" result="Success" success="True" time="0.0121" asserts="0" description="[ Export-DattoRMMModuleSettings ] - Parameter has a description - [ &lt;_.name&gt; ]">
                        <results>
                          <test-case description="[ Export-DattoRMMModuleSettings ] - Parameter has a description - [ DattoRMMConfigPath ]" name="Testing the [ Built ] version of [ Celerium.DattoRMM ] with [ HelpComment.Tests.ps1 ].[ Celerium.DattoRMM ] module help tests.[ Export-DattoRMMModuleSettings ].[ Export-DattoRMMModuleSettings ] - Parameter has a description - [ DattoRMMConfigPath ]" time="0.0064" asserts="0" success="True" result="Success" executed="True" />
                          <test-case description="[ Export-DattoRMMModuleSettings ] - Parameter has a description - [ DattoRMMConfigFile ]" name="Testing the [ Built ] version of [ Celerium.DattoRMM ] with [ HelpComment.Tests.ps1 ].[ Celerium.DattoRMM ] module help tests.[ Export-DattoRMMModuleSettings ].[ Export-DattoRMMModuleSettings ] - Parameter has a description - [ DattoRMMConfigFile ]" time="0.0057" asserts="0" success="True" result="Success" executed="True" />
                        </results>
                      </test-suite>
                      <test-suite type="ParameterizedTest" name="Testing the [ Built ] version of [ Celerium.DattoRMM ] with [ HelpComment.Tests.ps1 ].[ Celerium.DattoRMM ] module help tests.[ Export-DattoRMMModuleSettings ].[ Export-DattoRMMModuleSettings ] - Example has example code &amp; description   - [ &lt;_.title -replace '-'.''&gt; ]" executed="True" result="Success" success="True" time="0.019" asserts="0" description="[ Export-DattoRMMModuleSettings ] - Example has example code &amp; description   - [ &lt;_.title -replace '-'.''&gt; ]">
                        <results>
                          <test-case description="[ Export-DattoRMMModuleSettings ] - Example has example code &amp; description   - [  EXAMPLE 1  ]" name="Testing the [ Built ] version of [ Celerium.DattoRMM ] with [ HelpComment.Tests.ps1 ].[ Celerium.DattoRMM ] module help tests.[ Export-DattoRMMModuleSettings ].[ Export-DattoRMMModuleSettings ] - Example has example code &amp; description   - [  EXAMPLE 1  ]" time="0.0078" asserts="0" success="True" result="Success" executed="True" />
                          <test-case description="[ Export-DattoRMMModuleSettings ] - Example has example code &amp; description   - [  EXAMPLE 2  ]" name="Testing the [ Built ] version of [ Celerium.DattoRMM ] with [ HelpComment.Tests.ps1 ].[ Celerium.DattoRMM ] module help tests.[ Export-DattoRMMModuleSettings ].[ Export-DattoRMMModuleSettings ] - Example has example code &amp; description   - [  EXAMPLE 2  ]" time="0.0112" asserts="0" success="True" result="Success" executed="True" />
                        </results>
                      </test-suite>
                    </results>
                  </test-suite>
                </results>
              </test-suite>
              <test-suite type="TestFixture" name="Testing the [ Built ] version of [ Celerium.DattoRMM ] with [ HelpComment.Tests.ps1 ].[ Celerium.DattoRMM ] module help tests" executed="True" result="Ignored" success="True" time="1.8713" asserts="0" description="Testing the [ Built ] version of [ Celerium.DattoRMM ] with [ HelpComment.Tests.ps1 ].[ Celerium.DattoRMM ] module help tests">
                <results>
                  <test-suite type="TestFixture" name="Testing the [ Built ] version of [ Celerium.DattoRMM ] with [ HelpComment.Tests.ps1 ].[ Celerium.DattoRMM ] module help tests.[ Get-DattoRMMAccessToken ]" executed="True" result="Ignored" success="True" time="0.3404" asserts="0" description="Testing the [ Built ] version of [ Celerium.DattoRMM ] with [ HelpComment.Tests.ps1 ].[ Celerium.DattoRMM ] module help tests.[ Get-DattoRMMAccessToken ]">
                    <results>
                      <test-case description="[ Get-DattoRMMAccessToken ] contains comment based help" name="Testing the [ Built ] version of [ Celerium.DattoRMM ] with [ HelpComment.Tests.ps1 ].[ Celerium.DattoRMM ] module help tests.[ Get-DattoRMMAccessToken ].[ Get-DattoRMMAccessToken ] contains comment based help" time="0.0051" asserts="0" success="True" result="Success" executed="True" />
                      <test-case description="[ Get-DattoRMMAccessToken ] contains a synopsis" name="Testing the [ Built ] version of [ Celerium.DattoRMM ] with [ HelpComment.Tests.ps1 ].[ Celerium.DattoRMM ] module help tests.[ Get-DattoRMMAccessToken ].[ Get-DattoRMMAccessToken ] contains a synopsis" time="0.0076" asserts="0" success="True" result="Success" executed="True" />
                      <test-case description="[ Get-DattoRMMAccessToken ] contains a description" name="Testing the [ Built ] version of [ Celerium.DattoRMM ] with [ HelpComment.Tests.ps1 ].[ Celerium.DattoRMM ] module help tests.[ Get-DattoRMMAccessToken ].[ Get-DattoRMMAccessToken ] contains a description" time="0.0047" asserts="0" success="True" result="Success" executed="True" />
                      <test-case description="[ Get-DattoRMMAccessToken ] contains at least one usage example" name="Testing the [ Built ] version of [ Celerium.DattoRMM ] with [ HelpComment.Tests.ps1 ].[ Celerium.DattoRMM ] module help tests.[ Get-DattoRMMAccessToken ].[ Get-DattoRMMAccessToken ] contains at least one usage example" time="0.0065" asserts="0" success="True" result="Success" executed="True" />
                      <test-case description="[ Get-DattoRMMAccessToken ] contains a note" name="Testing the [ Built ] version of [ Celerium.DattoRMM ] with [ HelpComment.Tests.ps1 ].[ Celerium.DattoRMM ] module help tests.[ Get-DattoRMMAccessToken ].[ Get-DattoRMMAccessToken ] contains a note" time="0.005" asserts="0" success="True" result="Success" executed="True" />
                      <test-case description="[ Get-DattoRMMAccessToken ] contains a link" name="Testing the [ Built ] version of [ Celerium.DattoRMM ] with [ HelpComment.Tests.ps1 ].[ Celerium.DattoRMM ] module help tests.[ Get-DattoRMMAccessToken ].[ Get-DattoRMMAccessToken ] contains a link" time="0.0046" asserts="0" success="True" result="Success" executed="True" />
                      <test-case description="[ Get-DattoRMMAccessToken ] link should return 200" name="Testing the [ Built ] version of [ Celerium.DattoRMM ] with [ HelpComment.Tests.ps1 ].[ Celerium.DattoRMM ] module help tests.[ Get-DattoRMMAccessToken ].[ Get-DattoRMMAccessToken ] link should return 200" time="0.1275" asserts="0" success="True" result="Success" executed="True" />
                      <test-case description="[ Get-DattoRMMAccessToken ] - Parameter has a description -" name="Testing the [ Built ] version of [ Celerium.DattoRMM ] with [ HelpComment.Tests.ps1 ].[ Celerium.DattoRMM ] module help tests.[ Get-DattoRMMAccessToken ].[ Get-DattoRMMAccessToken ] - Parameter has a description -" time="0.1559" asserts="0" success="False" result="Ignored" executed="False" />
                      <test-suite type="ParameterizedTest" name="Testing the [ Built ] version of [ Celerium.DattoRMM ] with [ HelpComment.Tests.ps1 ].[ Celerium.DattoRMM ] module help tests.[ Get-DattoRMMAccessToken ].[ Get-DattoRMMAccessToken ] - Example has example code &amp; description   - [ &lt;_.title -replace '-'.''&gt; ]" executed="True" result="Success" success="True" time="0.0079" asserts="0" description="[ Get-DattoRMMAccessToken ] - Example has example code &amp; description   - [ &lt;_.title -replace '-'.''&gt; ]">
                        <results>
                          <test-case description="[ Get-DattoRMMAccessToken ] - Example has example code &amp; description   - [  EXAMPLE 1  ]" name="Testing the [ Built ] version of [ Celerium.DattoRMM ] with [ HelpComment.Tests.ps1 ].[ Celerium.DattoRMM ] module help tests.[ Get-DattoRMMAccessToken ].[ Get-DattoRMMAccessToken ] - Example has example code &amp; description   - [  EXAMPLE 1  ]" time="0.0079" asserts="0" success="True" result="Success" executed="True" />
                        </results>
                      </test-suite>
                    </results>
                  </test-suite>
                </results>
              </test-suite>
              <test-suite type="TestFixture" name="Testing the [ Built ] version of [ Celerium.DattoRMM ] with [ HelpComment.Tests.ps1 ].[ Celerium.DattoRMM ] module help tests" executed="True" result="Ignored" success="True" time="2.0855" asserts="0" description="Testing the [ Built ] version of [ Celerium.DattoRMM ] with [ HelpComment.Tests.ps1 ].[ Celerium.DattoRMM ] module help tests">
                <results>
                  <test-suite type="TestFixture" name="Testing the [ Built ] version of [ Celerium.DattoRMM ] with [ HelpComment.Tests.ps1 ].[ Celerium.DattoRMM ] module help tests.[ Get-DattoRMMAccount ]" executed="True" result="Ignored" success="True" time="0.2057" asserts="0" description="Testing the [ Built ] version of [ Celerium.DattoRMM ] with [ HelpComment.Tests.ps1 ].[ Celerium.DattoRMM ] module help tests.[ Get-DattoRMMAccount ]">
                    <results>
                      <test-case description="[ Get-DattoRMMAccount ] contains comment based help" name="Testing the [ Built ] version of [ Celerium.DattoRMM ] with [ HelpComment.Tests.ps1 ].[ Celerium.DattoRMM ] module help tests.[ Get-DattoRMMAccount ].[ Get-DattoRMMAccount ] contains comment based help" time="0.0051" asserts="0" success="True" result="Success" executed="True" />
                      <test-case description="[ Get-DattoRMMAccount ] contains a synopsis" name="Testing the [ Built ] version of [ Celerium.DattoRMM ] with [ HelpComment.Tests.ps1 ].[ Celerium.DattoRMM ] module help tests.[ Get-DattoRMMAccount ].[ Get-DattoRMMAccount ] contains a synopsis" time="0.0046" asserts="0" success="True" result="Success" executed="True" />
                      <test-case description="[ Get-DattoRMMAccount ] contains a description" name="Testing the [ Built ] version of [ Celerium.DattoRMM ] with [ HelpComment.Tests.ps1 ].[ Celerium.DattoRMM ] module help tests.[ Get-DattoRMMAccount ].[ Get-DattoRMMAccount ] contains a description" time="0.0047" asserts="0" success="True" result="Success" executed="True" />
                      <test-case description="[ Get-DattoRMMAccount ] contains at least one usage example" name="Testing the [ Built ] version of [ Celerium.DattoRMM ] with [ HelpComment.Tests.ps1 ].[ Celerium.DattoRMM ] module help tests.[ Get-DattoRMMAccount ].[ Get-DattoRMMAccount ] contains at least one usage example" time="0.0068" asserts="0" success="True" result="Success" executed="True" />
                      <test-case description="[ Get-DattoRMMAccount ] contains a note" name="Testing the [ Built ] version of [ Celerium.DattoRMM ] with [ HelpComment.Tests.ps1 ].[ Celerium.DattoRMM ] module help tests.[ Get-DattoRMMAccount ].[ Get-DattoRMMAccount ] contains a note" time="0.0052" asserts="0" success="True" result="Success" executed="True" />
                      <test-case description="[ Get-DattoRMMAccount ] contains a link" name="Testing the [ Built ] version of [ Celerium.DattoRMM ] with [ HelpComment.Tests.ps1 ].[ Celerium.DattoRMM ] module help tests.[ Get-DattoRMMAccount ].[ Get-DattoRMMAccount ] contains a link" time="0.0082" asserts="0" success="True" result="Success" executed="True" />
                      <test-case description="[ Get-DattoRMMAccount ] link should return 200" name="Testing the [ Built ] version of [ Celerium.DattoRMM ] with [ HelpComment.Tests.ps1 ].[ Celerium.DattoRMM ] module help tests.[ Get-DattoRMMAccount ].[ Get-DattoRMMAccount ] link should return 200" time="0.1388" asserts="0" success="True" result="Success" executed="True" />
                      <test-case description="[ Get-DattoRMMAccount ] - Parameter has a description -" name="Testing the [ Built ] version of [ Celerium.DattoRMM ] with [ HelpComment.Tests.ps1 ].[ Celerium.DattoRMM ] module help tests.[ Get-DattoRMMAccount ].[ Get-DattoRMMAccount ] - Parameter has a description -" time="0.0075" asserts="0" success="False" result="Ignored" executed="False" />
                      <test-suite type="ParameterizedTest" name="Testing the [ Built ] version of [ Celerium.DattoRMM ] with [ HelpComment.Tests.ps1 ].[ Celerium.DattoRMM ] module help tests.[ Get-DattoRMMAccount ].[ Get-DattoRMMAccount ] - Example has example code &amp; description   - [ &lt;_.title -replace '-'.''&gt; ]" executed="True" result="Success" success="True" time="0.0083" asserts="0" description="[ Get-DattoRMMAccount ] - Example has example code &amp; description   - [ &lt;_.title -replace '-'.''&gt; ]">
                        <results>
                          <test-case description="[ Get-DattoRMMAccount ] - Example has example code &amp; description   - [  EXAMPLE 1  ]" name="Testing the [ Built ] version of [ Celerium.DattoRMM ] with [ HelpComment.Tests.ps1 ].[ Celerium.DattoRMM ] module help tests.[ Get-DattoRMMAccount ].[ Get-DattoRMMAccount ] - Example has example code &amp; description   - [  EXAMPLE 1  ]" time="0.0083" asserts="0" success="True" result="Success" executed="True" />
                        </results>
                      </test-suite>
                    </results>
                  </test-suite>
                </results>
              </test-suite>
              <test-suite type="TestFixture" name="Testing the [ Built ] version of [ Celerium.DattoRMM ] with [ HelpComment.Tests.ps1 ].[ Celerium.DattoRMM ] module help tests" executed="True" result="Success" success="True" time="2.3589" asserts="0" description="Testing the [ Built ] version of [ Celerium.DattoRMM ] with [ HelpComment.Tests.ps1 ].[ Celerium.DattoRMM ] module help tests">
                <results>
                  <test-suite type="TestFixture" name="Testing the [ Built ] version of [ Celerium.DattoRMM ] with [ HelpComment.Tests.ps1 ].[ Celerium.DattoRMM ] module help tests.[ Get-DattoRMMAccountAlert ]" executed="True" result="Success" success="True" time="0.2625" asserts="0" description="Testing the [ Built ] version of [ Celerium.DattoRMM ] with [ HelpComment.Tests.ps1 ].[ Celerium.DattoRMM ] module help tests.[ Get-DattoRMMAccountAlert ]">
                    <results>
                      <test-case description="[ Get-DattoRMMAccountAlert ] contains comment based help" name="Testing the [ Built ] version of [ Celerium.DattoRMM ] with [ HelpComment.Tests.ps1 ].[ Celerium.DattoRMM ] module help tests.[ Get-DattoRMMAccountAlert ].[ Get-DattoRMMAccountAlert ] contains comment based help" time="0.0053" asserts="0" success="True" result="Success" executed="True" />
                      <test-case description="[ Get-DattoRMMAccountAlert ] contains a synopsis" name="Testing the [ Built ] version of [ Celerium.DattoRMM ] with [ HelpComment.Tests.ps1 ].[ Celerium.DattoRMM ] module help tests.[ Get-DattoRMMAccountAlert ].[ Get-DattoRMMAccountAlert ] contains a synopsis" time="0.0045" asserts="0" success="True" result="Success" executed="True" />
                      <test-case description="[ Get-DattoRMMAccountAlert ] contains a description" name="Testing the [ Built ] version of [ Celerium.DattoRMM ] with [ HelpComment.Tests.ps1 ].[ Celerium.DattoRMM ] module help tests.[ Get-DattoRMMAccountAlert ].[ Get-DattoRMMAccountAlert ] contains a description" time="0.0051" asserts="0" success="True" result="Success" executed="True" />
                      <test-case description="[ Get-DattoRMMAccountAlert ] contains at least one usage example" name="Testing the [ Built ] version of [ Celerium.DattoRMM ] with [ HelpComment.Tests.ps1 ].[ Celerium.DattoRMM ] module help tests.[ Get-DattoRMMAccountAlert ].[ Get-DattoRMMAccountAlert ] contains at least one usage example" time="0.0093" asserts="0" success="True" result="Success" executed="True" />
                      <test-case description="[ Get-DattoRMMAccountAlert ] contains a note" name="Testing the [ Built ] version of [ Celerium.DattoRMM ] with [ HelpComment.Tests.ps1 ].[ Celerium.DattoRMM ] module help tests.[ Get-DattoRMMAccountAlert ].[ Get-DattoRMMAccountAlert ] contains a note" time="0.0047" asserts="0" success="True" result="Success" executed="True" />
                      <test-case description="[ Get-DattoRMMAccountAlert ] contains a link" name="Testing the [ Built ] version of [ Celerium.DattoRMM ] with [ HelpComment.Tests.ps1 ].[ Celerium.DattoRMM ] module help tests.[ Get-DattoRMMAccountAlert ].[ Get-DattoRMMAccountAlert ] contains a link" time="0.0046" asserts="0" success="True" result="Success" executed="True" />
                      <test-case description="[ Get-DattoRMMAccountAlert ] link should return 200" name="Testing the [ Built ] version of [ Celerium.DattoRMM ] with [ HelpComment.Tests.ps1 ].[ Celerium.DattoRMM ] module help tests.[ Get-DattoRMMAccountAlert ].[ Get-DattoRMMAccountAlert ] link should return 200" time="0.1616" asserts="0" success="True" result="Success" executed="True" />
                      <test-suite type="ParameterizedTest" name="Testing the [ Built ] version of [ Celerium.DattoRMM ] with [ HelpComment.Tests.ps1 ].[ Celerium.DattoRMM ] module help tests.[ Get-DattoRMMAccountAlert ].[ Get-DattoRMMAccountAlert ] - Parameter has a description - [ &lt;_.name&gt; ]" executed="True" result="Success" success="True" time="0.0308" asserts="0" description="[ Get-DattoRMMAccountAlert ] - Parameter has a description - [ &lt;_.name&gt; ]">
                        <results>
                          <test-case description="[ Get-DattoRMMAccountAlert ] - Parameter has a description - [ AlertType ]" name="Testing the [ Built ] version of [ Celerium.DattoRMM ] with [ HelpComment.Tests.ps1 ].[ Celerium.DattoRMM ] module help tests.[ Get-DattoRMMAccountAlert ].[ Get-DattoRMMAccountAlert ] - Parameter has a description - [ AlertType ]" time="0.0067" asserts="0" success="True" result="Success" executed="True" />
                          <test-case description="[ Get-DattoRMMAccountAlert ] - Parameter has a description - [ Muted ]" name="Testing the [ Built ] version of [ Celerium.DattoRMM ] with [ HelpComment.Tests.ps1 ].[ Celerium.DattoRMM ] module help tests.[ Get-DattoRMMAccountAlert ].[ Get-DattoRMMAccountAlert ] - Parameter has a description - [ Muted ]" time="0.0084" asserts="0" success="True" result="Success" executed="True" />
                          <test-case description="[ Get-DattoRMMAccountAlert ] - Parameter has a description - [ Page ]" name="Testing the [ Built ] version of [ Celerium.DattoRMM ] with [ HelpComment.Tests.ps1 ].[ Celerium.DattoRMM ] module help tests.[ Get-DattoRMMAccountAlert ].[ Get-DattoRMMAccountAlert ] - Parameter has a description - [ Page ]" time="0.0055" asserts="0" success="True" result="Success" executed="True" />
                          <test-case description="[ Get-DattoRMMAccountAlert ] - Parameter has a description - [ Max ]" name="Testing the [ Built ] version of [ Celerium.DattoRMM ] with [ HelpComment.Tests.ps1 ].[ Celerium.DattoRMM ] module help tests.[ Get-DattoRMMAccountAlert ].[ Get-DattoRMMAccountAlert ] - Parameter has a description - [ Max ]" time="0.0049" asserts="0" success="True" result="Success" executed="True" />
                          <test-case description="[ Get-DattoRMMAccountAlert ] - Parameter has a description - [ AllResults ]" name="Testing the [ Built ] version of [ Celerium.DattoRMM ] with [ HelpComment.Tests.ps1 ].[ Celerium.DattoRMM ] module help tests.[ Get-DattoRMMAccountAlert ].[ Get-DattoRMMAccountAlert ] - Parameter has a description - [ AllResults ]" time="0.0052" asserts="0" success="True" result="Success" executed="True" />
                        </results>
                      </test-suite>
                      <test-suite type="ParameterizedTest" name="Testing the [ Built ] version of [ Celerium.DattoRMM ] with [ HelpComment.Tests.ps1 ].[ Celerium.DattoRMM ] module help tests.[ Get-DattoRMMAccountAlert ].[ Get-DattoRMMAccountAlert ] - Example has example code &amp; description   - [ &lt;_.title -replace '-'.''&gt; ]" executed="True" result="Success" success="True" time="0.0243" asserts="0" description="[ Get-DattoRMMAccountAlert ] - Example has example code &amp; description   - [ &lt;_.title -replace '-'.''&gt; ]">
                        <results>
                          <test-case description="[ Get-DattoRMMAccountAlert ] - Example has example code &amp; description   - [  EXAMPLE 1  ]" name="Testing the [ Built ] version of [ Celerium.DattoRMM ] with [ HelpComment.Tests.ps1 ].[ Celerium.DattoRMM ] module help tests.[ Get-DattoRMMAccountAlert ].[ Get-DattoRMMAccountAlert ] - Example has example code &amp; description   - [  EXAMPLE 1  ]" time="0.0077" asserts="0" success="True" result="Success" executed="True" />
                          <test-case description="[ Get-DattoRMMAccountAlert ] - Example has example code &amp; description   - [  EXAMPLE 2  ]" name="Testing the [ Built ] version of [ Celerium.DattoRMM ] with [ HelpComment.Tests.ps1 ].[ Celerium.DattoRMM ] module help tests.[ Get-DattoRMMAccountAlert ].[ Get-DattoRMMAccountAlert ] - Example has example code &amp; description   - [  EXAMPLE 2  ]" time="0.0104" asserts="0" success="True" result="Success" executed="True" />
                          <test-case description="[ Get-DattoRMMAccountAlert ] - Example has example code &amp; description   - [  EXAMPLE 3  ]" name="Testing the [ Built ] version of [ Celerium.DattoRMM ] with [ HelpComment.Tests.ps1 ].[ Celerium.DattoRMM ] module help tests.[ Get-DattoRMMAccountAlert ].[ Get-DattoRMMAccountAlert ] - Example has example code &amp; description   - [  EXAMPLE 3  ]" time="0.0062" asserts="0" success="True" result="Success" executed="True" />
                        </results>
                      </test-suite>
                    </results>
                  </test-suite>
                </results>
              </test-suite>
              <test-suite type="TestFixture" name="Testing the [ Built ] version of [ Celerium.DattoRMM ] with [ HelpComment.Tests.ps1 ].[ Celerium.DattoRMM ] module help tests" executed="True" result="Success" success="True" time="2.5967" asserts="0" description="Testing the [ Built ] version of [ Celerium.DattoRMM ] with [ HelpComment.Tests.ps1 ].[ Celerium.DattoRMM ] module help tests">
                <results>
                  <test-suite type="TestFixture" name="Testing the [ Built ] version of [ Celerium.DattoRMM ] with [ HelpComment.Tests.ps1 ].[ Celerium.DattoRMM ] module help tests.[ Get-DattoRMMAccountComponent ]" executed="True" result="Success" success="True" time="0.2257" asserts="0" description="Testing the [ Built ] version of [ Celerium.DattoRMM ] with [ HelpComment.Tests.ps1 ].[ Celerium.DattoRMM ] module help tests.[ Get-DattoRMMAccountComponent ]">
                    <results>
                      <test-case description="[ Get-DattoRMMAccountComponent ] contains comment based help" name="Testing the [ Built ] version of [ Celerium.DattoRMM ] with [ HelpComment.Tests.ps1 ].[ Celerium.DattoRMM ] module help tests.[ Get-DattoRMMAccountComponent ].[ Get-DattoRMMAccountComponent ] contains comment based help" time="0.0052" asserts="0" success="True" result="Success" executed="True" />
                      <test-case description="[ Get-DattoRMMAccountComponent ] contains a synopsis" name="Testing the [ Built ] version of [ Celerium.DattoRMM ] with [ HelpComment.Tests.ps1 ].[ Celerium.DattoRMM ] module help tests.[ Get-DattoRMMAccountComponent ].[ Get-DattoRMMAccountComponent ] contains a synopsis" time="0.0046" asserts="0" success="True" result="Success" executed="True" />
                      <test-case description="[ Get-DattoRMMAccountComponent ] contains a description" name="Testing the [ Built ] version of [ Celerium.DattoRMM ] with [ HelpComment.Tests.ps1 ].[ Celerium.DattoRMM ] module help tests.[ Get-DattoRMMAccountComponent ].[ Get-DattoRMMAccountComponent ] contains a description" time="0.0046" asserts="0" success="True" result="Success" executed="True" />
                      <test-case description="[ Get-DattoRMMAccountComponent ] contains at least one usage example" name="Testing the [ Built ] version of [ Celerium.DattoRMM ] with [ HelpComment.Tests.ps1 ].[ Celerium.DattoRMM ] module help tests.[ Get-DattoRMMAccountComponent ].[ Get-DattoRMMAccountComponent ] contains at least one usage example" time="0.006" asserts="0" success="True" result="Success" executed="True" />
                      <test-case description="[ Get-DattoRMMAccountComponent ] contains a note" name="Testing the [ Built ] version of [ Celerium.DattoRMM ] with [ HelpComment.Tests.ps1 ].[ Celerium.DattoRMM ] module help tests.[ Get-DattoRMMAccountComponent ].[ Get-DattoRMMAccountComponent ] contains a note" time="0.0078" asserts="0" success="True" result="Success" executed="True" />
                      <test-case description="[ Get-DattoRMMAccountComponent ] contains a link" name="Testing the [ Built ] version of [ Celerium.DattoRMM ] with [ HelpComment.Tests.ps1 ].[ Celerium.DattoRMM ] module help tests.[ Get-DattoRMMAccountComponent ].[ Get-DattoRMMAccountComponent ] contains a link" time="0.0046" asserts="0" success="True" result="Success" executed="True" />
                      <test-case description="[ Get-DattoRMMAccountComponent ] link should return 200" name="Testing the [ Built ] version of [ Celerium.DattoRMM ] with [ HelpComment.Tests.ps1 ].[ Celerium.DattoRMM ] module help tests.[ Get-DattoRMMAccountComponent ].[ Get-DattoRMMAccountComponent ] link should return 200" time="0.144" asserts="0" success="True" result="Success" executed="True" />
                      <test-suite type="ParameterizedTest" name="Testing the [ Built ] version of [ Celerium.DattoRMM ] with [ HelpComment.Tests.ps1 ].[ Celerium.DattoRMM ] module help tests.[ Get-DattoRMMAccountComponent ].[ Get-DattoRMMAccountComponent ] - Parameter has a description - [ &lt;_.name&gt; ]" executed="True" result="Success" success="True" time="0.0211" asserts="0" description="[ Get-DattoRMMAccountComponent ] - Parameter has a description - [ &lt;_.name&gt; ]">
                        <results>
                          <test-case description="[ Get-DattoRMMAccountComponent ] - Parameter has a description - [ Page ]" name="Testing the [ Built ] version of [ Celerium.DattoRMM ] with [ HelpComment.Tests.ps1 ].[ Celerium.DattoRMM ] module help tests.[ Get-DattoRMMAccountComponent ].[ Get-DattoRMMAccountComponent ] - Parameter has a description - [ Page ]" time="0.0073" asserts="0" success="True" result="Success" executed="True" />
                          <test-case description="[ Get-DattoRMMAccountComponent ] - Parameter has a description - [ Max ]" name="Testing the [ Built ] version of [ Celerium.DattoRMM ] with [ HelpComment.Tests.ps1 ].[ Celerium.DattoRMM ] module help tests.[ Get-DattoRMMAccountComponent ].[ Get-DattoRMMAccountComponent ] - Parameter has a description - [ Max ]" time="0.0053" asserts="0" success="True" result="Success" executed="True" />
                          <test-case description="[ Get-DattoRMMAccountComponent ] - Parameter has a description - [ AllResults ]" name="Testing the [ Built ] version of [ Celerium.DattoRMM ] with [ HelpComment.Tests.ps1 ].[ Celerium.DattoRMM ] module help tests.[ Get-DattoRMMAccountComponent ].[ Get-DattoRMMAccountComponent ] - Parameter has a description - [ AllResults ]" time="0.0085" asserts="0" success="True" result="Success" executed="True" />
                        </results>
                      </test-suite>
                      <test-suite type="ParameterizedTest" name="Testing the [ Built ] version of [ Celerium.DattoRMM ] with [ HelpComment.Tests.ps1 ].[ Celerium.DattoRMM ] module help tests.[ Get-DattoRMMAccountComponent ].[ Get-DattoRMMAccountComponent ] - Example has example code &amp; description   - [ &lt;_.title -replace '-'.''&gt; ]" executed="True" result="Success" success="True" time="0.0157" asserts="0" description="[ Get-DattoRMMAccountComponent ] - Example has example code &amp; description   - [ &lt;_.title -replace '-'.''&gt; ]">
                        <results>
                          <test-case description="[ Get-DattoRMMAccountComponent ] - Example has example code &amp; description   - [  EXAMPLE 1  ]" name="Testing the [ Built ] version of [ Celerium.DattoRMM ] with [ HelpComment.Tests.ps1 ].[ Celerium.DattoRMM ] module help tests.[ Get-DattoRMMAccountComponent ].[ Get-DattoRMMAccountComponent ] - Example has example code &amp; description   - [  EXAMPLE 1  ]" time="0.0087" asserts="0" success="True" result="Success" executed="True" />
                          <test-case description="[ Get-DattoRMMAccountComponent ] - Example has example code &amp; description   - [  EXAMPLE 2  ]" name="Testing the [ Built ] version of [ Celerium.DattoRMM ] with [ HelpComment.Tests.ps1 ].[ Celerium.DattoRMM ] module help tests.[ Get-DattoRMMAccountComponent ].[ Get-DattoRMMAccountComponent ] - Example has example code &amp; description   - [  EXAMPLE 2  ]" time="0.0069" asserts="0" success="True" result="Success" executed="True" />
                        </results>
                      </test-suite>
                    </results>
                  </test-suite>
                </results>
              </test-suite>
              <test-suite type="TestFixture" name="Testing the [ Built ] version of [ Celerium.DattoRMM ] with [ HelpComment.Tests.ps1 ].[ Celerium.DattoRMM ] module help tests" executed="True" result="Success" success="True" time="2.8725" asserts="0" description="Testing the [ Built ] version of [ Celerium.DattoRMM ] with [ HelpComment.Tests.ps1 ].[ Celerium.DattoRMM ] module help tests">
                <results>
                  <test-suite type="TestFixture" name="Testing the [ Built ] version of [ Celerium.DattoRMM ] with [ HelpComment.Tests.ps1 ].[ Celerium.DattoRMM ] module help tests.[ Get-DattoRMMAccountDevice ]" executed="True" result="Success" success="True" time="0.2676" asserts="0" description="Testing the [ Built ] version of [ Celerium.DattoRMM ] with [ HelpComment.Tests.ps1 ].[ Celerium.DattoRMM ] module help tests.[ Get-DattoRMMAccountDevice ]">
                    <results>
                      <test-case description="[ Get-DattoRMMAccountDevice ] contains comment based help" name="Testing the [ Built ] version of [ Celerium.DattoRMM ] with [ HelpComment.Tests.ps1 ].[ Celerium.DattoRMM ] module help tests.[ Get-DattoRMMAccountDevice ].[ Get-DattoRMMAccountDevice ] contains comment based help" time="0.0052" asserts="0" success="True" result="Success" executed="True" />
                      <test-case description="[ Get-DattoRMMAccountDevice ] contains a synopsis" name="Testing the [ Built ] version of [ Celerium.DattoRMM ] with [ HelpComment.Tests.ps1 ].[ Celerium.DattoRMM ] module help tests.[ Get-DattoRMMAccountDevice ].[ Get-DattoRMMAccountDevice ] contains a synopsis" time="0.0045" asserts="0" success="True" result="Success" executed="True" />
                      <test-case description="[ Get-DattoRMMAccountDevice ] contains a description" name="Testing the [ Built ] version of [ Celerium.DattoRMM ] with [ HelpComment.Tests.ps1 ].[ Celerium.DattoRMM ] module help tests.[ Get-DattoRMMAccountDevice ].[ Get-DattoRMMAccountDevice ] contains a description" time="0.0048" asserts="0" success="True" result="Success" executed="True" />
                      <test-case description="[ Get-DattoRMMAccountDevice ] contains at least one usage example" name="Testing the [ Built ] version of [ Celerium.DattoRMM ] with [ HelpComment.Tests.ps1 ].[ Celerium.DattoRMM ] module help tests.[ Get-DattoRMMAccountDevice ].[ Get-DattoRMMAccountDevice ] contains at least one usage example" time="0.0061" asserts="0" success="True" result="Success" executed="True" />
                      <test-case description="[ Get-DattoRMMAccountDevice ] contains a note" name="Testing the [ Built ] version of [ Celerium.DattoRMM ] with [ HelpComment.Tests.ps1 ].[ Celerium.DattoRMM ] module help tests.[ Get-DattoRMMAccountDevice ].[ Get-DattoRMMAccountDevice ] contains a note" time="0.0047" asserts="0" success="True" result="Success" executed="True" />
                      <test-case description="[ Get-DattoRMMAccountDevice ] contains a link" name="Testing the [ Built ] version of [ Celerium.DattoRMM ] with [ HelpComment.Tests.ps1 ].[ Celerium.DattoRMM ] module help tests.[ Get-DattoRMMAccountDevice ].[ Get-DattoRMMAccountDevice ] contains a link" time="0.0081" asserts="0" success="True" result="Success" executed="True" />
                      <test-case description="[ Get-DattoRMMAccountDevice ] link should return 200" name="Testing the [ Built ] version of [ Celerium.DattoRMM ] with [ HelpComment.Tests.ps1 ].[ Celerium.DattoRMM ] module help tests.[ Get-DattoRMMAccountDevice ].[ Get-DattoRMMAccountDevice ] link should return 200" time="0.1539" asserts="0" success="True" result="Success" executed="True" />
                      <test-suite type="ParameterizedTest" name="Testing the [ Built ] version of [ Celerium.DattoRMM ] with [ HelpComment.Tests.ps1 ].[ Celerium.DattoRMM ] module help tests.[ Get-DattoRMMAccountDevice ].[ Get-DattoRMMAccountDevice ] - Parameter has a description - [ &lt;_.name&gt; ]" executed="True" result="Success" success="True" time="0.0471" asserts="0" description="[ Get-DattoRMMAccountDevice ] - Parameter has a description - [ &lt;_.name&gt; ]">
                        <results>
                          <test-case description="[ Get-DattoRMMAccountDevice ] - Parameter has a description - [ FilterID ]" name="Testing the [ Built ] version of [ Celerium.DattoRMM ] with [ HelpComment.Tests.ps1 ].[ Celerium.DattoRMM ] module help tests.[ Get-DattoRMMAccountDevice ].[ Get-DattoRMMAccountDevice ] - Parameter has a description - [ FilterID ]" time="0.0066" asserts="0" success="True" result="Success" executed="True" />
                          <test-case description="[ Get-DattoRMMAccountDevice ] - Parameter has a description - [ Hostname ]" name="Testing the [ Built ] version of [ Celerium.DattoRMM ] with [ HelpComment.Tests.ps1 ].[ Celerium.DattoRMM ] module help tests.[ Get-DattoRMMAccountDevice ].[ Get-DattoRMMAccountDevice ] - Parameter has a description - [ Hostname ]" time="0.0059" asserts="0" success="True" result="Success" executed="True" />
                          <test-case description="[ Get-DattoRMMAccountDevice ] - Parameter has a description - [ DeviceType ]" name="Testing the [ Built ] version of [ Celerium.DattoRMM ] with [ HelpComment.Tests.ps1 ].[ Celerium.DattoRMM ] module help tests.[ Get-DattoRMMAccountDevice ].[ Get-DattoRMMAccountDevice ] - Parameter has a description - [ DeviceType ]" time="0.0056" asserts="0" success="True" result="Success" executed="True" />
                          <test-case description="[ Get-DattoRMMAccountDevice ] - Parameter has a description - [ OperatingSystem ]" name="Testing the [ Built ] version of [ Celerium.DattoRMM ] with [ HelpComment.Tests.ps1 ].[ Celerium.DattoRMM ] module help tests.[ Get-DattoRMMAccountDevice ].[ Get-DattoRMMAccountDevice ] - Parameter has a description - [ OperatingSystem ]" time="0.0085" asserts="0" success="True" result="Success" executed="True" />
                          <test-case description="[ Get-DattoRMMAccountDevice ] - Parameter has a description - [ SiteName ]" name="Testing the [ Built ] version of [ Celerium.DattoRMM ] with [ HelpComment.Tests.ps1 ].[ Celerium.DattoRMM ] module help tests.[ Get-DattoRMMAccountDevice ].[ Get-DattoRMMAccountDevice ] - Parameter has a description - [ SiteName ]" time="0.0053" asserts="0" success="True" result="Success" executed="True" />
                          <test-case description="[ Get-DattoRMMAccountDevice ] - Parameter has a description - [ Page ]" name="Testing the [ Built ] version of [ Celerium.DattoRMM ] with [ HelpComment.Tests.ps1 ].[ Celerium.DattoRMM ] module help tests.[ Get-DattoRMMAccountDevice ].[ Get-DattoRMMAccountDevice ] - Parameter has a description - [ Page ]" time="0.0048" asserts="0" success="True" result="Success" executed="True" />
                          <test-case description="[ Get-DattoRMMAccountDevice ] - Parameter has a description - [ Max ]" name="Testing the [ Built ] version of [ Celerium.DattoRMM ] with [ HelpComment.Tests.ps1 ].[ Celerium.DattoRMM ] module help tests.[ Get-DattoRMMAccountDevice ].[ Get-DattoRMMAccountDevice ] - Parameter has a description - [ Max ]" time="0.0053" asserts="0" success="True" result="Success" executed="True" />
                          <test-case description="[ Get-DattoRMMAccountDevice ] - Parameter has a description - [ AllResults ]" name="Testing the [ Built ] version of [ Celerium.DattoRMM ] with [ HelpComment.Tests.ps1 ].[ Celerium.DattoRMM ] module help tests.[ Get-DattoRMMAccountDevice ].[ Get-DattoRMMAccountDevice ] - Parameter has a description - [ AllResults ]" time="0.0051" asserts="0" success="True" result="Success" executed="True" />
                        </results>
                      </test-suite>
                      <test-suite type="ParameterizedTest" name="Testing the [ Built ] version of [ Celerium.DattoRMM ] with [ HelpComment.Tests.ps1 ].[ Celerium.DattoRMM ] module help tests.[ Get-DattoRMMAccountDevice ].[ Get-DattoRMMAccountDevice ] - Example has example code &amp; description   - [ &lt;_.title -replace '-'.''&gt; ]" executed="True" result="Success" success="True" time="0.0181" asserts="0" description="[ Get-DattoRMMAccountDevice ] - Example has example code &amp; description   - [ &lt;_.title -replace '-'.''&gt; ]">
                        <results>
                          <test-case description="[ Get-DattoRMMAccountDevice ] - Example has example code &amp; description   - [  EXAMPLE 1  ]" name="Testing the [ Built ] version of [ Celerium.DattoRMM ] with [ HelpComment.Tests.ps1 ].[ Celerium.DattoRMM ] module help tests.[ Get-DattoRMMAccountDevice ].[ Get-DattoRMMAccountDevice ] - Example has example code &amp; description   - [  EXAMPLE 1  ]" time="0.0117" asserts="0" success="True" result="Success" executed="True" />
                          <test-case description="[ Get-DattoRMMAccountDevice ] - Example has example code &amp; description   - [  EXAMPLE 2  ]" name="Testing the [ Built ] version of [ Celerium.DattoRMM ] with [ HelpComment.Tests.ps1 ].[ Celerium.DattoRMM ] module help tests.[ Get-DattoRMMAccountDevice ].[ Get-DattoRMMAccountDevice ] - Example has example code &amp; description   - [  EXAMPLE 2  ]" time="0.0064" asserts="0" success="True" result="Success" executed="True" />
                        </results>
                      </test-suite>
                    </results>
                  </test-suite>
                </results>
              </test-suite>
              <test-suite type="TestFixture" name="Testing the [ Built ] version of [ Celerium.DattoRMM ] with [ HelpComment.Tests.ps1 ].[ Celerium.DattoRMM ] module help tests" executed="True" result="Success" success="True" time="3.1024" asserts="0" description="Testing the [ Built ] version of [ Celerium.DattoRMM ] with [ HelpComment.Tests.ps1 ].[ Celerium.DattoRMM ] module help tests">
                <results>
                  <test-suite type="TestFixture" name="Testing the [ Built ] version of [ Celerium.DattoRMM ] with [ HelpComment.Tests.ps1 ].[ Celerium.DattoRMM ] module help tests.[ Get-DattoRMMAccountDnetSiteMapping ]" executed="True" result="Success" success="True" time="0.2222" asserts="0" description="Testing the [ Built ] version of [ Celerium.DattoRMM ] with [ HelpComment.Tests.ps1 ].[ Celerium.DattoRMM ] module help tests.[ Get-DattoRMMAccountDnetSiteMapping ]">
                    <results>
                      <test-case description="[ Get-DattoRMMAccountDnetSiteMapping ] contains comment based help" name="Testing the [ Built ] version of [ Celerium.DattoRMM ] with [ HelpComment.Tests.ps1 ].[ Celerium.DattoRMM ] module help tests.[ Get-DattoRMMAccountDnetSiteMapping ].[ Get-DattoRMMAccountDnetSiteMapping ] contains comment based help" time="0.0077" asserts="0" success="True" result="Success" executed="True" />
                      <test-case description="[ Get-DattoRMMAccountDnetSiteMapping ] contains a synopsis" name="Testing the [ Built ] version of [ Celerium.DattoRMM ] with [ HelpComment.Tests.ps1 ].[ Celerium.DattoRMM ] module help tests.[ Get-DattoRMMAccountDnetSiteMapping ].[ Get-DattoRMMAccountDnetSiteMapping ] contains a synopsis" time="0.0065" asserts="0" success="True" result="Success" executed="True" />
                      <test-case description="[ Get-DattoRMMAccountDnetSiteMapping ] contains a description" name="Testing the [ Built ] version of [ Celerium.DattoRMM ] with [ HelpComment.Tests.ps1 ].[ Celerium.DattoRMM ] module help tests.[ Get-DattoRMMAccountDnetSiteMapping ].[ Get-DattoRMMAccountDnetSiteMapping ] contains a description" time="0.006" asserts="0" success="True" result="Success" executed="True" />
                      <test-case description="[ Get-DattoRMMAccountDnetSiteMapping ] contains at least one usage example" name="Testing the [ Built ] version of [ Celerium.DattoRMM ] with [ HelpComment.Tests.ps1 ].[ Celerium.DattoRMM ] module help tests.[ Get-DattoRMMAccountDnetSiteMapping ].[ Get-DattoRMMAccountDnetSiteMapping ] contains at least one usage example" time="0.0067" asserts="0" success="True" result="Success" executed="True" />
                      <test-case description="[ Get-DattoRMMAccountDnetSiteMapping ] contains a note" name="Testing the [ Built ] version of [ Celerium.DattoRMM ] with [ HelpComment.Tests.ps1 ].[ Celerium.DattoRMM ] module help tests.[ Get-DattoRMMAccountDnetSiteMapping ].[ Get-DattoRMMAccountDnetSiteMapping ] contains a note" time="0.0048" asserts="0" success="True" result="Success" executed="True" />
                      <test-case description="[ Get-DattoRMMAccountDnetSiteMapping ] contains a link" name="Testing the [ Built ] version of [ Celerium.DattoRMM ] with [ HelpComment.Tests.ps1 ].[ Celerium.DattoRMM ] module help tests.[ Get-DattoRMMAccountDnetSiteMapping ].[ Get-DattoRMMAccountDnetSiteMapping ] contains a link" time="0.0045" asserts="0" success="True" result="Success" executed="True" />
                      <test-case description="[ Get-DattoRMMAccountDnetSiteMapping ] link should return 200" name="Testing the [ Built ] version of [ Celerium.DattoRMM ] with [ HelpComment.Tests.ps1 ].[ Celerium.DattoRMM ] module help tests.[ Get-DattoRMMAccountDnetSiteMapping ].[ Get-DattoRMMAccountDnetSiteMapping ] link should return 200" time="0.1395" asserts="0" success="True" result="Success" executed="True" />
                      <test-suite type="ParameterizedTest" name="Testing the [ Built ] version of [ Celerium.DattoRMM ] with [ HelpComment.Tests.ps1 ].[ Celerium.DattoRMM ] module help tests.[ Get-DattoRMMAccountDnetSiteMapping ].[ Get-DattoRMMAccountDnetSiteMapping ] - Parameter has a description - [ &lt;_.name&gt; ]" executed="True" result="Success" success="True" time="0.0176" asserts="0" description="[ Get-DattoRMMAccountDnetSiteMapping ] - Parameter has a description - [ &lt;_.name&gt; ]">
                        <results>
[...]
                  <test-case description="With parameter -DataCenter Merlot should return the default URI" name="Testing [ Add-DattoRMMBaseURI ] functions with [ Add-DattoRMMBaseURI.Tests.ps1 ].[ Add-DattoRMMBaseURI ] testing functions.With parameter -DataCenter Merlot should return the default URI" time="0.0081" asserts="0" success="True" result="Success" executed="True" />
                  <test-case description="With parameter -DataCenter Pinotage should return the default URI" name="Testing [ Add-DattoRMMBaseURI ] functions with [ Add-DattoRMMBaseURI.Tests.ps1 ].[ Add-DattoRMMBaseURI ] testing functions.With parameter -DataCenter Pinotage should return the default URI" time="0.0082" asserts="0" success="True" result="Success" executed="True" />
                  <test-case description="With parameter -DataCenter Syrah should return the default URI" name="Testing [ Add-DattoRMMBaseURI ] functions with [ Add-DattoRMMBaseURI.Tests.ps1 ].[ Add-DattoRMMBaseURI ] testing functions.With parameter -DataCenter Syrah should return the default URI" time="0.0077" asserts="0" success="True" result="Success" executed="True" />
                  <test-case description="With parameter -DataCenter Vidal should return the default URI" name="Testing [ Add-DattoRMMBaseURI ] functions with [ Add-DattoRMMBaseURI.Tests.ps1 ].[ Add-DattoRMMBaseURI ] testing functions.With parameter -DataCenter Vidal should return the default URI" time="0.0081" asserts="0" success="True" result="Success" executed="True" />
                  <test-case description="With parameter -DataCenter Zinfandel should return the default URI" name="Testing [ Add-DattoRMMBaseURI ] functions with [ Add-DattoRMMBaseURI.Tests.ps1 ].[ Add-DattoRMMBaseURI ] testing functions.With parameter -DataCenter Zinfandel should return the default URI" time="0.008" asserts="0" success="True" result="Success" executed="True" />
                  <test-case description="With invalid parameter value -DataCenter Space should return an error" name="Testing [ Add-DattoRMMBaseURI ] functions with [ Add-DattoRMMBaseURI.Tests.ps1 ].[ Add-DattoRMMBaseURI ] testing functions.With invalid parameter value -DataCenter Space should return an error" time="0.1416" asserts="0" success="True" result="Success" executed="True" />
                  <test-case description="The default URI should NOT contain a trailing forward slash" name="Testing [ Add-DattoRMMBaseURI ] functions with [ Add-DattoRMMBaseURI.Tests.ps1 ].[ Add-DattoRMMBaseURI ] testing functions.The default URI should NOT contain a trailing forward slash" time="0.0487" asserts="0" success="True" result="Success" executed="True" />
                  <test-case description="A custom URI should NOT contain a trailing forward slash" name="Testing [ Add-DattoRMMBaseURI ] functions with [ Add-DattoRMMBaseURI.Tests.ps1 ].[ Add-DattoRMMBaseURI ] testing functions.A custom URI should NOT contain a trailing forward slash" time="0.0083" asserts="0" success="True" result="Success" executed="True" />
                </results>
              </test-suite>
            </results>
          </test-suite>
        </results>
      </test-suite>
      <test-suite type="TestFixture" name="C:\Celerium\Projects\_API\Celerium.DattoRMM\tests\Private\BaseUri\Get-DattoRMMBaseURI.Tests.ps1" executed="True" result="Success" success="True" time="0.6936" asserts="0" description="C:\Celerium\Projects\_API\Celerium.DattoRMM\tests\Private\BaseUri\Get-DattoRMMBaseURI.Tests.ps1">
        <results>
          <test-suite type="TestFixture" name="Testing [ Get-DattoRMMBaseURI ] function with [ Get-DattoRMMBaseURI.Tests.ps1 ]" executed="True" result="Success" success="True" time="0.0629" asserts="0" description="Testing [ Get-DattoRMMBaseURI ] function with [ Get-DattoRMMBaseURI.Tests.ps1 ]">
            <results>
              <test-suite type="TestFixture" name="Testing [ Get-DattoRMMBaseURI ] function with [ Get-DattoRMMBaseURI.Tests.ps1 ].[ Get-DattoRMMBaseURI ] testing function" executed="True" result="Success" success="True" time="0.055" asserts="0" description="Testing [ Get-DattoRMMBaseURI ] function with [ Get-DattoRMMBaseURI.Tests.ps1 ].[ Get-DattoRMMBaseURI ] testing function">
                <results>
                  <test-case description="The default URI should be returned" name="Testing [ Get-DattoRMMBaseURI ] function with [ Get-DattoRMMBaseURI.Tests.ps1 ].[ Get-DattoRMMBaseURI ] testing function.The default URI should be returned" time="0.0086" asserts="0" success="True" result="Success" executed="True" />
                  <test-case description="The URI should be a string" name="Testing [ Get-DattoRMMBaseURI ] function with [ Get-DattoRMMBaseURI.Tests.ps1 ].[ Get-DattoRMMBaseURI ] testing function.The URI should be a string" time="0.0105" asserts="0" success="True" result="Success" executed="True" />
                  <test-case description="The default URI should NOT contain a trailing forward slash" name="Testing [ Get-DattoRMMBaseURI ] function with [ Get-DattoRMMBaseURI.Tests.ps1 ].[ Get-DattoRMMBaseURI ] testing function.The default URI should NOT contain a trailing forward slash" time="0.011" asserts="0" success="True" result="Success" executed="True" />
                  <test-case description="A custom URI should NOT contain a trailing forward slash" name="Testing [ Get-DattoRMMBaseURI ] function with [ Get-DattoRMMBaseURI.Tests.ps1 ].[ Get-DattoRMMBaseURI ] testing function.A custom URI should NOT contain a trailing forward slash" time="0.0077" asserts="0" success="True" result="Success" executed="True" />
                  <test-case description="If the baseUri is not set a warning should be thrown" name="Testing [ Get-DattoRMMBaseURI ] function with [ Get-DattoRMMBaseURI.Tests.ps1 ].[ Get-DattoRMMBaseURI ] testing function.If the baseUri is not set a warning should be thrown" time="0.0075" asserts="0" success="True" result="Success" executed="True" />
                </results>
              </test-suite>
            </results>
          </test-suite>
        </results>
      </test-suite>
      <test-suite type="TestFixture" name="C:\Celerium\Projects\_API\Celerium.DattoRMM\tests\Private\BaseUri\Remove-DattoRMMBaseURI.Tests.ps1" executed="True" result="Success" success="True" time="0.6539" asserts="0" description="C:\Celerium\Projects\_API\Celerium.DattoRMM\tests\Private\BaseUri\Remove-DattoRMMBaseURI.Tests.ps1">
        <results>
          <test-suite type="TestFixture" name="Testing [ Remove-DattoRMMBaseURI ] function with [ Remove-DattoRMMBaseURI.Tests.ps1 ]" executed="True" result="Success" success="True" time="0.036" asserts="0" description="Testing [ Remove-DattoRMMBaseURI ] function with [ Remove-DattoRMMBaseURI.Tests.ps1 ]">
            <results>
              <test-suite type="TestFixture" name="Testing [ Remove-DattoRMMBaseURI ] function with [ Remove-DattoRMMBaseURI.Tests.ps1 ].[ Remove-DattoRMMBaseURI ] testing function" executed="True" result="Success" success="True" time="0.0273" asserts="0" description="Testing [ Remove-DattoRMMBaseURI ] function with [ Remove-DattoRMMBaseURI.Tests.ps1 ].[ Remove-DattoRMMBaseURI ] testing function">
                <results>
                  <test-case description="The baseUri variable should not longer exist" name="Testing [ Remove-DattoRMMBaseURI ] function with [ Remove-DattoRMMBaseURI.Tests.ps1 ].[ Remove-DattoRMMBaseURI ] testing function.The baseUri variable should not longer exist" time="0.0078" asserts="0" success="True" result="Success" executed="True" />
                  <test-case description="If the baseUri is already gone a warning should be thrown" name="Testing [ Remove-DattoRMMBaseURI ] function with [ Remove-DattoRMMBaseURI.Tests.ps1 ].[ Remove-DattoRMMBaseURI ] testing function.If the baseUri is already gone a warning should be thrown" time="0.0111" asserts="0" success="True" result="Success" executed="True" />
                </results>
              </test-suite>
            </results>
          </test-suite>
        </results>
      </test-suite>
      <test-suite type="TestFixture" name="C:\Celerium\Projects\_API\Celerium.DattoRMM\tests\Private\ModuleSettings\Export-DattoRMMModuleSetting.Tests.ps1" executed="True" result="Success" success="True" time="0.8116" asserts="0" description="C:\Celerium\Projects\_API\Celerium.DattoRMM\tests\Private\ModuleSettings\Export-DattoRMMModuleSetting.Tests.ps1">
        <results>
          <test-suite type="TestFixture" name="Testing [ Export-DattoRMMModuleSetting ] function with [ Export-DattoRMMModuleSetting.Tests.ps1 ]" executed="True" result="Success" success="True" time="0.1484" asserts="0" description="Testing [ Export-DattoRMMModuleSetting ] function with [ Export-DattoRMMModuleSetting.Tests.ps1 ]">
            <results>
              <test-suite type="TestFixture" name="Testing [ Export-DattoRMMModuleSetting ] function with [ Export-DattoRMMModuleSetting.Tests.ps1 ].[ Export-DattoRMMModuleSetting ] testing function" executed="True" result="Success" success="True" time="0.1404" asserts="0" description="Testing [ Export-DattoRMMModuleSetting ] function with [ Export-DattoRMMModuleSetting.Tests.ps1 ].[ Export-DattoRMMModuleSetting ] testing function">
                <results>
                  <test-case description="Should export successfully" name="Testing [ Export-DattoRMMModuleSetting ] function with [ Export-DattoRMMModuleSetting.Tests.ps1 ].[ Export-DattoRMMModuleSetting ] testing function.Should export successfully" time="0.039" asserts="0" success="True" result="Success" executed="True" />
                  <test-case description="Configuration directory should be hidden" name="Testing [ Export-DattoRMMModuleSetting ] function with [ Export-DattoRMMModuleSetting.Tests.ps1 ].[ Export-DattoRMMModuleSetting ] testing function.Configuration directory should be hidden" time="0.0551" asserts="0" success="True" result="Success" executed="True" />
                  <test-case description="Configuration file should contain required values" name="Testing [ Export-DattoRMMModuleSetting ] function with [ Export-DattoRMMModuleSetting.Tests.ps1 ].[ Export-DattoRMMModuleSetting ] testing function.Configuration file should contain required values" time="0.0381" asserts="0" success="True" result="Success" executed="True" />
                </results>
              </test-suite>
            </results>
          </test-suite>
        </results>
      </test-suite>
      <test-suite type="TestFixture" name="C:\Celerium\Projects\_API\Celerium.DattoRMM\tests\Private\ModuleSettings\Get-DattoRMMModuleSetting.Tests.ps1" executed="True" result="Success" success="True" time="0.7347" asserts="0" description="C:\Celerium\Projects\_API\Celerium.DattoRMM\tests\Private\ModuleSettings\Get-DattoRMMModuleSetting.Tests.ps1">
        <results>
          <test-suite type="TestFixture" name="Testing [ Get-DattoRMMModuleSetting ] function with [ Get-DattoRMMModuleSetting.Tests.ps1 ]" executed="True" result="Success" success="True" time="0.0687" asserts="0" description="Testing [ Get-DattoRMMModuleSetting ] function with [ Get-DattoRMMModuleSetting.Tests.ps1 ]">
            <results>
              <test-suite type="TestFixture" name="Testing [ Get-DattoRMMModuleSetting ] function with [ Get-DattoRMMModuleSetting.Tests.ps1 ].[ Get-DattoRMMModuleSetting ] testing function" executed="True" result="Success" success="True" time="0.058" asserts="0" description="Testing [ Get-DattoRMMModuleSetting ] function with [ Get-DattoRMMModuleSetting.Tests.ps1 ].[ Get-DattoRMMModuleSetting ] testing function">
                <results>
                  <test-case description="Configuration directory should be hidden" name="Testing [ Get-DattoRMMModuleSetting ] function with [ Get-DattoRMMModuleSetting.Tests.ps1 ].[ Get-DattoRMMModuleSetting ] testing function.Configuration directory should be hidden" time="0.0139" asserts="0" success="True" result="Success" executed="True" />
                  <test-case description="Configuration file should contain required values" name="Testing [ Get-DattoRMMModuleSetting ] function with [ Get-DattoRMMModuleSetting.Tests.ps1 ].[ Get-DattoRMMModuleSetting ] testing function.Configuration file should contain required values" time="0.0351" asserts="0" success="True" result="Success" executed="True" />
                </results>
              </test-suite>
            </results>
          </test-suite>
        </results>
      </test-suite>
      <test-suite type="TestFixture" name="C:\Celerium\Projects\_API\Celerium.DattoRMM\tests\Private\ModuleSettings\Import-DattoRMMModuleSetting.Tests.ps1" executed="True" result="Success" success="True" time="0.7743" asserts="0" description="C:\Celerium\Projects\_API\Celerium.DattoRMM\tests\Private\ModuleSettings\Import-DattoRMMModuleSetting.Tests.ps1">
        <results>
          <test-suite type="TestFixture" name="Testing [ Import-DattoRMMModuleSetting ] function with [ Import-DattoRMMModuleSetting.Tests.ps1 ]" executed="True" result="Success" success="True" time="0.1018" asserts="0" description="Testing [ Import-DattoRMMModuleSetting ] function with [ Import-DattoRMMModuleSetting.Tests.ps1 ]">
            <results>
              <test-suite type="TestFixture" name="Testing [ Import-DattoRMMModuleSetting ] function with [ Import-DattoRMMModuleSetting.Tests.ps1 ].[ Import-DattoRMMModuleSetting ] testing function" executed="True" result="Success" success="True" time="0.091" asserts="0" description="Testing [ Import-DattoRMMModuleSetting ] function with [ Import-DattoRMMModuleSetting.Tests.ps1 ].[ Import-DattoRMMModuleSetting ] testing function">
                <results>
                  <test-case description="No configuration should populate baseline variables" name="Testing [ Import-DattoRMMModuleSetting ] function with [ Import-DattoRMMModuleSetting.Tests.ps1 ].[ Import-DattoRMMModuleSetting ] testing function.No configuration should populate baseline variables" time="0.0191" asserts="0" success="True" result="Success" executed="True" />
                  <test-case description="Saved configuration session should contain required variables" name="Testing [ Import-DattoRMMModuleSetting ] function with [ Import-DattoRMMModuleSetting.Tests.ps1 ].[ Import-DattoRMMModuleSetting ] testing function.Saved configuration session should contain required variables" time="0.0329" asserts="0" success="True" result="Success" executed="True" />
                  <test-case description="Saved configuration session should NOT contain temp variables" name="Testing [ Import-DattoRMMModuleSetting ] function with [ Import-DattoRMMModuleSetting.Tests.ps1 ].[ Import-DattoRMMModuleSetting ] testing function.Saved configuration session should NOT contain temp variables" time="0.0301" asserts="0" success="True" result="Success" executed="True" />
                </results>
              </test-suite>
            </results>
          </test-suite>
        </results>
      </test-suite>
      <test-suite type="TestFixture" name="C:\Celerium\Projects\_API\Celerium.DattoRMM\tests\Private\ModuleSettings\Initialize-DattoRMMModuleSetting.Tests.ps1" executed="True" result="Success" success="True" time="2.2952" asserts="0" description="C:\Celerium\Projects\_API\Celerium.DattoRMM\tests\Private\ModuleSettings\Initialize-DattoRMMModuleSetting.Tests.ps1">
        <results>
          <test-suite type="TestFixture" name="Testing [ Initialize-DattoRMMModuleSetting ] function with [ Initialize-DattoRMMModuleSetting.Tests.ps1 ]" executed="True" result="Success" success="True" time="1.6909" asserts="0" description="Testing [ Initialize-DattoRMMModuleSetting ] function with [ Initialize-DattoRMMModuleSetting.Tests.ps1 ]">
            <results>
              <test-suite type="TestFixture" name="Testing [ Initialize-DattoRMMModuleSetting ] function with [ Initialize-DattoRMMModuleSetting.Tests.ps1 ].[ Initialize-DattoRMMModuleSetting ] testing function" executed="True" result="Success" success="True" time="1.6835" asserts="0" description="Testing [ Initialize-DattoRMMModuleSetting ] function with [ Initialize-DattoRMMModuleSetting.Tests.ps1 ].[ Initialize-DattoRMMModuleSetting ] testing function">
                <results>
                  <test-case description="When imported WITHOUT a saved configuration baseline variables should exist" name="Testing [ Initialize-DattoRMMModuleSetting ] function with [ Initialize-DattoRMMModuleSetting.Tests.ps1 ].[ Initialize-DattoRMMModuleSetting ] testing function.When imported WITHOUT a saved configuration baseline variables should exist" time="0.5784" asserts="0" success="True" result="Success" executed="True" />
                  <test-case description="When imported WITH a saved configuration baseline variables should exist" name="Testing [ Initialize-DattoRMMModuleSetting ] function with [ Initialize-DattoRMMModuleSetting.Tests.ps1 ].[ Initialize-DattoRMMModuleSetting ] testing function.When imported WITH a saved configuration baseline variables should exist" time="1.0973" asserts="0" success="True" result="Success" executed="True" />
                </results>
              </test-suite>
            </results>
          </test-suite>
        </results>
      </test-suite>
      <test-suite type="TestFixture" name="C:\Celerium\Projects\_API\Celerium.DattoRMM\tests\Private\ModuleSettings\Remove-DattoRMMModuleSetting.Tests.ps1" executed="True" result="Success" success="True" time="0.8229" asserts="0" description="C:\Celerium\Projects\_API\Celerium.DattoRMM\tests\Private\ModuleSettings\Remove-DattoRMMModuleSetting.Tests.ps1">
        <results>
          <test-suite type="TestFixture" name="Testing [ Remove-DattoRMMModuleSetting ] function with [ Remove-DattoRMMModuleSetting.Tests.ps1 ]" executed="True" result="Success" success="True" time="0.0736" asserts="0" description="Testing [ Remove-DattoRMMModuleSetting ] function with [ Remove-DattoRMMModuleSetting.Tests.ps1 ]">
            <results>
              <test-suite type="TestFixture" name="Testing [ Remove-DattoRMMModuleSetting ] function with [ Remove-DattoRMMModuleSetting.Tests.ps1 ].[ Remove-DattoRMMModuleSetting ] testing function" executed="True" result="Success" success="True" time="0.0638" asserts="0" description="Testing [ Remove-DattoRMMModuleSetting ] function with [ Remove-DattoRMMModuleSetting.Tests.ps1 ].[ Remove-DattoRMMModuleSetting ] testing function">
                <results>
                  <test-case description="No configuration should throw a warning" name="Testing [ Remove-DattoRMMModuleSetting ] function with [ Remove-DattoRMMModuleSetting.Tests.ps1 ].[ Remove-DattoRMMModuleSetting ] testing function.No configuration should throw a warning" time="0.0071" asserts="0" success="True" result="Success" executed="True" />
                  <test-case description="Saved configuration should be removed" name="Testing [ Remove-DattoRMMModuleSetting ] function with [ Remove-DattoRMMModuleSetting.Tests.ps1 ].[ Remove-DattoRMMModuleSetting ] testing function.Saved configuration should be removed" time="0.0258" asserts="0" success="True" result="Success" executed="True" />
                  <test-case description="Saved configuration &amp; variables should be removed" name="Testing [ Remove-DattoRMMModuleSetting ] function with [ Remove-DattoRMMModuleSetting.Tests.ps1 ].[ Remove-DattoRMMModuleSetting ] testing function.Saved configuration &amp; variables should be removed" time="0.0222" asserts="0" success="True" result="Success" executed="True" />
                </results>
              </test-suite>
            </results>
          </test-suite>
        </results>
      </test-suite>
    </results>
  </test-suite>
</test-results>