<?xml version="1.0" encoding="utf-8" standalone="no"?>
<test-results xmlns:xsi="http://www.w3.org/2001/XMLSchema-instance" xsi:noNamespaceSchemaLocation="nunit_schema_2.5.xsd" name="Pester" total="912" errors="0" failures="0" not-run="4" inconclusive="0" ignored="0" skipped="5" invalid="0" date="2026-08-27" time="19:44:20">
  <environment clr-version="4.0.30319.42000" user-domain="BATTLESTATION" cwd="C:\Celerium\Projects\_API\Celerium.DattoRMM" platform="Microsoft Windows 11 Pro|C:\WINDOWS|\Device\Harddisk0\Partition3" machine-name="BATTLESTATION" nunit-version="2.5.8.0" os-version="10.0.26200" user="David" />
  <culture-info current-culture="en-US" current-uiculture="en-US" />
  <test-suite type="TestFixture" name="Pester" executed="True" result="Ignored" success="True" time="45.6693" asserts="0" description="Pester">
    <results>
      <test-suite type="TestFixture" name="C:\Celerium\Projects\_API\Celerium.DattoRMM\tests\Celerium.DattoRMM.Tests.ps1" executed="True" result="Success" success="True" time="4.5459" asserts="0" description="C:\Celerium\Projects\_API\Celerium.DattoRMM\tests\Celerium.DattoRMM.Tests.ps1">
        <results>
          <test-suite type="TestFixture" name="Testing the [ Built ] version of [ Celerium.DattoRMM ] with [ Celerium.DattoRMM.Tests.ps1 ]" executed="True" result="Success" success="True" time="1.9349" asserts="0" description="Testing the [ Built ] version of [ Celerium.DattoRMM ] with [ Celerium.DattoRMM.Tests.ps1 ]">
            <results>
              <test-suite type="TestFixture" name="Testing the [ Built ] version of [ Celerium.DattoRMM ] with [ Celerium.DattoRMM.Tests.ps1 ].[ Celerium.DattoRMM.psd1 ] general manifest data" executed="True" result="Success" success="True" time="1.6731" asserts="0" description="Testing the [ Built ] version of [ Celerium.DattoRMM ] with [ Celerium.DattoRMM.Tests.ps1 ].[ Celerium.DattoRMM.psd1 ] general manifest data">
                <results>
                  <test-case description="Manifest [ RootModule ] has valid data" name="Testing the [ Built ] version of [ Celerium.DattoRMM ] with [ Celerium.DattoRMM.Tests.ps1 ].[ Celerium.DattoRMM.psd1 ] general manifest data.Manifest [ RootModule ] has valid data" time="0.9265" asserts="0" success="True" result="Success" executed="True" />
                  <test-case description="Manifest [ ModuleVersion ] has valid data" name="Testing the [ Built ] version of [ Celerium.DattoRMM ] with [ Celerium.DattoRMM.Tests.ps1 ].[ Celerium.DattoRMM.psd1 ] general manifest data.Manifest [ ModuleVersion ] has valid data" time="0.061" asserts="0" success="True" result="Success" executed="True" />
                  <test-case description="Manifest [ GUID ] has valid data" name="Testing the [ Built ] version of [ Celerium.DattoRMM ] with [ Celerium.DattoRMM.Tests.ps1 ].[ Celerium.DattoRMM.psd1 ] general manifest data.Manifest [ GUID ] has valid data" time="0.014" asserts="0" success="True" result="Success" executed="True" />
                  <test-case description="Manifest [ Author ] has valid data" name="Testing the [ Built ] version of [ Celerium.DattoRMM ] with [ Celerium.DattoRMM.Tests.ps1 ].[ Celerium.DattoRMM.psd1 ] general manifest data.Manifest [ Author ] has valid data" time="0.0087" asserts="0" success="True" result="Success" executed="True" />
                  <test-case description="Manifest [ CompanyName ] has valid data" name="Testing the [ Built ] version of [ Celerium.DattoRMM ] with [ Celerium.DattoRMM.Tests.ps1 ].[ Celerium.DattoRMM.psd1 ] general manifest data.Manifest [ CompanyName ] has valid data" time="0.0089" asserts="0" success="True" result="Success" executed="True" />
                  <test-case description="Manifest [ Copyright ] has valid data" name="Testing the [ Built ] version of [ Celerium.DattoRMM ] with [ Celerium.DattoRMM.Tests.ps1 ].[ Celerium.DattoRMM.psd1 ] general manifest data.Manifest [ Copyright ] has valid data" time="0.0087" asserts="0" success="True" result="Success" executed="True" />
                  <test-case description="Manifest [ Description ] is not empty" name="Testing the [ Built ] version of [ Celerium.DattoRMM ] with [ Celerium.DattoRMM.Tests.ps1 ].[ Celerium.DattoRMM.psd1 ] general manifest data.Manifest [ Description ] is not empty" time="0.0522" asserts="0" success="True" result="Success" executed="True" />
                  <test-case description="Manifest [ PowerShellVersion ] has valid data" name="Testing the [ Built ] version of [ Celerium.DattoRMM ] with [ Celerium.DattoRMM.Tests.ps1 ].[ Celerium.DattoRMM.psd1 ] general manifest data.Manifest [ PowerShellVersion ] has valid data" time="0.0082" asserts="0" success="True" result="Success" executed="True" />
                  <test-case description="Manifest [ NestedModules ] has valid data" name="Testing the [ Built ] version of [ Celerium.DattoRMM ] with [ Celerium.DattoRMM.Tests.ps1 ].[ Celerium.DattoRMM.psd1 ] general manifest data.Manifest [ NestedModules ] has valid data" time="0.0146" asserts="0" success="True" result="Success" executed="True" />
                  <test-case description="Manifest [ FunctionsToExport ] has valid data" name="Testing the [ Built ] version of [ Celerium.DattoRMM ] with [ Celerium.DattoRMM.Tests.ps1 ].[ Celerium.DattoRMM.psd1 ] general manifest data.Manifest [ FunctionsToExport ] has valid data" time="0.012" asserts="0" success="True" result="Success" executed="True" />
                  <test-case description="Manifest [ CmdletsToExport ] is empty" name="Testing the [ Built ] version of [ Celerium.DattoRMM ] with [ Celerium.DattoRMM.Tests.ps1 ].[ Celerium.DattoRMM.psd1 ] general manifest data.Manifest [ CmdletsToExport ] is empty" time="0.0128" asserts="0" success="True" result="Success" executed="True" />
                  <test-case description="Manifest [ VariablesToExport ] is empty" name="Testing the [ Built ] version of [ Celerium.DattoRMM ] with [ Celerium.DattoRMM.Tests.ps1 ].[ Celerium.DattoRMM.psd1 ] general manifest data.Manifest [ VariablesToExport ] is empty" time="0.0127" asserts="0" success="True" result="Success" executed="True" />
                  <test-case description="Manifest [ AliasesToExport ] has alias" name="Testing the [ Built ] version of [ Celerium.DattoRMM ] with [ Celerium.DattoRMM.Tests.ps1 ].[ Celerium.DattoRMM.psd1 ] general manifest data.Manifest [ AliasesToExport ] has alias" time="0.013" asserts="0" success="True" result="Success" executed="True" />
                  <test-case description="Manifest [ Tags ] has valid data" name="Testing the [ Built ] version of [ Celerium.DattoRMM ] with [ Celerium.DattoRMM.Tests.ps1 ].[ Celerium.DattoRMM.psd1 ] general manifest data.Manifest [ Tags ] has valid data" time="0.0694" asserts="0" success="True" result="Success" executed="True" />
                  <test-case description="Manifest [ LicenseUri ] has valid data" name="Testing the [ Built ] version of [ Celerium.DattoRMM ] with [ Celerium.DattoRMM.Tests.ps1 ].[ Celerium.DattoRMM.psd1 ] general manifest data.Manifest [ LicenseUri ] has valid data" time="0.0162" asserts="0" success="True" result="Success" executed="True" />
                  <test-case description="Manifest [ ProjectUri ] has valid data" name="Testing the [ Built ] version of [ Celerium.DattoRMM ] with [ Celerium.DattoRMM.Tests.ps1 ].[ Celerium.DattoRMM.psd1 ] general manifest data.Manifest [ ProjectUri ] has valid data" time="0.0093" asserts="0" success="True" result="Success" executed="True" />
                  <test-case description="Manifest [ IconUri ] has valid data" name="Testing the [ Built ] version of [ Celerium.DattoRMM ] with [ Celerium.DattoRMM.Tests.ps1 ].[ Celerium.DattoRMM.psd1 ] general manifest data.Manifest [ IconUri ] has valid data" time="0.0112" asserts="0" success="True" result="Success" executed="True" />
                  <test-case description="Manifest [ ReleaseNotes ] has valid data" name="Testing the [ Built ] version of [ Celerium.DattoRMM ] with [ Celerium.DattoRMM.Tests.ps1 ].[ Celerium.DattoRMM.psd1 ] general manifest data.Manifest [ ReleaseNotes ] has valid data" time="0.0148" asserts="0" success="True" result="Success" executed="True" />
                  <test-case description="Manifest [ HelpInfoUri ] is not empty" name="Testing the [ Built ] version of [ Celerium.DattoRMM ] with [ Celerium.DattoRMM.Tests.ps1 ].[ Celerium.DattoRMM.psd1 ] general manifest data.Manifest [ HelpInfoUri ] is not empty" time="0.014" asserts="0" success="True" result="Success" executed="True" />
                </results>
              </test-suite>
              <test-suite type="TestFixture" name="Testing the [ Built ] version of [ Celerium.DattoRMM ] with [ Celerium.DattoRMM.Tests.ps1 ].[ Celerium.DattoRMM.psd1 ] module import test" executed="True" result="Success" success="True" time="1.8118" asserts="0" description="Testing the [ Built ] version of [ Celerium.DattoRMM ] with [ Celerium.DattoRMM.Tests.ps1 ].[ Celerium.DattoRMM.psd1 ] module import test">
                <results>
                  <test-case description="Module contains only PowerShell files" name="Testing the [ Built ] version of [ Celerium.DattoRMM ] with [ Celerium.DattoRMM.Tests.ps1 ].[ Celerium.DattoRMM.psd1 ] module import test.Module contains only PowerShell files" time="0.0436" asserts="0" success="True" result="Success" executed="True" />
                  <test-case description="Module files exist" name="Testing the [ Built ] version of [ Celerium.DattoRMM ] with [ Celerium.DattoRMM.Tests.ps1 ].[ Celerium.DattoRMM.psd1 ] module import test.Module files exist" time="0.0462" asserts="0" success="True" result="Success" executed="True" />
                  <test-case description="Should pass Test-ModuleManifest" name="Testing the [ Built ] version of [ Celerium.DattoRMM ] with [ Celerium.DattoRMM.Tests.ps1 ].[ Celerium.DattoRMM.psd1 ] module import test.Should pass Test-ModuleManifest" time="0.0213" asserts="0" success="True" result="Success" executed="True" />
                  <test-case description="Should import successfully" name="Testing the [ Built ] version of [ Celerium.DattoRMM ] with [ Celerium.DattoRMM.Tests.ps1 ].[ Celerium.DattoRMM.psd1 ] module import test.Should import successfully" time="0.0127" asserts="0" success="True" result="Success" executed="True" />
                </results>
              </test-suite>
            </results>
          </test-suite>
        </results>
      </test-suite>
      <test-suite type="TestFixture" name="C:\Celerium\Projects\_API\Celerium.DattoRMM\tests\HelpComment.Tests.ps1" executed="True" result="Ignored" success="True" time="22.8975" asserts="0" description="C:\Celerium\Projects\_API\Celerium.DattoRMM\tests\HelpComment.Tests.ps1">
        <results>
          <test-suite type="TestFixture" name="Testing the [ Built ] version of [ Celerium.DattoRMM ] with [ HelpComment.Tests.ps1 ]" executed="True" result="Ignored" success="True" time="16.4355" asserts="0" description="Testing the [ Built ] version of [ Celerium.DattoRMM ] with [ HelpComment.Tests.ps1 ]">
            <results>
              <test-suite type="TestFixture" name="Testing the [ Built ] version of [ Celerium.DattoRMM ] with [ HelpComment.Tests.ps1 ].[ Celerium.DattoRMM ] module help tests" executed="True" result="Success" success="True" time="0.5799" asserts="0" description="Testing the [ Built ] version of [ Celerium.DattoRMM ] with [ HelpComment.Tests.ps1 ].[ Celerium.DattoRMM ] module help tests">
                <results>
                  <test-suite type="TestFixture" name="Testing the [ Built ] version of [ Celerium.DattoRMM ] with [ HelpComment.Tests.ps1 ].[ Celerium.DattoRMM ] module help tests.[ Add-DattoRMMAPIKey ]" executed="True" result="Success" success="True" time="0.5613" asserts="0" description="Testing the [ Built ] version of [ Celerium.DattoRMM ] with [ HelpComment.Tests.ps1 ].[ Celerium.DattoRMM ] module help tests.[ Add-DattoRMMAPIKey ]">
                    <results>
                      <test-case description="[ Add-DattoRMMAPIKey ] contains comment based help" name="Testing the [ Built ] version of [ Celerium.DattoRMM ] with [ HelpComment.Tests.ps1 ].[ Celerium.DattoRMM ] module help tests.[ Add-DattoRMMAPIKey ].[ Add-DattoRMMAPIKey ] contains comment based help" time="0.011" asserts="0" success="True" result="Success" executed="True" />
                      <test-case description="[ Add-DattoRMMAPIKey ] contains a synopsis" name="Testing the [ Built ] version of [ Celerium.DattoRMM ] with [ HelpComment.Tests.ps1 ].[ Celerium.DattoRMM ] module help tests.[ Add-DattoRMMAPIKey ].[ Add-DattoRMMAPIKey ] contains a synopsis" time="0.0073" asserts="0" success="True" result="Success" executed="True" />
                      <test-case description="[ Add-DattoRMMAPIKey ] contains a description" name="Testing the [ Built ] version of [ Celerium.DattoRMM ] with [ HelpComment.Tests.ps1 ].[ Celerium.DattoRMM ] module help tests.[ Add-DattoRMMAPIKey ].[ Add-DattoRMMAPIKey ] contains a description" time="0.0073" asserts="0" success="True" result="Success" executed="True" />
                      <test-case description="[ Add-DattoRMMAPIKey ] contains at least one usage example" name="Testing the [ Built ] version of [ Celerium.DattoRMM ] with [ HelpComment.Tests.ps1 ].[ Celerium.DattoRMM ] module help tests.[ Add-DattoRMMAPIKey ].[ Add-DattoRMMAPIKey ] contains at least one usage example" time="0.0137" asserts="0" success="True" result="Success" executed="True" />
                      <test-case description="[ Add-DattoRMMAPIKey ] contains a note" name="Testing the [ Built ] version of [ Celerium.DattoRMM ] with [ HelpComment.Tests.ps1 ].[ Celerium.DattoRMM ] module help tests.[ Add-DattoRMMAPIKey ].[ Add-DattoRMMAPIKey ] contains a note" time="0.0073" asserts="0" success="True" result="Success" executed="True" />
                      <test-case description="[ Add-DattoRMMAPIKey ] contains a link" name="Testing the [ Built ] version of [ Celerium.DattoRMM ] with [ HelpComment.Tests.ps1 ].[ Celerium.DattoRMM ] module help tests.[ Add-DattoRMMAPIKey ].[ Add-DattoRMMAPIKey ] contains a link" time="0.007" asserts="0" success="True" result="Success" executed="True" />
                      <test-case description="[ Add-DattoRMMAPIKey ] link should return 200" name="Testing the [ Built ] version of [ Celerium.DattoRMM ] with [ HelpComment.Tests.ps1 ].[ Celerium.DattoRMM ] module help tests.[ Add-DattoRMMAPIKey ].[ Add-DattoRMMAPIKey ] link should return 200" time="0.3966" asserts="0" success="True" result="Success" executed="True" />
                      <test-suite type="ParameterizedTest" name="Testing the [ Built ] version of [ Celerium.DattoRMM ] with [ HelpComment.Tests.ps1 ].[ Celerium.DattoRMM ] module help tests.[ Add-DattoRMMAPIKey ].[ Add-DattoRMMAPIKey ] - Parameter has a description - [ &lt;_.name&gt; ]" executed="True" result="Success" success="True" time="0.0463" asserts="0" description="[ Add-DattoRMMAPIKey ] - Parameter has a description - [ &lt;_.name&gt; ]">
                        <results>
                          <test-case description="[ Add-DattoRMMAPIKey ] - Parameter has a description - [ ApiKey ]" name="Testing the [ Built ] version of [ Celerium.DattoRMM ] with [ HelpComment.Tests.ps1 ].[ Celerium.DattoRMM ] module help tests.[ Add-DattoRMMAPIKey ].[ Add-DattoRMMAPIKey ] - Parameter has a description - [ ApiKey ]" time="0.0138" asserts="0" success="True" result="Success" executed="True" />
                          <test-case description="[ Add-DattoRMMAPIKey ] - Parameter has a description - [ ApiSecretKey ]" name="Testing the [ Built ] version of [ Celerium.DattoRMM ] with [ HelpComment.Tests.ps1 ].[ Celerium.DattoRMM ] module help tests.[ Add-DattoRMMAPIKey ].[ Add-DattoRMMAPIKey ] - Parameter has a description - [ ApiSecretKey ]" time="0.0187" asserts="0" success="True" result="Success" executed="True" />
                          <test-case description="[ Add-DattoRMMAPIKey ] - Parameter has a description - [ ApiKeySecureString ]" name="Testing the [ Built ] version of [ Celerium.DattoRMM ] with [ HelpComment.Tests.ps1 ].[ Celerium.DattoRMM ] module help tests.[ Add-DattoRMMAPIKey ].[ Add-DattoRMMAPIKey ] - Parameter has a description - [ ApiKeySecureString ]" time="0.0138" asserts="0" success="True" result="Success" executed="True" />
                        </results>
                      </test-suite>
                      <test-suite type="ParameterizedTest" name="Testing the [ Built ] version of [ Celerium.DattoRMM ] with [ HelpComment.Tests.ps1 ].[ Celerium.DattoRMM ] module help tests.[ Add-DattoRMMAPIKey ].[ Add-DattoRMMAPIKey ] - Example has example code &amp; description   - [ &lt;_.title -replace '-'.''&gt; ]" executed="True" result="Success" success="True" time="0.051" asserts="0" description="[ Add-DattoRMMAPIKey ] - Example has example code &amp; description   - [ &lt;_.title -replace '-'.''&gt; ]">
                        <results>
                          <test-case description="[ Add-DattoRMMAPIKey ] - Example has example code &amp; description   - [  EXAMPLE 1  ]" name="Testing the [ Built ] version of [ Celerium.DattoRMM ] with [ HelpComment.Tests.ps1 ].[ Celerium.DattoRMM ] module help tests.[ Add-DattoRMMAPIKey ].[ Add-DattoRMMAPIKey ] - Example has example code &amp; description   - [  EXAMPLE 1  ]" time="0.024" asserts="0" success="True" result="Success" executed="True" />
                          <test-case description="[ Add-DattoRMMAPIKey ] - Example has example code &amp; description   - [  EXAMPLE 2  ]" name="Testing the [ Built ] version of [ Celerium.DattoRMM ] with [ HelpComment.Tests.ps1 ].[ Celerium.DattoRMM ] module help tests.[ Add-DattoRMMAPIKey ].[ Add-DattoRMMAPIKey ] - Example has example code &amp; description   - [  EXAMPLE 2  ]" time="0.0134" asserts="0" success="True" result="Success" executed="True" />
                          <test-case description="[ Add-DattoRMMAPIKey ] - Example has example code &amp; description   - [  EXAMPLE 3  ]" name="Testing the [ Built ] version of [ Celerium.DattoRMM ] with [ HelpComment.Tests.ps1 ].[ Celerium.DattoRMM ] module help tests.[ Add-DattoRMMAPIKey ].[ Add-DattoRMMAPIKey ] - Example has example code &amp; description   - [  EXAMPLE 3  ]" time="0.0136" asserts="0" success="True" result="Success" executed="True" />
                        </results>
                      </test-suite>
                    </results>
                  </test-suite>
                </results>
              </test-suite>
              <test-suite type="TestFixture" name="Testing the [ Built ] version of [ Celerium.DattoRMM ] with [ HelpComment.Tests.ps1 ].[ Celerium.DattoRMM ] module help tests" executed="True" result="Success" success="True" time="0.8809" asserts="0" description="Testing the [ Built ] version of [ Celerium.DattoRMM ] with [ HelpComment.Tests.ps1 ].[ Celerium.DattoRMM ] module help tests">
                <results>
                  <test-suite type="TestFixture" name="Testing the [ Built ] version of [ Celerium.DattoRMM ] with [ HelpComment.Tests.ps1 ].[ Celerium.DattoRMM ] module help tests.[ Add-DattoRMMBaseURI ]" executed="True" result="Success" success="True" time="0.2885" asserts="0" description="Testing the [ Built ] version of [ Celerium.DattoRMM ] with [ HelpComment.Tests.ps1 ].[ Celerium.DattoRMM ] module help tests.[ Add-DattoRMMBaseURI ]">
                    <results>
                      <test-case description="[ Add-DattoRMMBaseURI ] contains comment based help" name="Testing the [ Built ] version of [ Celerium.DattoRMM ] with [ HelpComment.Tests.ps1 ].[ Celerium.DattoRMM ] module help tests.[ Add-DattoRMMBaseURI ].[ Add-DattoRMMBaseURI ] contains comment based help" time="0.0101" asserts="0" success="True" result="Success" executed="True" />
                      <test-case description="[ Add-DattoRMMBaseURI ] contains a synopsis" name="Testing the [ Built ] version of [ Celerium.DattoRMM ] with [ HelpComment.Tests.ps1 ].[ Celerium.DattoRMM ] module help tests.[ Add-DattoRMMBaseURI ].[ Add-DattoRMMBaseURI ] contains a synopsis" time="0.0056" asserts="0" success="True" result="Success" executed="True" />
                      <test-case description="[ Add-DattoRMMBaseURI ] contains a description" name="Testing the [ Built ] version of [ Celerium.DattoRMM ] with [ HelpComment.Tests.ps1 ].[ Celerium.DattoRMM ] module help tests.[ Add-DattoRMMBaseURI ].[ Add-DattoRMMBaseURI ] contains a description" time="0.0103" asserts="0" success="True" result="Success" executed="True" />
                      <test-case description="[ Add-DattoRMMBaseURI ] contains at least one usage example" name="Testing the [ Built ] version of [ Celerium.DattoRMM ] with [ HelpComment.Tests.ps1 ].[ Celerium.DattoRMM ] module help tests.[ Add-DattoRMMBaseURI ].[ Add-DattoRMMBaseURI ] contains at least one usage example" time="0.008" asserts="0" success="True" result="Success" executed="True" />
                      <test-case description="[ Add-DattoRMMBaseURI ] contains a note" name="Testing the [ Built ] version of [ Celerium.DattoRMM ] with [ HelpComment.Tests.ps1 ].[ Celerium.DattoRMM ] module help tests.[ Add-DattoRMMBaseURI ].[ Add-DattoRMMBaseURI ] contains a note" time="0.01" asserts="0" success="True" result="Success" executed="True" />
                      <test-case description="[ Add-DattoRMMBaseURI ] contains a link" name="Testing the [ Built ] version of [ Celerium.DattoRMM ] with [ HelpComment.Tests.ps1 ].[ Celerium.DattoRMM ] module help tests.[ Add-DattoRMMBaseURI ].[ Add-DattoRMMBaseURI ] contains a link" time="0.006" asserts="0" success="True" result="Success" executed="True" />
                      <test-case description="[ Add-DattoRMMBaseURI ] link should return 200" name="Testing the [ Built ] version of [ Celerium.DattoRMM ] with [ HelpComment.Tests.ps1 ].[ Celerium.DattoRMM ] module help tests.[ Add-DattoRMMBaseURI ].[ Add-DattoRMMBaseURI ] link should return 200" time="0.1708" asserts="0" success="True" result="Success" executed="True" />
                      <test-suite type="ParameterizedTest" name="Testing the [ Built ] version of [ Celerium.DattoRMM ] with [ HelpComment.Tests.ps1 ].[ Celerium.DattoRMM ] module help tests.[ Add-DattoRMMBaseURI ].[ Add-DattoRMMBaseURI ] - Parameter has a description - [ &lt;_.name&gt; ]" executed="True" result="Success" success="True" time="0.0188" asserts="0" description="[ Add-DattoRMMBaseURI ] - Parameter has a description - [ &lt;_.name&gt; ]">
                        <results>
                          <test-case description="[ Add-DattoRMMBaseURI ] - Parameter has a description - [ BaseUri ]" name="Testing the [ Built ] version of [ Celerium.DattoRMM ] with [ HelpComment.Tests.ps1 ].[ Celerium.DattoRMM ] module help tests.[ Add-DattoRMMBaseURI ].[ Add-DattoRMMBaseURI ] - Parameter has a description - [ BaseUri ]" time="0.0076" asserts="0" success="True" result="Success" executed="True" />
                          <test-case description="[ Add-DattoRMMBaseURI ] - Parameter has a description - [ BaseApiUri ]" name="Testing the [ Built ] version of [ Celerium.DattoRMM ] with [ HelpComment.Tests.ps1 ].[ Celerium.DattoRMM ] module help tests.[ Add-DattoRMMBaseURI ].[ Add-DattoRMMBaseURI ] - Parameter has a description - [ BaseApiUri ]" time="0.0056" asserts="0" success="True" result="Success" executed="True" />
                          <test-case description="[ Add-DattoRMMBaseURI ] - Parameter has a description - [ DataCenter ]" name="Testing the [ Built ] version of [ Celerium.DattoRMM ] with [ HelpComment.Tests.ps1 ].[ Celerium.DattoRMM ] module help tests.[ Add-DattoRMMBaseURI ].[ Add-DattoRMMBaseURI ] - Parameter has a description - [ DataCenter ]" time="0.0056" asserts="0" success="True" result="Success" executed="True" />
                        </results>
                      </test-suite>
                      <test-suite type="ParameterizedTest" name="Testing the [ Built ] version of [ Celerium.DattoRMM ] with [ HelpComment.Tests.ps1 ].[ Celerium.DattoRMM ] module help tests.[ Add-DattoRMMBaseURI ].[ Add-DattoRMMBaseURI ] - Example has example code &amp; description   - [ &lt;_.title -replace '-'.''&gt; ]" executed="True" result="Success" success="True" time="0.0334" asserts="0" description="[ Add-DattoRMMBaseURI ] - Example has example code &amp; description   - [ &lt;_.title -replace '-'.''&gt; ]">
                        <results>
                          <test-case description="[ Add-DattoRMMBaseURI ] - Example has example code &amp; description   - [  EXAMPLE 1  ]" name="Testing the [ Built ] version of [ Celerium.DattoRMM ] with [ HelpComment.Tests.ps1 ].[ Celerium.DattoRMM ] module help tests.[ Add-DattoRMMBaseURI ].[ Add-DattoRMMBaseURI ] - Example has example code &amp; description   - [  EXAMPLE 1  ]" time="0.0084" asserts="0" success="True" result="Success" executed="True" />
                          <test-case description="[ Add-DattoRMMBaseURI ] - Example has example code &amp; description   - [  EXAMPLE 2  ]" name="Testing the [ Built ] version of [ Celerium.DattoRMM ] with [ HelpComment.Tests.ps1 ].[ Celerium.DattoRMM ] module help tests.[ Add-DattoRMMBaseURI ].[ Add-DattoRMMBaseURI ] - Example has example code &amp; description   - [  EXAMPLE 2  ]" time="0.0109" asserts="0" success="True" result="Success" executed="True" />
                          <test-case description="[ Add-DattoRMMBaseURI ] - Example has example code &amp; description   - [  EXAMPLE 3  ]" name="Testing the [ Built ] version of [ Celerium.DattoRMM ] with [ HelpComment.Tests.ps1 ].[ Celerium.DattoRMM ] module help tests.[ Add-DattoRMMBaseURI ].[ Add-DattoRMMBaseURI ] - Example has example code &amp; description   - [  EXAMPLE 3  ]" time="0.007" asserts="0" success="True" result="Success" executed="True" />
                          <test-case description="[ Add-DattoRMMBaseURI ] - Example has example code &amp; description   - [  EXAMPLE 4  ]" name="Testing the [ Built ] version of [ Celerium.DattoRMM ] with [ HelpComment.Tests.ps1 ].[ Celerium.DattoRMM ] module help tests.[ Add-DattoRMMBaseURI ].[ Add-DattoRMMBaseURI ] - Example has example code &amp; description   - [  EXAMPLE 4  ]" time="0.0071" asserts="0" success="True" result="Success" executed="True" />
                        </results>
                      </test-suite>
                    </results>
                  </test-suite>
                </results>
              </test-suite>
              <test-suite type="TestFixture" name="Testing the [ Built ] version of [ Celerium.DattoRMM ] with [ HelpComment.Tests.ps1 ].[ Celerium.DattoRMM ] module help tests" executed="True" result="Success" success="True" time="1.0868" asserts="0" description="Testing the [ Built ] version of [ Celerium.DattoRMM ] with [ HelpComment.Tests.ps1 ].[ Celerium.DattoRMM ] module help tests">
                <results>
                  <test-suite type="TestFixture" name="Testing the [ Built ] version of [ Celerium.DattoRMM ] with [ HelpComment.Tests.ps1 ].[ Celerium.DattoRMM ] module help tests.[ ConvertTo-DattoRMMQueryString ]" executed="True" result="Success" success="True" time="0.1972" asserts="0" description="Testing the [ Built ] version of [ Celerium.DattoRMM ] with [ HelpComment.Tests.ps1 ].[ Celerium.DattoRMM ] module help tests.[ ConvertTo-DattoRMMQueryString ]">
                    <results>
                      <test-case description="[ ConvertTo-DattoRMMQueryString ] contains comment based help" name="Testing the [ Built ] version of [ Celerium.DattoRMM ] with [ HelpComment.Tests.ps1 ].[ Celerium.DattoRMM ] module help tests.[ ConvertTo-DattoRMMQueryString ].[ ConvertTo-DattoRMMQueryString ] contains comment based help" time="0.0059" asserts="0" success="True" result="Success" executed="True" />
                      <test-case description="[ ConvertTo-DattoRMMQueryString ] contains a synopsis" name="Testing the [ Built ] version of [ Celerium.DattoRMM ] with [ HelpComment.Tests.ps1 ].[ Celerium.DattoRMM ] module help tests.[ ConvertTo-DattoRMMQueryString ].[ ConvertTo-DattoRMMQueryString ] contains a synopsis" time="0.0053" asserts="0" success="True" result="Success" executed="True" />
                      <test-case description="[ ConvertTo-DattoRMMQueryString ] contains a description" name="Testing the [ Built ] version of [ Celerium.DattoRMM ] with [ HelpComment.Tests.ps1 ].[ Celerium.DattoRMM ] module help tests.[ ConvertTo-DattoRMMQueryString ].[ ConvertTo-DattoRMMQueryString ] contains a description" time="0.0095" asserts="0" success="True" result="Success" executed="True" />
                      <test-case description="[ ConvertTo-DattoRMMQueryString ] contains at least one usage example" name="Testing the [ Built ] version of [ Celerium.DattoRMM ] with [ HelpComment.Tests.ps1 ].[ Celerium.DattoRMM ] module help tests.[ ConvertTo-DattoRMMQueryString ].[ ConvertTo-DattoRMMQueryString ] contains at least one usage example" time="0.0068" asserts="0" success="True" result="Success" executed="True" />
                      <test-case description="[ ConvertTo-DattoRMMQueryString ] contains a note" name="Testing the [ Built ] version of [ Celerium.DattoRMM ] with [ HelpComment.Tests.ps1 ].[ Celerium.DattoRMM ] module help tests.[ ConvertTo-DattoRMMQueryString ].[ ConvertTo-DattoRMMQueryString ] contains a note" time="0.005" asserts="0" success="True" result="Success" executed="True" />
                      <test-case description="[ ConvertTo-DattoRMMQueryString ] contains a link" name="Testing the [ Built ] version of [ Celerium.DattoRMM ] with [ HelpComment.Tests.ps1 ].[ Celerium.DattoRMM ] module help tests.[ ConvertTo-DattoRMMQueryString ].[ ConvertTo-DattoRMMQueryString ] contains a link" time="0.0052" asserts="0" success="True" result="Success" executed="True" />
                      <test-case description="[ ConvertTo-DattoRMMQueryString ] link should return 200" name="Testing the [ Built ] version of [ Celerium.DattoRMM ] with [ HelpComment.Tests.ps1 ].[ Celerium.DattoRMM ] module help tests.[ ConvertTo-DattoRMMQueryString ].[ ConvertTo-DattoRMMQueryString ] link should return 200" time="0.1323" asserts="0" success="True" result="Success" executed="True" />
                      <test-suite type="ParameterizedTest" name="Testing the [ Built ] version of [ Celerium.DattoRMM ] with [ HelpComment.Tests.ps1 ].[ Celerium.DattoRMM ] module help tests.[ ConvertTo-DattoRMMQueryString ].[ ConvertTo-DattoRMMQueryString ] - Parameter has a description - [ &lt;_.name&gt; ]" executed="True" result="Success" success="True" time="0.0073" asserts="0" description="[ ConvertTo-DattoRMMQueryString ] - Parameter has a description - [ &lt;_.name&gt; ]">
                        <results>
                          <test-case description="[ ConvertTo-DattoRMMQueryString ] - Parameter has a description - [ UriFilter ]" name="Testing the [ Built ] version of [ Celerium.DattoRMM ] with [ HelpComment.Tests.ps1 ].[ Celerium.DattoRMM ] module help tests.[ ConvertTo-DattoRMMQueryString ].[ ConvertTo-DattoRMMQueryString ] - Parameter has a description - [ UriFilter ]" time="0.0073" asserts="0" success="True" result="Success" executed="True" />
                        </results>
                      </test-suite>
                      <test-suite type="ParameterizedTest" name="Testing the [ Built ] version of [ Celerium.DattoRMM ] with [ HelpComment.Tests.ps1 ].[ Celerium.DattoRMM ] module help tests.[ ConvertTo-DattoRMMQueryString ].[ ConvertTo-DattoRMMQueryString ] - Example has example code &amp; description   - [ &lt;_.title -replace '-'.''&gt; ]" executed="True" result="Success" success="True" time="0.0085" asserts="0" description="[ ConvertTo-DattoRMMQueryString ] - Example has example code &amp; description   - [ &lt;_.title -replace '-'.''&gt; ]">
                        <results>
                          <test-case description="[ ConvertTo-DattoRMMQueryString ] - Example has example code &amp; description   - [  EXAMPLE 1  ]" name="Testing the [ Built ] version of [ Celerium.DattoRMM ] with [ HelpComment.Tests.ps1 ].[ Celerium.DattoRMM ] module help tests.[ ConvertTo-DattoRMMQueryString ].[ ConvertTo-DattoRMMQueryString ] - Example has example code &amp; description   - [  EXAMPLE 1  ]" time="0.0085" asserts="0" success="True" result="Success" executed="True" />
                        </results>
                      </test-suite>
                    </results>
                  </test-suite>
                </results>
              </test-suite>
              <test-suite type="TestFixture" name="Testing the [ Built ] version of [ Celerium.DattoRMM ] with [ HelpComment.Tests.ps1 ].[ Celerium.DattoRMM ] module help tests" executed="True" result="Success" success="True" time="1.5529" asserts="0" description="Testing the [ Built ] version of [ Celerium.DattoRMM ] with [ HelpComment.Tests.ps1 ].[ Celerium.DattoRMM ] module help tests">
                <results>
                  <test-suite type="TestFixture" name="Testing the [ Built ] version of [ Celerium.DattoRMM ] with [ HelpComment.Tests.ps1 ].[ Celerium.DattoRMM ] module help tests.[ Export-DattoRMMModuleSettings ]" executed="True" result="Success" success="True" time="0.454" asserts="0" description="Testing the [ Built ] version of [ Celerium.DattoRMM ] with [ HelpComment.Tests.ps1 ].[ Celerium.DattoRMM ] module help tests.[ Export-DattoRMMModuleSettings ]">
                    <results>
                      <test-case description="[ Export-DattoRMMModuleSettings ] contains comment based help" name="Testing the [ Built ] version of [ Celerium.DattoRMM ] with [ HelpComment.Tests.ps1 ].[ Celerium.DattoRMM ] module help tests.[ Export-DattoRMMModuleSettings ].[ Export-DattoRMMModuleSettings ] contains comment based help" time="0.0088" asserts="0" success="True" result="Success" executed="True" />
                      <test-case description="[ Export-DattoRMMModuleSettings ] contains a synopsis" name="Testing the [ Built ] version of [ Celerium.DattoRMM ] with [ HelpComment.Tests.ps1 ].[ Celerium.DattoRMM ] module help tests.[ Export-DattoRMMModuleSettings ].[ Export-DattoRMMModuleSettings ] contains a synopsis" time="0.005" asserts="0" success="True" result="Success" executed="True" />
                      <test-case description="[ Export-DattoRMMModuleSettings ] contains a description" name="Testing the [ Built ] version of [ Celerium.DattoRMM ] with [ HelpComment.Tests.ps1 ].[ Celerium.DattoRMM ] module help tests.[ Export-DattoRMMModuleSettings ].[ Export-DattoRMMModuleSettings ] contains a description" time="0.0052" asserts="0" success="True" result="Success" executed="True" />
                      <test-case description="[ Export-DattoRMMModuleSettings ] contains at least one usage example" name="Testing the [ Built ] version of [ Celerium.DattoRMM ] with [ HelpComment.Tests.ps1 ].[ Celerium.DattoRMM ] module help tests.[ Export-DattoRMMModuleSettings ].[ Export-DattoRMMModuleSettings ] contains at least one usage example" time="0.0067" asserts="0" success="True" result="Success" executed="True" />
                      <test-case description="[ Export-DattoRMMModuleSettings ] contains a note" name="Testing the [ Built ] version of [ Celerium.DattoRMM ] with [ HelpComment.Tests.ps1 ].[ Celerium.DattoRMM ] module help tests.[ Export-DattoRMMModuleSettings ].[ Export-DattoRMMModuleSettings ] contains a note" time="0.005" asserts="0" success="True" result="Success" executed="True" />
                      <test-case description="[ Export-DattoRMMModuleSettings ] contains a link" name="Testing the [ Built ] version of [ Celerium.DattoRMM ] with [ HelpComment.Tests.ps1 ].[ Celerium.DattoRMM ] module help tests.[ Export-DattoRMMModuleSettings ].[ Export-DattoRMMModuleSettings ] contains a link" time="0.0092" asserts="0" success="True" result="Success" executed="True" />
                      <test-case description="[ Export-DattoRMMModuleSettings ] link should return 200" name="Testing the [ Built ] version of [ Celerium.DattoRMM ] with [ HelpComment.Tests.ps1 ].[ Celerium.DattoRMM ] module help tests.[ Export-DattoRMMModuleSettings ].[ Export-DattoRMMModuleSettings ] link should return 200" time="0.3703" asserts="0" success="True" result="Success" executed="True" />
                      <test-suite type="ParameterizedTest" name="Testing the [ Built ] version of [ Celerium.DattoRMM ] with [ HelpComment.Tests.ps1 ].[ Celerium.DattoRMM ] module help tests.[ Export-DattoRMMModuleSettings ].[ Export-DattoRMMModuleSettings ] - Parameter has a description - [ &lt;_.name&gt; ]" executed="True" result="Success" success="True" time="0.0151" asserts="0" description="[ Export-DattoRMMModuleSettings ] - Parameter has a description - [ &lt;_.name&gt; ]">
                        <results>
                          <test-case description="[ Export-DattoRMMModuleSettings ] - Parameter has a description - [ DattoRMMConfigPath ]" name="Testing the [ Built ] version of [ Celerium.DattoRMM ] with [ HelpComment.Tests.ps1 ].[ Celerium.DattoRMM ] module help tests.[ Export-DattoRMMModuleSettings ].[ Export-DattoRMMModuleSettings ] - Parameter has a description - [ DattoRMMConfigPath ]" time="0.008" asserts="0" success="True" result="Success" executed="True" />
                          <test-case description="[ Export-DattoRMMModuleSettings ] - Parameter has a description - [ DattoRMMConfigFile ]" name="Testing the [ Built ] version of [ Celerium.DattoRMM ] with [ HelpComment.Tests.ps1 ].[ Celerium.DattoRMM ] module help tests.[ Export-DattoRMMModuleSettings ].[ Export-DattoRMMModuleSettings ] - Parameter has a description - [ DattoRMMConfigFile ]" time="0.0071" asserts="0" success="True" result="Success" executed="True" />
                        </results>
                      </test-suite>
                      <test-suite type="ParameterizedTest" name="Testing the [ Built ] version of [ Celerium.DattoRMM ] with [ HelpComment.Tests.ps1 ].[ Celerium.DattoRMM ] module help tests.[ Export-DattoRMMModuleSettings ].[ Export-DattoRMMModuleSettings ] - Example has example code &amp; description   - [ &lt;_.title -replace '-'.''&gt; ]" executed="True" result="Success" success="True" time="0.0168" asserts="0" description="[ Export-DattoRMMModuleSettings ] - Example has example code &amp; description   - [ &lt;_.title -replace '-'.''&gt; ]">
                        <results>
                          <test-case description="[ Export-DattoRMMModuleSettings ] - Example has example code &amp; description   - [  EXAMPLE 1  ]" name="Testing the [ Built ] version of [ Celerium.DattoRMM ] with [ HelpComment.Tests.ps1 ].[ Celerium.DattoRMM ] module help tests.[ Export-DattoRMMModuleSettings ].[ Export-DattoRMMModuleSettings ] - Example has example code &amp; description   - [  EXAMPLE 1  ]" time="0.0097" asserts="0" success="True" result="Success" executed="True" />
                          <test-case description="[ Export-DattoRMMModuleSettings ] - Example has example code &amp; description   - [  EXAMPLE 2  ]" name="Testing the [ Built ] version of [ Celerium.DattoRMM ] with [ HelpComment.Tests.ps1 ].[ Celerium.DattoRMM ] module help tests.[ Export-DattoRMMModuleSettings ].[ Export-DattoRMMModuleSettings ] - Example has example code &amp; description   - [  EXAMPLE 2  ]" time="0.007" asserts="0" success="True" result="Success" executed="True" />
                        </results>
                      </test-suite>
                    </results>
                  </test-suite>
                </results>
              </test-suite>
              <test-suite type="TestFixture" name="Testing the [ Built ] version of [ Celerium.DattoRMM ] with [ HelpComment.Tests.ps1 ].[ Celerium.DattoRMM ] module help tests" executed="True" result="Ignored" success="True" time="1.891" asserts="0" description="Testing the [ Built ] version of [ Celerium.DattoRMM ] with [ HelpComment.Tests.ps1 ].[ Celerium.DattoRMM ] module help tests">
                <results>
                  <test-suite type="TestFixture" name="Testing the [ Built ] version of [ Celerium.DattoRMM ] with [ HelpComment.Tests.ps1 ].[ Celerium.DattoRMM ] module help tests.[ Get-DattoRMMAccessToken ]" executed="True" result="Ignored" success="True" time="0.3293" asserts="0" description="Testing the [ Built ] version of [ Celerium.DattoRMM ] with [ HelpComment.Tests.ps1 ].[ Celerium.DattoRMM ] module help tests.[ Get-DattoRMMAccessToken ]">
                    <results>
                      <test-case description="[ Get-DattoRMMAccessToken ] contains comment based help" name="Testing the [ Built ] version of [ Celerium.DattoRMM ] with [ HelpComment.Tests.ps1 ].[ Celerium.DattoRMM ] module help tests.[ Get-DattoRMMAccessToken ].[ Get-DattoRMMAccessToken ] contains comment based help" time="0.0054" asserts="0" success="True" result="Success" executed="True" />
                      <test-case description="[ Get-DattoRMMAccessToken ] contains a synopsis" name="Testing the [ Built ] version of [ Celerium.DattoRMM ] with [ HelpComment.Tests.ps1 ].[ Celerium.DattoRMM ] module help tests.[ Get-DattoRMMAccessToken ].[ Get-DattoRMMAccessToken ] contains a synopsis" time="0.0049" asserts="0" success="True" result="Success" executed="True" />
                      <test-case description="[ Get-DattoRMMAccessToken ] contains a description" name="Testing the [ Built ] version of [ Celerium.DattoRMM ] with [ HelpComment.Tests.ps1 ].[ Celerium.DattoRMM ] module help tests.[ Get-DattoRMMAccessToken ].[ Get-DattoRMMAccessToken ] contains a description" time="0.0051" asserts="0" success="True" result="Success" executed="True" />
                      <test-case description="[ Get-DattoRMMAccessToken ] contains at least one usage example" name="Testing the [ Built ] version of [ Celerium.DattoRMM ] with [ HelpComment.Tests.ps1 ].[ Celerium.DattoRMM ] module help tests.[ Get-DattoRMMAccessToken ].[ Get-DattoRMMAccessToken ] contains at least one usage example" time="0.0129" asserts="0" success="True" result="Success" executed="True" />
                      <test-case description="[ Get-DattoRMMAccessToken ] contains a note" name="Testing the [ Built ] version of [ Celerium.DattoRMM ] with [ HelpComment.Tests.ps1 ].[ Celerium.DattoRMM ] module help tests.[ Get-DattoRMMAccessToken ].[ Get-DattoRMMAccessToken ] contains a note" time="0.0052" asserts="0" success="True" result="Success" executed="True" />
                      <test-case description="[ Get-DattoRMMAccessToken ] contains a link" name="Testing the [ Built ] version of [ Celerium.DattoRMM ] with [ HelpComment.Tests.ps1 ].[ Celerium.DattoRMM ] module help tests.[ Get-DattoRMMAccessToken ].[ Get-DattoRMMAccessToken ] contains a link" time="0.005" asserts="0" success="True" result="Success" executed="True" />
                      <test-case description="[ Get-DattoRMMAccessToken ] link should return 200" name="Testing the [ Built ] version of [ Celerium.DattoRMM ] with [ HelpComment.Tests.ps1 ].[ Celerium.DattoRMM ] module help tests.[ Get-DattoRMMAccessToken ].[ Get-DattoRMMAccessToken ] link should return 200" time="0.1155" asserts="0" success="True" result="Success" executed="True" />
                      <test-case description="[ Get-DattoRMMAccessToken ] - Parameter has a description -" name="Testing the [ Built ] version of [ Celerium.DattoRMM ] with [ HelpComment.Tests.ps1 ].[ Celerium.DattoRMM ] module help tests.[ Get-DattoRMMAccessToken ].[ Get-DattoRMMAccessToken ] - Parameter has a description -" time="0.1557" asserts="0" success="False" result="Ignored" executed="False" />
                      <test-suite type="ParameterizedTest" name="Testing the [ Built ] version of [ Celerium.DattoRMM ] with [ HelpComment.Tests.ps1 ].[ Celerium.DattoRMM ] module help tests.[ Get-DattoRMMAccessToken ].[ Get-DattoRMMAccessToken ] - Example has example code &amp; description   - [ &lt;_.title -replace '-'.''&gt; ]" executed="True" result="Success" success="True" time="0.0085" asserts="0" description="[ Get-DattoRMMAccessToken ] - Example has example code &amp; description   - [ &lt;_.title -replace '-'.''&gt; ]">
                        <results>
                          <test-case description="[ Get-DattoRMMAccessToken ] - Example has example code &amp; description   - [  EXAMPLE 1  ]" name="Testing the [ Built ] version of [ Celerium.DattoRMM ] with [ HelpComment.Tests.ps1 ].[ Celerium.DattoRMM ] module help tests.[ Get-DattoRMMAccessToken ].[ Get-DattoRMMAccessToken ] - Example has example code &amp; description   - [  EXAMPLE 1  ]" time="0.0085" asserts="0" success="True" result="Success" executed="True" />
                        </results>
                      </test-suite>
                    </results>
                  </test-suite>
                </results>
              </test-suite>
              <test-suite type="TestFixture" name="Testing the [ Built ] version of [ Celerium.DattoRMM ] with [ HelpComment.Tests.ps1 ].[ Celerium.DattoRMM ] module help tests" executed="True" result="Ignored" success="True" time="2.1385" asserts="0" description="Testing the [ Built ] version of [ Celerium.DattoRMM ] with [ HelpComment.Tests.ps1 ].[ Celerium.DattoRMM ] module help tests">
                <results>
                  <test-suite type="TestFixture" name="Testing the [ Built ] version of [ Celerium.DattoRMM ] with [ HelpComment.Tests.ps1 ].[ Celerium.DattoRMM ] module help tests.[ Get-DattoRMMAccount ]" executed="True" result="Ignored" success="True" time="0.2382" asserts="0" description="Testing the [ Built ] version of [ Celerium.DattoRMM ] with [ HelpComment.Tests.ps1 ].[ Celerium.DattoRMM ] module help tests.[ Get-DattoRMMAccount ]">
                    <results>
                      <test-case description="[ Get-DattoRMMAccount ] contains comment based help" name="Testing the [ Built ] version of [ Celerium.DattoRMM ] with [ HelpComment.Tests.ps1 ].[ Celerium.DattoRMM ] module help tests.[ Get-DattoRMMAccount ].[ Get-DattoRMMAccount ] contains comment based help" time="0.0056" asserts="0" success="True" result="Success" executed="True" />
                      <test-case description="[ Get-DattoRMMAccount ] contains a synopsis" name="Testing the [ Built ] version of [ Celerium.DattoRMM ] with [ HelpComment.Tests.ps1 ].[ Celerium.DattoRMM ] module help tests.[ Get-DattoRMMAccount ].[ Get-DattoRMMAccount ] contains a synopsis" time="0.0049" asserts="0" success="True" result="Success" executed="True" />
                      <test-case description="[ Get-DattoRMMAccount ] contains a description" name="Testing the [ Built ] version of [ Celerium.DattoRMM ] with [ HelpComment.Tests.ps1 ].[ Celerium.DattoRMM ] module help tests.[ Get-DattoRMMAccount ].[ Get-DattoRMMAccount ] contains a description" time="0.005" asserts="0" success="True" result="Success" executed="True" />
                      <test-case description="[ Get-DattoRMMAccount ] contains at least one usage example" name="Testing the [ Built ] version of [ Celerium.DattoRMM ] with [ HelpComment.Tests.ps1 ].[ Celerium.DattoRMM ] module help tests.[ Get-DattoRMMAccount ].[ Get-DattoRMMAccount ] contains at least one usage example" time="0.0066" asserts="0" success="True" result="Success" executed="True" />
                      <test-case description="[ Get-DattoRMMAccount ] contains a note" name="Testing the [ Built ] version of [ Celerium.DattoRMM ] with [ HelpComment.Tests.ps1 ].[ Celerium.DattoRMM ] module help tests.[ Get-DattoRMMAccount ].[ Get-DattoRMMAccount ] contains a note" time="0.0051" asserts="0" success="True" result="Success" executed="True" />
                      <test-case description="[ Get-DattoRMMAccount ] contains a link" name="Testing the [ Built ] version of [ Celerium.DattoRMM ] with [ HelpComment.Tests.ps1 ].[ Celerium.DattoRMM ] module help tests.[ Get-DattoRMMAccount ].[ Get-DattoRMMAccount ] contains a link" time="0.0111" asserts="0" success="True" result="Success" executed="True" />
                      <test-case description="[ Get-DattoRMMAccount ] link should return 200" name="Testing the [ Built ] version of [ Celerium.DattoRMM ] with [ HelpComment.Tests.ps1 ].[ Celerium.DattoRMM ] module help tests.[ Get-DattoRMMAccount ].[ Get-DattoRMMAccount ] link should return 200" time="0.168" asserts="0" success="True" result="Success" executed="True" />
                      <test-case description="[ Get-DattoRMMAccount ] - Parameter has a description -" name="Testing the [ Built ] version of [ Celerium.DattoRMM ] with [ HelpComment.Tests.ps1 ].[ Celerium.DattoRMM ] module help tests.[ Get-DattoRMMAccount ].[ Get-DattoRMMAccount ] - Parameter has a description -" time="0.007" asserts="0" success="False" result="Ignored" executed="False" />
                      <test-suite type="ParameterizedTest" name="Testing the [ Built ] version of [ Celerium.DattoRMM ] with [ HelpComment.Tests.ps1 ].[ Celerium.DattoRMM ] module help tests.[ Get-DattoRMMAccount ].[ Get-DattoRMMAccount ] - Example has example code &amp; description   - [ &lt;_.title -replace '-'.''&gt; ]" executed="True" result="Success" success="True" time="0.0089" asserts="0" description="[ Get-DattoRMMAccount ] - Example has example code &amp; description   - [ &lt;_.title -replace '-'.''&gt; ]">
                        <results>
                          <test-case description="[ Get-DattoRMMAccount ] - Example has example code &amp; description   - [  EXAMPLE 1  ]" name="Testing the [ Built ] version of [ Celerium.DattoRMM ] with [ HelpComment.Tests.ps1 ].[ Celerium.DattoRMM ] module help tests.[ Get-DattoRMMAccount ].[ Get-DattoRMMAccount ] - Example has example code &amp; description   - [  EXAMPLE 1  ]" time="0.0089" asserts="0" success="True" result="Success" executed="True" />
                        </results>
                      </test-suite>
                    </results>
                  </test-suite>
                </results>
              </test-suite>
              <test-suite type="TestFixture" name="Testing the [ Built ] version of [ Celerium.DattoRMM ] with [ HelpComment.Tests.ps1 ].[ Celerium.DattoRMM ] module help tests" executed="True" result="Success" success="True" time="2.4342" asserts="0" description="Testing the [ Built ] version of [ Celerium.DattoRMM ] with [ HelpComment.Tests.ps1 ].[ Celerium.DattoRMM ] module help tests">
                <results>
                  <test-suite type="TestFixture" name="Testing the [ Built ] version of [ Celerium.DattoRMM ] with [ HelpComment.Tests.ps1 ].[ Celerium.DattoRMM ] module help tests.[ Get-DattoRMMAccountAlert ]" executed="True" result="Success" success="True" time="0.2833" asserts="0" description="Testing the [ Built ] version of [ Celerium.DattoRMM ] with [ HelpComment.Tests.ps1 ].[ Celerium.DattoRMM ] module help tests.[ Get-DattoRMMAccountAlert ]">
                    <results>
                      <test-case description="[ Get-DattoRMMAccountAlert ] contains comment based help" name="Testing the [ Built ] version of [ Celerium.DattoRMM ] with [ HelpComment.Tests.ps1 ].[ Celerium.DattoRMM ] module help tests.[ Get-DattoRMMAccountAlert ].[ Get-DattoRMMAccountAlert ] contains comment based help" time="0.0053" asserts="0" success="True" result="Success" executed="True" />
                      <test-case description="[ Get-DattoRMMAccountAlert ] contains a synopsis" name="Testing the [ Built ] version of [ Celerium.DattoRMM ] with [ HelpComment.Tests.ps1 ].[ Celerium.DattoRMM ] module help tests.[ Get-DattoRMMAccountAlert ].[ Get-DattoRMMAccountAlert ] contains a synopsis" time="0.0049" asserts="0" success="True" result="Success" executed="True" />
                      <test-case description="[ Get-DattoRMMAccountAlert ] contains a description" name="Testing the [ Built ] version of [ Celerium.DattoRMM ] with [ HelpComment.Tests.ps1 ].[ Celerium.DattoRMM ] module help tests.[ Get-DattoRMMAccountAlert ].[ Get-DattoRMMAccountAlert ] contains a description" time="0.005" asserts="0" success="True" result="Success" executed="True" />
                      <test-case description="[ Get-DattoRMMAccountAlert ] contains at least one usage example" name="Testing the [ Built ] version of [ Celerium.DattoRMM ] with [ HelpComment.Tests.ps1 ].[ Celerium.DattoRMM ] module help tests.[ Get-DattoRMMAccountAlert ].[ Get-DattoRMMAccountAlert ] contains at least one usage example" time="0.0066" asserts="0" success="True" result="Success" executed="True" />
                      <test-case description="[ Get-DattoRMMAccountAlert ] contains a note" name="Testing the [ Built ] version of [ Celerium.DattoRMM ] with [ HelpComment.Tests.ps1 ].[ Celerium.DattoRMM ] module help tests.[ Get-DattoRMMAccountAlert ].[ Get-DattoRMMAccountAlert ] contains a note" time="0.0111" asserts="0" success="True" result="Success" executed="True" />
                      <test-case description="[ Get-DattoRMMAccountAlert ] contains a link" name="Testing the [ Built ] version of [ Celerium.DattoRMM ] with [ HelpComment.Tests.ps1 ].[ Celerium.DattoRMM ] module help tests.[ Get-DattoRMMAccountAlert ].[ Get-DattoRMMAccountAlert ] contains a link" time="0.0048" asserts="0" success="True" result="Success" executed="True" />
                      <test-case description="[ Get-DattoRMMAccountAlert ] link should return 200" name="Testing the [ Built ] version of [ Celerium.DattoRMM ] with [ HelpComment.Tests.ps1 ].[ Celerium.DattoRMM ] module help tests.[ Get-DattoRMMAccountAlert ].[ Get-DattoRMMAccountAlert ] link should return 200" time="0.1752" asserts="0" success="True" result="Success" executed="True" />
                      <test-suite type="ParameterizedTest" name="Testing the [ Built ] version of [ Celerium.DattoRMM ] with [ HelpComment.Tests.ps1 ].[ Celerium.DattoRMM ] module help tests.[ Get-DattoRMMAccountAlert ].[ Get-DattoRMMAccountAlert ] - Parameter has a description - [ &lt;_.name&gt; ]" executed="True" result="Success" success="True" time="0.0297" asserts="0" description="[ Get-DattoRMMAccountAlert ] - Parameter has a description - [ &lt;_.name&gt; ]">
                        <results>
                          <test-case description="[ Get-DattoRMMAccountAlert ] - Parameter has a description - [ AlertType ]" name="Testing the [ Built ] version of [ Celerium.DattoRMM ] with [ HelpComment.Tests.ps1 ].[ Celerium.DattoRMM ] module help tests.[ Get-DattoRMMAccountAlert ].[ Get-DattoRMMAccountAlert ] - Parameter has a description - [ AlertType ]" time="0.0078" asserts="0" success="True" result="Success" executed="True" />
                          <test-case description="[ Get-DattoRMMAccountAlert ] - Parameter has a description - [ Muted ]" name="Testing the [ Built ] version of [ Celerium.DattoRMM ] with [ HelpComment.Tests.ps1 ].[ Celerium.DattoRMM ] module help tests.[ Get-DattoRMMAccountAlert ].[ Get-DattoRMMAccountAlert ] - Parameter has a description - [ Muted ]" time="0.0055" asserts="0" success="True" result="Success" executed="True" />
                          <test-case description="[ Get-DattoRMMAccountAlert ] - Parameter has a description - [ Page ]" name="Testing the [ Built ] version of [ Celerium.DattoRMM ] with [ HelpComment.Tests.ps1 ].[ Celerium.DattoRMM ] module help tests.[ Get-DattoRMMAccountAlert ].[ Get-DattoRMMAccountAlert ] - Parameter has a description - [ Page ]" time="0.0056" asserts="0" success="True" result="Success" executed="True" />
                          <test-case description="[ Get-DattoRMMAccountAlert ] - Parameter has a description - [ Max ]" name="Testing the [ Built ] version of [ Celerium.DattoRMM ] with [ HelpComment.Tests.ps1 ].[ Celerium.DattoRMM ] module help tests.[ Get-DattoRMMAccountAlert ].[ Get-DattoRMMAccountAlert ] - Parameter has a description - [ Max ]" time="0.0053" asserts="0" success="True" result="Success" executed="True" />
                          <test-case description="[ Get-DattoRMMAccountAlert ] - Parameter has a description - [ AllResults ]" name="Testing the [ Built ] version of [ Celerium.DattoRMM ] with [ HelpComment.Tests.ps1 ].[ Celerium.DattoRMM ] module help tests.[ Get-DattoRMMAccountAlert ].[ Get-DattoRMMAccountAlert ] - Parameter has a description - [ AllResults ]" time="0.0056" asserts="0" success="True" result="Success" executed="True" />
                        </results>
                      </test-suite>
                      <test-suite type="ParameterizedTest" name="Testing the [ Built ] version of [ Celerium.DattoRMM ] with [ HelpComment.Tests.ps1 ].[ Celerium.DattoRMM ] module help tests.[ Get-DattoRMMAccountAlert ].[ Get-DattoRMMAccountAlert ] - Example has example code &amp; description   - [ &lt;_.title -replace '-'.''&gt; ]" executed="True" result="Success" success="True" time="0.0252" asserts="0" description="[ Get-DattoRMMAccountAlert ] - Example has example code &amp; description   - [ &lt;_.title -replace '-'.''&gt; ]">
                        <results>
                          <test-case description="[ Get-DattoRMMAccountAlert ] - Example has example code &amp; description   - [  EXAMPLE 1  ]" name="Testing the [ Built ] version of [ Celerium.DattoRMM ] with [ HelpComment.Tests.ps1 ].[ Celerium.DattoRMM ] module help tests.[ Get-DattoRMMAccountAlert ].[ Get-DattoRMMAccountAlert ] - Example has example code &amp; description   - [  EXAMPLE 1  ]" time="0.0085" asserts="0" success="True" result="Success" executed="True" />
                          <test-case description="[ Get-DattoRMMAccountAlert ] - Example has example code &amp; description   - [  EXAMPLE 2  ]" name="Testing the [ Built ] version of [ Celerium.DattoRMM ] with [ HelpComment.Tests.ps1 ].[ Celerium.DattoRMM ] module help tests.[ Get-DattoRMMAccountAlert ].[ Get-DattoRMMAccountAlert ] - Example has example code &amp; description   - [  EXAMPLE 2  ]" time="0.0099" asserts="0" success="True" result="Success" executed="True" />
                          <test-case description="[ Get-DattoRMMAccountAlert ] - Example has example code &amp; description   - [  EXAMPLE 3  ]" name="Testing the [ Built ] version of [ Celerium.DattoRMM ] with [ HelpComment.Tests.ps1 ].[ Celerium.DattoRMM ] module help tests.[ Get-DattoRMMAccountAlert ].[ Get-DattoRMMAccountAlert ] - Example has example code &amp; description   - [  EXAMPLE 3  ]" time="0.0069" asserts="0" success="True" result="Success" executed="True" />
                        </results>
                      </test-suite>
                    </results>
                  </test-suite>
                </results>
              </test-suite>
              <test-suite type="TestFixture" name="Testing the [ Built ] version of [ Celerium.DattoRMM ] with [ HelpComment.Tests.ps1 ].[ Celerium.DattoRMM ] module help tests" executed="True" result="Success" success="True" time="2.7099" asserts="0" description="Testing the [ Built ] version of [ Celerium.DattoRMM ] with [ HelpComment.Tests.ps1 ].[ Celerium.DattoRMM ] module help tests">
                <results>
                  <test-suite type="TestFixture" name="Testing the [ Built ] version of [ Celerium.DattoRMM ] with [ HelpComment.Tests.ps1 ].[ Celerium.DattoRMM ] module help tests.[ Get-DattoRMMAccountComponent ]" executed="True" result="Success" success="True" time="0.2666" asserts="0" description="Testing the [ Built ] version of [ Celerium.DattoRMM ] with [ HelpComment.Tests.ps1 ].[ Celerium.DattoRMM ] module help tests.[ Get-DattoRMMAccountComponent ]">
                    <results>
                      <test-case description="[ Get-DattoRMMAccountComponent ] contains comment based help" name="Testing the [ Built ] version of [ Celerium.DattoRMM ] with [ HelpComment.Tests.ps1 ].[ Celerium.DattoRMM ] module help tests.[ Get-DattoRMMAccountComponent ].[ Get-DattoRMMAccountComponent ] contains comment based help" time="0.0085" asserts="0" success="True" result="Success" executed="True" />
                      <test-case description="[ Get-DattoRMMAccountComponent ] contains a synopsis" name="Testing the [ Built ] version of [ Celerium.DattoRMM ] with [ HelpComment.Tests.ps1 ].[ Celerium.DattoRMM ] module help tests.[ Get-DattoRMMAccountComponent ].[ Get-DattoRMMAccountComponent ] contains a synopsis" time="0.005" asserts="0" success="True" result="Success" executed="True" />
                      <test-case description="[ Get-DattoRMMAccountComponent ] contains a description" name="Testing the [ Built ] version of [ Celerium.DattoRMM ] with [ HelpComment.Tests.ps1 ].[ Celerium.DattoRMM ] module help tests.[ Get-DattoRMMAccountComponent ].[ Get-DattoRMMAccountComponent ] contains a description" time="0.005" asserts="0" success="True" result="Success" executed="True" />
                      <test-case description="[ Get-DattoRMMAccountComponent ] contains at least one usage example" name="Testing the [ Built ] version of [ Celerium.DattoRMM ] with [ HelpComment.Tests.ps1 ].[ Celerium.DattoRMM ] module help tests.[ Get-DattoRMMAccountComponent ].[ Get-DattoRMMAccountComponent ] contains at least one usage example" time="0.0065" asserts="0" success="True" result="Success" executed="True" />
                      <test-case description="[ Get-DattoRMMAccountComponent ] contains a note" name="Testing the [ Built ] version of [ Celerium.DattoRMM ] with [ HelpComment.Tests.ps1 ].[ Celerium.DattoRMM ] module help tests.[ Get-DattoRMMAccountComponent ].[ Get-DattoRMMAccountComponent ] contains a note" time="0.0049" asserts="0" success="True" result="Success" executed="True" />
                      <test-case description="[ Get-DattoRMMAccountComponent ] contains a link" name="Testing the [ Built ] version of [ Celerium.DattoRMM ] with [ HelpComment.Tests.ps1 ].[ Celerium.DattoRMM ] module help tests.[ Get-DattoRMMAccountComponent ].[ Get-DattoRMMAccountComponent ] contains a link" time="0.0083" asserts="0" success="True" result="Success" executed="True" />
                      <test-case description="[ Get-DattoRMMAccountComponent ] link should return 200" name="Testing the [ Built ] version of [ Celerium.DattoRMM ] with [ HelpComment.Tests.ps1 ].[ Celerium.DattoRMM ] module help tests.[ Get-DattoRMMAccountComponent ].[ Get-DattoRMMAccountComponent ] link should return 200" time="0.179" asserts="0" success="True" result="Success" executed="True" />
                      <test-suite type="ParameterizedTest" name="Testing the [ Built ] version of [ Celerium.DattoRMM ] with [ HelpComment.Tests.ps1 ].[ Celerium.DattoRMM ] module help tests.[ Get-DattoRMMAccountComponent ].[ Get-DattoRMMAccountComponent ] - Parameter has a description - [ &lt;_.name&gt; ]" executed="True" result="Success" success="True" time="0.0217" asserts="0" description="[ Get-DattoRMMAccountComponent ] - Parameter has a description - [ &lt;_.name&gt; ]">
                        <results>
                          <test-case description="[ Get-DattoRMMAccountComponent ] - Parameter has a description - [ Page ]" name="Testing the [ Built ] version of [ Celerium.DattoRMM ] with [ HelpComment.Tests.ps1 ].[ Celerium.DattoRMM ] module help tests.[ Get-DattoRMMAccountComponent ].[ Get-DattoRMMAccountComponent ] - Parameter has a description - [ Page ]" time="0.0072" asserts="0" success="True" result="Success" executed="True" />
                          <test-case description="[ Get-DattoRMMAccountComponent ] - Parameter has a description - [ Max ]" name="Testing the [ Built ] version of [ Celerium.DattoRMM ] with [ HelpComment.Tests.ps1 ].[ Celerium.DattoRMM ] module help tests.[ Get-DattoRMMAccountComponent ].[ Get-DattoRMMAccountComponent ] - Parameter has a description - [ Max ]" time="0.0054" asserts="0" success="True" result="Success" executed="True" />
                          <test-case description="[ Get-DattoRMMAccountComponent ] - Parameter has a description - [ AllResults ]" name="Testing the [ Built ] version of [ Celerium.DattoRMM ] with [ HelpComment.Tests.ps1 ].[ Celerium.DattoRMM ] module help tests.[ Get-DattoRMMAccountComponent ].[ Get-DattoRMMAccountComponent ] - Parameter has a description - [ AllResults ]" time="0.0091" asserts="0" success="True" result="Success" executed="True" />
                        </results>
                      </test-suite>
                      <test-suite type="ParameterizedTest" name="Testing the [ Built ] version of [ Celerium.DattoRMM ] with [ HelpComment.Tests.ps1 ].[ Celerium.DattoRMM ] module help tests.[ Get-DattoRMMAccountComponent ].[ Get-DattoRMMAccountComponent ] - Example has example code &amp; description   - [ &lt;_.title -replace '-'.''&gt; ]" executed="True" result="Success" success="True" time="0.0158" asserts="0" description="[ Get-DattoRMMAccountComponent ] - Example has example code &amp; description   - [ &lt;_.title -replace '-'.''&gt; ]">
                        <results>
                          <test-case description="[ Get-DattoRMMAccountComponent ] - Example has example code &amp; description   - [  EXAMPLE 1  ]" name="Testing the [ Built ] version of [ Celerium.DattoRMM ] with [ HelpComment.Tests.ps1 ].[ Celerium.DattoRMM ] module help tests.[ Get-DattoRMMAccountComponent ].[ Get-DattoRMMAccountComponent ] - Example has example code &amp; description   - [  EXAMPLE 1  ]" time="0.0088" asserts="0" success="True" result="Success" executed="True" />
                          <test-case description="[ Get-DattoRMMAccountComponent ] - Example has example code &amp; description   - [  EXAMPLE 2  ]" name="Testing the [ Built ] version of [ Celerium.DattoRMM ] with [ HelpComment.Tests.ps1 ].[ Celerium.DattoRMM ] module help tests.[ Get-DattoRMMAccountComponent ].[ Get-DattoRMMAccountComponent ] - Example has example code &amp; description   - [  EXAMPLE 2  ]" time="0.007" asserts="0" success="True" result="Success" executed="True" />
                        </results>
                      </test-suite>
                    </results>
                  </test-suite>
                </results>
              </test-suite>
              <test-suite type="TestFixture" name="Testing the [ Built ] version of [ Celerium.DattoRMM ] with [ HelpComment.Tests.ps1 ].[ Celerium.DattoRMM ] module help tests" executed="True" result="Success" success="True" time="3.015" asserts="0" description="Testing the [ Built ] version of [ Celerium.DattoRMM ] with [ HelpComment.Tests.ps1 ].[ Celerium.DattoRMM ] module help tests">
                <results>
                  <test-suite type="TestFixture" name="Testing the [ Built ] version of [ Celerium.DattoRMM ] with [ HelpComment.Tests.ps1 ].[ Celerium.DattoRMM ] module help tests.[ Get-DattoRMMAccountDevice ]" executed="True" result="Success" success="True" time="0.2943" asserts="0" description="Testing the [ Built ] version of [ Celerium.DattoRMM ] with [ HelpComment.Tests.ps1 ].[ Celerium.DattoRMM ] module help tests.[ Get-DattoRMMAccountDevice ]">
                    <results>
                      <test-case description="[ Get-DattoRMMAccountDevice ] contains comment based help" name="Testing the [ Built ] version of [ Celerium.DattoRMM ] with [ HelpComment.Tests.ps1 ].[ Celerium.DattoRMM ] module help tests.[ Get-DattoRMMAccountDevice ].[ Get-DattoRMMAccountDevice ] contains comment based help" time="0.0053" asserts="0" success="True" result="Success" executed="True" />
                      <test-case description="[ Get-DattoRMMAccountDevice ] contains a synopsis" name="Testing the [ Built ] version of [ Celerium.DattoRMM ] with [ HelpComment.Tests.ps1 ].[ Celerium.DattoRMM ] module help tests.[ Get-DattoRMMAccountDevice ].[ Get-DattoRMMAccountDevice ] contains a synopsis" time="0.005" asserts="0" success="True" result="Success" executed="True" />
                      <test-case description="[ Get-DattoRMMAccountDevice ] contains a description" name="Testing the [ Built ] version of [ Celerium.DattoRMM ] with [ HelpComment.Tests.ps1 ].[ Celerium.DattoRMM ] module help tests.[ Get-DattoRMMAccountDevice ].[ Get-DattoRMMAccountDevice ] contains a description" time="0.0051" asserts="0" success="True" result="Success" executed="True" />
                      <test-case description="[ Get-DattoRMMAccountDevice ] contains at least one usage example" name="Testing the [ Built ] version of [ Celerium.DattoRMM ] with [ HelpComment.Tests.ps1 ].[ Celerium.DattoRMM ] module help tests.[ Get-DattoRMMAccountDevice ].[ Get-DattoRMMAccountDevice ] contains at least one usage example" time="0.0066" asserts="0" success="True" result="Success" executed="True" />
                      <test-case description="[ Get-DattoRMMAccountDevice ] contains a note" name="Testing the [ Built ] version of [ Celerium.DattoRMM ] with [ HelpComment.Tests.ps1 ].[ Celerium.DattoRMM ] module help tests.[ Get-DattoRMMAccountDevice ].[ Get-DattoRMMAccountDevice ] contains a note" time="0.0084" asserts="0" success="True" result="Success" executed="True" />
                      <test-case description="[ Get-DattoRMMAccountDevice ] contains a link" name="Testing the [ Built ] version of [ Celerium.DattoRMM ] with [ HelpComment.Tests.ps1 ].[ Celerium.DattoRMM ] module help tests.[ Get-DattoRMMAccountDevice ].[ Get-DattoRMMAccountDevice ] contains a link" time="0.0051" asserts="0" success="True" result="Success" executed="True" />
                      <test-case description="[ Get-DattoRMMAccountDevice ] link should return 200" name="Testing the [ Built ] version of [ Celerium.DattoRMM ] with [ HelpComment.Tests.ps1 ].[ Celerium.DattoRMM ] module help tests.[ Get-DattoRMMAccountDevice ].[ Get-DattoRMMAccountDevice ] link should return 200" time="0.1774" asserts="0" success="True" result="Success" executed="True" />
                      <test-suite type="ParameterizedTest" name="Testing the [ Built ] version of [ Celerium.DattoRMM ] with [ HelpComment.Tests.ps1 ].[ Celerium.DattoRMM ] module help tests.[ Get-DattoRMMAccountDevice ].[ Get-DattoRMMAccountDevice ] - Parameter has a description - [ &lt;_.name&gt; ]" executed="True" result="Success" success="True" time="0.0529" asserts="0" description="[ Get-DattoRMMAccountDevice ] - Parameter has a description - [ &lt;_.name&gt; ]">
                        <results>
                          <test-case description="[ Get-DattoRMMAccountDevice ] - Parameter has a description - [ FilterID ]" name="Testing the [ Built ] version of [ Celerium.DattoRMM ] with [ HelpComment.Tests.ps1 ].[ Celerium.DattoRMM ] module help tests.[ Get-DattoRMMAccountDevice ].[ Get-DattoRMMAccountDevice ] - Parameter has a description - [ FilterID ]" time="0.0074" asserts="0" success="True" result="Success" executed="True" />
                          <test-case description="[ Get-DattoRMMAccountDevice ] - Parameter has a description - [ Hostname ]" name="Testing the [ Built ] version of [ Celerium.DattoRMM ] with [ HelpComment.Tests.ps1 ].[ Celerium.DattoRMM ] module help tests.[ Get-DattoRMMAccountDevice ].[ Get-DattoRMMAccountDevice ] - Parameter has a description - [ Hostname ]" time="0.0057" asserts="0" success="True" result="Success" executed="True" />
                          <test-case description="[ Get-DattoRMMAccountDevice ] - Parameter has a description - [ DeviceType ]" name="Testing the [ Built ] version of [ Celerium.DattoRMM ] with [ HelpComment.Tests.ps1 ].[ Celerium.DattoRMM ] module help tests.[ Get-DattoRMMAccountDevice ].[ Get-DattoRMMAccountDevice ] - Parameter has a description - [ DeviceType ]" time="0.0088" asserts="0" success="True" result="Success" executed="True" />
                          <test-case description="[ Get-DattoRMMAccountDevice ] - Parameter has a description - [ OperatingSystem ]" name="Testing the [ Built ] version of [ Celerium.DattoRMM ] with [ HelpComment.Tests.ps1 ].[ Celerium.DattoRMM ] module help tests.[ Get-DattoRMMAccountDevice ].[ Get-DattoRMMAccountDevice ] - Parameter has a description - [ OperatingSystem ]" time="0.0057" asserts="0" success="True" result="Success" executed="True" />
                          <test-case description="[ Get-DattoRMMAccountDevice ] - Parameter has a description - [ SiteName ]" name="Testing the [ Built ] version of [ Celerium.DattoRMM ] with [ HelpComment.Tests.ps1 ].[ Celerium.DattoRMM ] module help tests.[ Get-DattoRMMAccountDevice ].[ Get-DattoRMMAccountDevice ] - Parameter has a description - [ SiteName ]" time="0.0053" asserts="0" success="True" result="Success" executed="True" />
                          <test-case description="[ Get-DattoRMMAccountDevice ] - Parameter has a description - [ Page ]" name="Testing the [ Built ] version of [ Celerium.DattoRMM ] with [ HelpComment.Tests.ps1 ].[ Celerium.DattoRMM ] module help tests.[ Get-DattoRMMAccountDevice ].[ Get-DattoRMMAccountDevice ] - Parameter has a description - [ Page ]" time="0.0054" asserts="0" success="True" result="Success" executed="True" />
                          <test-case description="[ Get-DattoRMMAccountDevice ] - Parameter has a description - [ Max ]" name="Testing the [ Built ] version of [ Celerium.DattoRMM ] with [ HelpComment.Tests.ps1 ].[ Celerium.DattoRMM ] module help tests.[ Get-DattoRMMAccountDevice ].[ Get-DattoRMMAccountDevice ] - Parameter has a description - [ Max ]" time="0.0055" asserts="0" success="True" result="Success" executed="True" />
                          <test-case description="[ Get-DattoRMMAccountDevice ] - Parameter has a description - [ AllResults ]" name="Testing the [ Built ] version of [ Celerium.DattoRMM ] with [ HelpComment.Tests.ps1 ].[ Celerium.DattoRMM ] module help tests.[ Get-DattoRMMAccountDevice ].[ Get-DattoRMMAccountDevice ] - Parameter has a description - [ AllResults ]" time="0.009" asserts="0" success="True" result="Success" executed="True" />
                        </results>
                      </test-suite>
                      <test-suite type="ParameterizedTest" name="Testing the [ Built ] version of [ Celerium.DattoRMM ] with [ HelpComment.Tests.ps1 ].[ Celerium.DattoRMM ] module help tests.[ Get-DattoRMMAccountDevice ].[ Get-DattoRMMAccountDevice ] - Example has example code &amp; description   - [ &lt;_.title -replace '-'.''&gt; ]" executed="True" result="Success" success="True" time="0.0155" asserts="0" description="[ Get-DattoRMMAccountDevice ] - Example has example code &amp; description   - [ &lt;_.title -replace '-'.''&gt; ]">
                        <results>
                          <test-case description="[ Get-DattoRMMAccountDevice ] - Example has example code &amp; description   - [  EXAMPLE 1  ]" name="Testing the [ Built ] version of [ Celerium.DattoRMM ] with [ HelpComment.Tests.ps1 ].[ Celerium.DattoRMM ] module help tests.[ Get-DattoRMMAccountDevice ].[ Get-DattoRMMAccountDevice ] - Example has example code &amp; description   - [  EXAMPLE 1  ]" time="0.0088" asserts="0" success="True" result="Success" executed="True" />
                          <test-case description="[ Get-DattoRMMAccountDevice ] - Example has example code &amp; description   - [  EXAMPLE 2  ]" name="Testing the [ Built ] version of [ Celerium.DattoRMM ] with [ HelpComment.Tests.ps1 ].[ Celerium.DattoRMM ] module help tests.[ Get-DattoRMMAccountDevice ].[ Get-DattoRMMAccountDevice ] - Example has example code &amp; description   - [  EXAMPLE 2  ]" time="0.0068" asserts="0" success="True" result="Success" executed="True" />
                        </results>
                      </test-suite>
                    </results>
                  </test-suite>
                </results>
              </test-suite>
              <test-suite type="TestFixture" name="Testing the [ Built ] version of [ Celerium.DattoRMM ] with [ HelpComment.Tests.ps1 ].[ Celerium.DattoRMM ] module help tests" executed="True" result="Success" success="True" time="3.2996" asserts="0" description="Testing the [ Built ] version of [ Celerium.DattoRMM ] with [ HelpComment.Tests.ps1 ].[ Celerium.DattoRMM ] module help tests">
                <results>
                  <test-suite type="TestFixture" name="Testing the [ Built ] version of [ Celerium.DattoRMM ] with [ HelpComment.Tests.ps1 ].[ Celerium.DattoRMM ] module help tests.[ Get-DattoRMMAccountDnetSiteMapping ]" executed="True" result="Success" success="True" time="0.2761" asserts="0" description="Testing the [ Built ] version of [ Celerium.DattoRMM ] with [ HelpComment.Tests.ps1 ].[ Celerium.DattoRMM ] module help tests.[ Get-DattoRMMAccountDnetSiteMapping ]">
                    <results>
                      <test-case description="[ Get-DattoRMMAccountDnetSiteMapping ] contains comment based help" name="Testing the [ Built ] version of [ Celerium.DattoRMM ] with [ HelpComment.Tests.ps1 ].[ Celerium.DattoRMM ] module help tests.[ Get-DattoRMMAccountDnetSiteMapping ].[ Get-DattoRMMAccountDnetSiteMapping ] contains comment based help" time="0.0053" asserts="0" success="True" result="Success" executed="True" />
                      <test-case description="[ Get-DattoRMMAccountDnetSiteMapping ] contains a synopsis" name="Testing the [ Built ] version of [ Celerium.DattoRMM ] with [ HelpComment.Tests.ps1 ].[ Celerium.DattoRMM ] module help tests.[ Get-DattoRMMAccountDnetSiteMapping ].[ Get-DattoRMMAccountDnetSiteMapping ] contains a synopsis" time="0.0049" asserts="0" success="True" result="Success" executed="True" />
                      <test-case description="[ Get-DattoRMMAccountDnetSiteMapping ] contains a description" name="Testing the [ Built ] version of [ Celerium.DattoRMM ] with [ HelpComment.Tests.ps1 ].[ Celerium.DattoRMM ] module help tests.[ Get-DattoRMMAccountDnetSiteMapping ].[ Get-DattoRMMAccountDnetSiteMapping ] contains a description" time="0.0048" asserts="0" success="True" result="Success" executed="True" />
                      <test-case description="[ Get-DattoRMMAccountDnetSiteMapping ] contains at least one usage example" name="Testing the [ Built ] version of [ Celerium.DattoRMM ] with [ HelpComment.Tests.ps1 ].[ Celerium.DattoRMM ] module help tests.[ Get-DattoRMMAccountDnetSiteMapping ].[ Get-DattoRMMAccountDnetSiteMapping ] contains at least one usage example" time="0.0063" asserts="0" success="True" result="Success" executed="True" />
                      <test-case description="[ Get-DattoRMMAccountDnetSiteMapping ] contains a note" name="Testing the [ Built ] version of [ Celerium.DattoRMM ] with [ HelpComment.Tests.ps1 ].[ Celerium.DattoRMM ] module help tests.[ Get-DattoRMMAccountDnetSiteMapping ].[ Get-DattoRMMAccountDnetSiteMapping ] contains a note" time="0.0049" asserts="0" success="True" result="Success" executed="True" />
                      <test-case description="[ Get-DattoRMMAccountDnetSiteMapping ] contains a link" name="Testing the [ Built ] version of [ Celerium.DattoRMM ] with [ HelpComment.Tests.ps1 ].[ Celerium.DattoRMM ] module help tests.[ Get-DattoRMMAccountDnetSiteMapping ].[ Get-DattoRMMAccountDnetSiteMapping ] contains a link" time="0.0086" asserts="0" success="True" result="Success" executed="True" />
                      <test-case description="[ Get-DattoRMMAccountDnetSiteMapping ] link should return 200" name="Testing the [ Built ] version of [ Celerium.DattoRMM ] with [ HelpComment.Tests.ps1 ].[ Celerium.DattoRMM ] module help tests.[ Get-DattoRMMAccountDnetSiteMapping ].[ Get-DattoRMMAccountDnetSiteMapping ] link should return 200" time="0.1892" asserts="0" success="True" result="Success" executed="True" />
                      <test-suite type="ParameterizedTest" name="Testing the [ Built ] version of [ Celerium.DattoRMM ] with [ HelpComment.Tests.ps1 ].[ Celerium.DattoRMM ] module help tests.[ Get-DattoRMMAccountDnetSiteMapping ].[ Get-DattoRMMAccountDnetSiteMapping ] - Parameter has a description - [ &lt;_.name&gt; ]" executed="True" result="Success" success="True" time="0.0222" asserts="0" description="[ Get-DattoRMMAccountDnetSiteMapping ] - Parameter has a description - [ &lt;_.name&gt; ]">
                        <results>
[...]
                  <test-case description="With parameter -DataCenter Merlot should return the default URI" name="Testing [ Add-DattoRMMBaseURI ] functions with [ Add-DattoRMMBaseURI.Tests.ps1 ].[ Add-DattoRMMBaseURI ] testing functions.With parameter -DataCenter Merlot should return the default URI" time="0.0086" asserts="0" success="True" result="Success" executed="True" />
                  <test-case description="With parameter -DataCenter Pinotage should return the default URI" name="Testing [ Add-DattoRMMBaseURI ] functions with [ Add-DattoRMMBaseURI.Tests.ps1 ].[ Add-DattoRMMBaseURI ] testing functions.With parameter -DataCenter Pinotage should return the default URI" time="0.0087" asserts="0" success="True" result="Success" executed="True" />
                  <test-case description="With parameter -DataCenter Syrah should return the default URI" name="Testing [ Add-DattoRMMBaseURI ] functions with [ Add-DattoRMMBaseURI.Tests.ps1 ].[ Add-DattoRMMBaseURI ] testing functions.With parameter -DataCenter Syrah should return the default URI" time="0.0085" asserts="0" success="True" result="Success" executed="True" />
                  <test-case description="With parameter -DataCenter Vidal should return the default URI" name="Testing [ Add-DattoRMMBaseURI ] functions with [ Add-DattoRMMBaseURI.Tests.ps1 ].[ Add-DattoRMMBaseURI ] testing functions.With parameter -DataCenter Vidal should return the default URI" time="0.0085" asserts="0" success="True" result="Success" executed="True" />
                  <test-case description="With parameter -DataCenter Zinfandel should return the default URI" name="Testing [ Add-DattoRMMBaseURI ] functions with [ Add-DattoRMMBaseURI.Tests.ps1 ].[ Add-DattoRMMBaseURI ] testing functions.With parameter -DataCenter Zinfandel should return the default URI" time="0.0086" asserts="0" success="True" result="Success" executed="True" />
                  <test-case description="With invalid parameter value -DataCenter Space should return an error" name="Testing [ Add-DattoRMMBaseURI ] functions with [ Add-DattoRMMBaseURI.Tests.ps1 ].[ Add-DattoRMMBaseURI ] testing functions.With invalid parameter value -DataCenter Space should return an error" time="0.1343" asserts="0" success="True" result="Success" executed="True" />
                  <test-case description="The default URI should NOT contain a trailing forward slash" name="Testing [ Add-DattoRMMBaseURI ] functions with [ Add-DattoRMMBaseURI.Tests.ps1 ].[ Add-DattoRMMBaseURI ] testing functions.The default URI should NOT contain a trailing forward slash" time="0.0452" asserts="0" success="True" result="Success" executed="True" />
                  <test-case description="A custom URI should NOT contain a trailing forward slash" name="Testing [ Add-DattoRMMBaseURI ] functions with [ Add-DattoRMMBaseURI.Tests.ps1 ].[ Add-DattoRMMBaseURI ] testing functions.A custom URI should NOT contain a trailing forward slash" time="0.0097" asserts="0" success="True" result="Success" executed="True" />
                </results>
              </test-suite>
            </results>
          </test-suite>
        </results>
      </test-suite>
      <test-suite type="TestFixture" name="C:\Celerium\Projects\_API\Celerium.DattoRMM\tests\Private\BaseUri\Get-DattoRMMBaseURI.Tests.ps1" executed="True" result="Success" success="True" time="0.398" asserts="0" description="C:\Celerium\Projects\_API\Celerium.DattoRMM\tests\Private\BaseUri\Get-DattoRMMBaseURI.Tests.ps1">
        <results>
          <test-suite type="TestFixture" name="Testing [ Get-DattoRMMBaseURI ] function with [ Get-DattoRMMBaseURI.Tests.ps1 ]" executed="True" result="Success" success="True" time="0.0624" asserts="0" description="Testing [ Get-DattoRMMBaseURI ] function with [ Get-DattoRMMBaseURI.Tests.ps1 ]">
            <results>
              <test-suite type="TestFixture" name="Testing [ Get-DattoRMMBaseURI ] function with [ Get-DattoRMMBaseURI.Tests.ps1 ].[ Get-DattoRMMBaseURI ] testing function" executed="True" result="Success" success="True" time="0.054" asserts="0" description="Testing [ Get-DattoRMMBaseURI ] function with [ Get-DattoRMMBaseURI.Tests.ps1 ].[ Get-DattoRMMBaseURI ] testing function">
                <results>
                  <test-case description="The default URI should be returned" name="Testing [ Get-DattoRMMBaseURI ] function with [ Get-DattoRMMBaseURI.Tests.ps1 ].[ Get-DattoRMMBaseURI ] testing function.The default URI should be returned" time="0.0092" asserts="0" success="True" result="Success" executed="True" />
                  <test-case description="The URI should be a string" name="Testing [ Get-DattoRMMBaseURI ] function with [ Get-DattoRMMBaseURI.Tests.ps1 ].[ Get-DattoRMMBaseURI ] testing function.The URI should be a string" time="0.0112" asserts="0" success="True" result="Success" executed="True" />
                  <test-case description="The default URI should NOT contain a trailing forward slash" name="Testing [ Get-DattoRMMBaseURI ] function with [ Get-DattoRMMBaseURI.Tests.ps1 ].[ Get-DattoRMMBaseURI ] testing function.The default URI should NOT contain a trailing forward slash" time="0.0082" asserts="0" success="True" result="Success" executed="True" />
                  <test-case description="A custom URI should NOT contain a trailing forward slash" name="Testing [ Get-DattoRMMBaseURI ] function with [ Get-DattoRMMBaseURI.Tests.ps1 ].[ Get-DattoRMMBaseURI ] testing function.A custom URI should NOT contain a trailing forward slash" time="0.0078" asserts="0" success="True" result="Success" executed="True" />
                  <test-case description="If the baseUri is not set a warning should be thrown" name="Testing [ Get-DattoRMMBaseURI ] function with [ Get-DattoRMMBaseURI.Tests.ps1 ].[ Get-DattoRMMBaseURI ] testing function.If the baseUri is not set a warning should be thrown" time="0.0081" asserts="0" success="True" result="Success" executed="True" />
                </results>
              </test-suite>
            </results>
          </test-suite>
        </results>
      </test-suite>
      <test-suite type="TestFixture" name="C:\Celerium\Projects\_API\Celerium.DattoRMM\tests\Private\BaseUri\Remove-DattoRMMBaseURI.Tests.ps1" executed="True" result="Success" success="True" time="0.4467" asserts="0" description="C:\Celerium\Projects\_API\Celerium.DattoRMM\tests\Private\BaseUri\Remove-DattoRMMBaseURI.Tests.ps1">
        <results>
          <test-suite type="TestFixture" name="Testing [ Remove-DattoRMMBaseURI ] function with [ Remove-DattoRMMBaseURI.Tests.ps1 ]" executed="True" result="Success" success="True" time="0.0349" asserts="0" description="Testing [ Remove-DattoRMMBaseURI ] function with [ Remove-DattoRMMBaseURI.Tests.ps1 ]">
            <results>
              <test-suite type="TestFixture" name="Testing [ Remove-DattoRMMBaseURI ] function with [ Remove-DattoRMMBaseURI.Tests.ps1 ].[ Remove-DattoRMMBaseURI ] testing function" executed="True" result="Success" success="True" time="0.0265" asserts="0" description="Testing [ Remove-DattoRMMBaseURI ] function with [ Remove-DattoRMMBaseURI.Tests.ps1 ].[ Remove-DattoRMMBaseURI ] testing function">
                <results>
                  <test-case description="The baseUri variable should not longer exist" name="Testing [ Remove-DattoRMMBaseURI ] function with [ Remove-DattoRMMBaseURI.Tests.ps1 ].[ Remove-DattoRMMBaseURI ] testing function.The baseUri variable should not longer exist" time="0.0087" asserts="0" success="True" result="Success" executed="True" />
                  <test-case description="If the baseUri is already gone a warning should be thrown" name="Testing [ Remove-DattoRMMBaseURI ] function with [ Remove-DattoRMMBaseURI.Tests.ps1 ].[ Remove-DattoRMMBaseURI ] testing function.If the baseUri is already gone a warning should be thrown" time="0.0088" asserts="0" success="True" result="Success" executed="True" />
                </results>
              </test-suite>
            </results>
          </test-suite>
        </results>
      </test-suite>
      <test-suite type="TestFixture" name="C:\Celerium\Projects\_API\Celerium.DattoRMM\tests\Private\ModuleSettings\Export-DattoRMMModuleSettings.Tests.ps1" executed="True" result="Success" success="True" time="0.5188" asserts="0" description="C:\Celerium\Projects\_API\Celerium.DattoRMM\tests\Private\ModuleSettings\Export-DattoRMMModuleSettings.Tests.ps1">
        <results>
          <test-suite type="TestFixture" name="Testing [ Export-DattoRMMModuleSettings ] function with [ Export-DattoRMMModuleSettings.Tests.ps1 ]" executed="True" result="Success" success="True" time="0.1452" asserts="0" description="Testing [ Export-DattoRMMModuleSettings ] function with [ Export-DattoRMMModuleSettings.Tests.ps1 ]">
            <results>
              <test-suite type="TestFixture" name="Testing [ Export-DattoRMMModuleSettings ] function with [ Export-DattoRMMModuleSettings.Tests.ps1 ].[ Export-DattoRMMModuleSettings ] testing function" executed="True" result="Success" success="True" time="0.1363" asserts="0" description="Testing [ Export-DattoRMMModuleSettings ] function with [ Export-DattoRMMModuleSettings.Tests.ps1 ].[ Export-DattoRMMModuleSettings ] testing function">
                <results>
                  <test-case description="Should export successfully" name="Testing [ Export-DattoRMMModuleSettings ] function with [ Export-DattoRMMModuleSettings.Tests.ps1 ].[ Export-DattoRMMModuleSettings ] testing function.Should export successfully" time="0.0366" asserts="0" success="True" result="Success" executed="True" />
                  <test-case description="Configuration directory should be hidden" name="Testing [ Export-DattoRMMModuleSettings ] function with [ Export-DattoRMMModuleSettings.Tests.ps1 ].[ Export-DattoRMMModuleSettings ] testing function.Configuration directory should be hidden" time="0.0533" asserts="0" success="True" result="Success" executed="True" />
                  <test-case description="Configuration file should contain required values" name="Testing [ Export-DattoRMMModuleSettings ] function with [ Export-DattoRMMModuleSettings.Tests.ps1 ].[ Export-DattoRMMModuleSettings ] testing function.Configuration file should contain required values" time="0.0369" asserts="0" success="True" result="Success" executed="True" />
                </results>
              </test-suite>
            </results>
          </test-suite>
        </results>
      </test-suite>
      <test-suite type="TestFixture" name="C:\Celerium\Projects\_API\Celerium.DattoRMM\tests\Private\ModuleSettings\Get-DattoRMMModuleSettings.Tests.ps1" executed="True" result="Success" success="True" time="0.4355" asserts="0" description="C:\Celerium\Projects\_API\Celerium.DattoRMM\tests\Private\ModuleSettings\Get-DattoRMMModuleSettings.Tests.ps1">
        <results>
          <test-suite type="TestFixture" name="Testing [ Get-DattoRMMModuleSettings ] function with [ Get-DattoRMMModuleSettings.Tests.ps1 ]" executed="True" result="Success" success="True" time="0.0716" asserts="0" description="Testing [ Get-DattoRMMModuleSettings ] function with [ Get-DattoRMMModuleSettings.Tests.ps1 ]">
            <results>
              <test-suite type="TestFixture" name="Testing [ Get-DattoRMMModuleSettings ] function with [ Get-DattoRMMModuleSettings.Tests.ps1 ].[ Get-DattoRMMModuleSettings ] testing function" executed="True" result="Success" success="True" time="0.0633" asserts="0" description="Testing [ Get-DattoRMMModuleSettings ] function with [ Get-DattoRMMModuleSettings.Tests.ps1 ].[ Get-DattoRMMModuleSettings ] testing function">
                <results>
                  <test-case description="Configuration directory should be hidden" name="Testing [ Get-DattoRMMModuleSettings ] function with [ Get-DattoRMMModuleSettings.Tests.ps1 ].[ Get-DattoRMMModuleSettings ] testing function.Configuration directory should be hidden" time="0.0155" asserts="0" success="True" result="Success" executed="True" />
                  <test-case description="Configuration file should contain required values" name="Testing [ Get-DattoRMMModuleSettings ] function with [ Get-DattoRMMModuleSettings.Tests.ps1 ].[ Get-DattoRMMModuleSettings ] testing function.Configuration file should contain required values" time="0.0392" asserts="0" success="True" result="Success" executed="True" />
                </results>
              </test-suite>
            </results>
          </test-suite>
        </results>
      </test-suite>
      <test-suite type="TestFixture" name="C:\Celerium\Projects\_API\Celerium.DattoRMM\tests\Private\ModuleSettings\Import-DattoRMMModuleSettings.Tests.ps1" executed="True" result="Success" success="True" time="0.4687" asserts="0" description="C:\Celerium\Projects\_API\Celerium.DattoRMM\tests\Private\ModuleSettings\Import-DattoRMMModuleSettings.Tests.ps1">
        <results>
          <test-suite type="TestFixture" name="Testing [ Import-DattoRMMModuleSettings ] function with [ Import-DattoRMMModuleSettings.Tests.ps1 ]" executed="True" result="Success" success="True" time="0.1037" asserts="0" description="Testing [ Import-DattoRMMModuleSettings ] function with [ Import-DattoRMMModuleSettings.Tests.ps1 ]">
            <results>
              <test-suite type="TestFixture" name="Testing [ Import-DattoRMMModuleSettings ] function with [ Import-DattoRMMModuleSettings.Tests.ps1 ].[ Import-DattoRMMModuleSettings ] testing function" executed="True" result="Success" success="True" time="0.0952" asserts="0" description="Testing [ Import-DattoRMMModuleSettings ] function with [ Import-DattoRMMModuleSettings.Tests.ps1 ].[ Import-DattoRMMModuleSettings ] testing function">
                <results>
                  <test-case description="No configuration should populate baseline variables" name="Testing [ Import-DattoRMMModuleSettings ] function with [ Import-DattoRMMModuleSettings.Tests.ps1 ].[ Import-DattoRMMModuleSettings ] testing function.No configuration should populate baseline variables" time="0.0156" asserts="0" success="True" result="Success" executed="True" />
                  <test-case description="Saved configuration session should contain required variables" name="Testing [ Import-DattoRMMModuleSettings ] function with [ Import-DattoRMMModuleSettings.Tests.ps1 ].[ Import-DattoRMMModuleSettings ] testing function.Saved configuration session should contain required variables" time="0.0348" asserts="0" success="True" result="Success" executed="True" />
                  <test-case description="Saved configuration session should NOT contain temp variables" name="Testing [ Import-DattoRMMModuleSettings ] function with [ Import-DattoRMMModuleSettings.Tests.ps1 ].[ Import-DattoRMMModuleSettings ] testing function.Saved configuration session should NOT contain temp variables" time="0.0335" asserts="0" success="True" result="Success" executed="True" />
                </results>
              </test-suite>
            </results>
          </test-suite>
        </results>
      </test-suite>
      <test-suite type="TestFixture" name="C:\Celerium\Projects\_API\Celerium.DattoRMM\tests\Private\ModuleSettings\Initialize-DattoRMMModuleSettings.Tests.ps1" executed="True" result="Success" success="True" time="1.1636" asserts="0" description="C:\Celerium\Projects\_API\Celerium.DattoRMM\tests\Private\ModuleSettings\Initialize-DattoRMMModuleSettings.Tests.ps1">
        <results>
          <test-suite type="TestFixture" name="Testing [ Initialize-DattoRMMModuleSettings ] function with [ Initialize-DattoRMMModuleSettings.Tests.ps1 ]" executed="True" result="Success" success="True" time="0.8038" asserts="0" description="Testing [ Initialize-DattoRMMModuleSettings ] function with [ Initialize-DattoRMMModuleSettings.Tests.ps1 ]">
            <results>
              <test-suite type="TestFixture" name="Testing [ Initialize-DattoRMMModuleSettings ] function with [ Initialize-DattoRMMModuleSettings.Tests.ps1 ].[ Initialize-DattoRMMModuleSettings ] testing function" executed="True" result="Success" success="True" time="0.7922" asserts="0" description="Testing [ Initialize-DattoRMMModuleSettings ] function with [ Initialize-DattoRMMModuleSettings.Tests.ps1 ].[ Initialize-DattoRMMModuleSettings ] testing function">
                <results>
                  <test-case description="When imported WITHOUT a saved configuration baseline variables should exist" name="Testing [ Initialize-DattoRMMModuleSettings ] function with [ Initialize-DattoRMMModuleSettings.Tests.ps1 ].[ Initialize-DattoRMMModuleSettings ] testing function.When imported WITHOUT a saved configuration baseline variables should exist" time="0.2778" asserts="0" success="True" result="Success" executed="True" />
                  <test-case description="When imported WITH a saved configuration baseline variables should exist" name="Testing [ Initialize-DattoRMMModuleSettings ] function with [ Initialize-DattoRMMModuleSettings.Tests.ps1 ].[ Initialize-DattoRMMModuleSettings ] testing function.When imported WITH a saved configuration baseline variables should exist" time="0.5012" asserts="0" success="True" result="Success" executed="True" />
                </results>
              </test-suite>
            </results>
          </test-suite>
        </results>
      </test-suite>
      <test-suite type="TestFixture" name="C:\Celerium\Projects\_API\Celerium.DattoRMM\tests\Private\ModuleSettings\Remove-DattoRMMModuleSettings.Tests.ps1" executed="True" result="Success" success="True" time="0.4331" asserts="0" description="C:\Celerium\Projects\_API\Celerium.DattoRMM\tests\Private\ModuleSettings\Remove-DattoRMMModuleSettings.Tests.ps1">
        <results>
          <test-suite type="TestFixture" name="Testing [ Remove-DattoRMMModuleSettings ] function with [ Remove-DattoRMMModuleSettings.Tests.ps1 ]" executed="True" result="Success" success="True" time="0.0781" asserts="0" description="Testing [ Remove-DattoRMMModuleSettings ] function with [ Remove-DattoRMMModuleSettings.Tests.ps1 ]">
            <results>
              <test-suite type="TestFixture" name="Testing [ Remove-DattoRMMModuleSettings ] function with [ Remove-DattoRMMModuleSettings.Tests.ps1 ].[ Remove-DattoRMMModuleSettings ] testing function" executed="True" result="Success" success="True" time="0.0696" asserts="0" description="Testing [ Remove-DattoRMMModuleSettings ] function with [ Remove-DattoRMMModuleSettings.Tests.ps1 ].[ Remove-DattoRMMModuleSettings ] testing function">
                <results>
                  <test-case description="No configuration should throw a warning" name="Testing [ Remove-DattoRMMModuleSettings ] function with [ Remove-DattoRMMModuleSettings.Tests.ps1 ].[ Remove-DattoRMMModuleSettings ] testing function.No configuration should throw a warning" time="0.0122" asserts="0" success="True" result="Success" executed="True" />
                  <test-case description="Saved configuration should be removed" name="Testing [ Remove-DattoRMMModuleSettings ] function with [ Remove-DattoRMMModuleSettings.Tests.ps1 ].[ Remove-DattoRMMModuleSettings ] testing function.Saved configuration should be removed" time="0.024" asserts="0" success="True" result="Success" executed="True" />
                  <test-case description="Saved configuration &amp; variables should be removed" name="Testing [ Remove-DattoRMMModuleSettings ] function with [ Remove-DattoRMMModuleSettings.Tests.ps1 ].[ Remove-DattoRMMModuleSettings ] testing function.Saved configuration &amp; variables should be removed" time="0.0245" asserts="0" success="True" result="Success" executed="True" />
                </results>
              </test-suite>
            </results>
          </test-suite>
        </results>
      </test-suite>
    </results>
  </test-suite>
</test-results>